[Sat Dec  6 03:02:12 2025] Fetching listings:   0%
HTTP error: 403 Forbidden
Retrying URL: https://www.tvguide.co.uk/channellisting.asp?ch=140&cTime=12%2F07%2F2025%2000%3A00%3A00 (attempt 1 of 5) 
HTTP error: 403 Forbidden
Retrying URL: https://www.tvguide.co.uk/channellisting.asp?ch=140&cTime=12%2F07%2F2025%2000%3A00%3A00 (attempt 2 of 5) 
HTTP error: 403 Forbidden
Retrying URL: https://www.tvguide.co.uk/channellisting.asp?ch=140&cTime=12%2F07%2F2025%2000%3A00%3A00 (attempt 3 of 5) 
HTTP error: 403 Forbidden
Retrying URL: https://www.tvguide.co.uk/channellisting.asp?ch=140&cTime=12%2F07%2F2025%2000%3A00%3A00 (attempt 4 of 5) 
HTTP error: 403 Forbidden
Retrying URL: https://www.tvguide.co.uk/channellisting.asp?ch=140&cTime=12%2F07%2F2025%2000%3A00%3A00 (attempt 5 of 5) 
HTTP error: 403 Forbidden
Could not parse the page
[Sat Dec  6 03:02:27 2025] Fetching listings:   2%
HTTP error: 403 Forbidden
Retrying URL: https://www.tvguide.co.uk/channellisting.asp?ch=140&cTime=12%2F08%2F2025%2000%3A00%3A00 (attempt 1 of 5) 
HTTP error: 403 Forbidden
Retrying URL: https://www.tvguide.co.uk/channellisting.asp?ch=140&cTime=12%2F08%2F2025%2000%3A00%3A00 (attempt 2 of 5) 
HTTP error: 403 Forbidden
Retrying URL: https://www.tvguide.co.uk/channellisting.asp?ch=140&cTime=12%2F08%2F2025%2000%3A00%3A00 (attempt 3 of 5) 
HTTP error: 403 Forbidden
Retrying URL: https://www.tvguide.co.uk/channellisting.asp?ch=140&cTime=12%2F08%2F2025%2000%3A00%3A00 (attempt 4 of 5) 
HTTP error: 403 Forbidden
Retrying URL: https://www.tvguide.co.uk/channellisting.asp?ch=140&cTime=12%2F08%2F2025%2000%3A00%3A00 (attempt 5 of 5) 
HTTP error: 403 Forbidden
Could not parse the page
[Sat Dec  6 03:02:42 2025] Fetching listings:   4%
HTTP error: 403 Forbidden
Retrying URL: https://www.tvguide.co.uk/channellisting.asp?ch=178&cTime=12%2F07%2F2025%2000%3A00%3A00 (attempt 1 of 5) 
HTTP error: 403 Forbidden
Retrying URL: https://www.tvguide.co.uk/channellisting.asp?ch=178&cTime=12%2F07%2F2025%2000%3A00%3A00 (attempt 2 of 5) 
HTTP error: 403 Forbidden
Retrying URL: https://www.tvguide.co.uk/channellisting.asp?ch=178&cTime=12%2F07%2F2025%2000%3A00%3A00 (attempt 3 of 5) 
HTTP error: 403 Forbidden
Retrying URL: https://www.tvguide.co.uk/channellisting.asp?ch=178&cTime=12%2F07%2F2025%2000%3A00%3A00 (attempt 4 of 5) 
HTTP error: 403 Forbidden
Retrying URL: https://www.tvguide.co.uk/channellisting.asp?ch=178&cTime=12%2F07%2F2025%2000%3A00%3A00 (attempt 5 of 5) 
HTTP error: 403 Forbidden
Could not parse the page
[Sat Dec  6 03:02:55 2025] Fetching listings:   6%
HTTP error: 403 Forbidden
Retrying URL: https://www.tvguide.co.uk/channellisting.asp?ch=178&cTime=12%2F08%2F2025%2000%3A00%3A00 (attempt 1 of 5) 
HTTP error: 403 Forbidden
Retrying URL: https://www.tvguide.co.uk/channellisting.asp?ch=178&cTime=12%2F08%2F2025%2000%3A00%3A00 (attempt 2 of 5) 
HTTP error: 403 Forbidden
Retrying URL: https://www.tvguide.co.uk/channellisting.asp?ch=178&cTime=12%2F08%2F2025%2000%3A00%3A00 (attempt 3 of 5) 
HTTP error: 403 Forbidden
Retrying URL: https://www.tvguide.co.uk/channellisting.asp?ch=178&cTime=12%2F08%2F2025%2000%3A00%3A00 (attempt 4 of 5) 
HTTP error: 403 Forbidden
Retrying URL: https://www.tvguide.co.uk/channellisting.asp?ch=178&cTime=12%2F08%2F2025%2000%3A00%3A00 (attempt 5 of 5) 
HTTP error: 403 Forbidden
Could not parse the page
[Sat Dec  6 03:03:09 2025] Fetching listings:   8%
HTTP error: 403 Forbidden
Retrying URL: https://www.tvguide.co.uk/channellisting.asp?ch=185&cTime=12%2F07%2F2025%2000%3A00%3A00 (attempt 1 of 5) 
HTTP error: 403 Forbidden
Retrying URL: https://www.tvguide.co.uk/channellisting.asp?ch=185&cTime=12%2F07%2F2025%2000%3A00%3A00 (attempt 2 of 5) 
HTTP error: 403 Forbidden
Retrying URL: https://www.tvguide.co.uk/channellisting.asp?ch=185&cTime=12%2F07%2F2025%2000%3A00%3A00 (attempt 3 of 5) 
HTTP error: 403 Forbidden
Retrying URL: https://www.tvguide.co.uk/channellisting.asp?ch=185&cTime=12%2F07%2F2025%2000%3A00%3A00 (attempt 4 of 5) 
HTTP error: 403 Forbidden
Retrying URL: https://www.tvguide.co.uk/channellisting.asp?ch=185&cTime=12%2F07%2F2025%2000%3A00%3A00 (attempt 5 of 5) 
HTTP error: 403 Forbidden
Could not parse the page
[Sat Dec  6 03:03:18 2025] Fetching listings:  10%
HTTP error: 403 Forbidden
Retrying URL: https://www.tvguide.co.uk/channellisting.asp?ch=185&cTime=12%2F08%2F2025%2000%3A00%3A00 (attempt 1 of 5) 
HTTP error: 403 Forbidden
Retrying URL: https://www.tvguide.co.uk/channellisting.asp?ch=185&cTime=12%2F08%2F2025%2000%3A00%3A00 (attempt 2 of 5) 
HTTP error: 403 Forbidden
Retrying URL: https://www.tvguide.co.uk/channellisting.asp?ch=185&cTime=12%2F08%2F2025%2000%3A00%3A00 (attempt 3 of 5) 
HTTP error: 403 Forbidden
Retrying URL: https://www.tvguide.co.uk/channellisting.asp?ch=185&cTime=12%2F08%2F2025%2000%3A00%3A00 (attempt 4 of 5) 
HTTP error: 403 Forbidden
Retrying URL: https://www.tvguide.co.uk/channellisting.asp?ch=185&cTime=12%2F08%2F2025%2000%3A00%3A00 (attempt 5 of 5) 
HTTP error: 403 Forbidden
Could not parse the page
[Sat Dec  6 03:03:33 2025] Fetching listings:  12%
HTTP error: 403 Forbidden
Retrying URL: https://www.tvguide.co.uk/channellisting.asp?ch=182&cTime=12%2F07%2F2025%2000%3A00%3A00 (attempt 1 of 5) 
HTTP error: 403 Forbidden
Retrying URL: https://www.tvguide.co.uk/channellisting.asp?ch=182&cTime=12%2F07%2F2025%2000%3A00%3A00 (attempt 2 of 5) 
HTTP error: 403 Forbidden
Retrying URL: https://www.tvguide.co.uk/channellisting.asp?ch=182&cTime=12%2F07%2F2025%2000%3A00%3A00 (attempt 3 of 5) 
HTTP error: 403 Forbidden
Retrying URL: https://www.tvguide.co.uk/channellisting.asp?ch=182&cTime=12%2F07%2F2025%2000%3A00%3A00 (attempt 4 of 5) 
HTTP error: 403 Forbidden
Retrying URL: https://www.tvguide.co.uk/channellisting.asp?ch=182&cTime=12%2F07%2F2025%2000%3A00%3A00 (attempt 5 of 5) 
HTTP error: 403 Forbidden
Could not parse the page
[Sat Dec  6 03:03:40 2025] Fetching listings:  14%
HTTP error: 403 Forbidden
Retrying URL: https://www.tvguide.co.uk/channellisting.asp?ch=182&cTime=12%2F08%2F2025%2000%3A00%3A00 (attempt 1 of 5) 
HTTP error: 403 Forbidden
Retrying URL: https://www.tvguide.co.uk/channellisting.asp?ch=182&cTime=12%2F08%2F2025%2000%3A00%3A00 (attempt 2 of 5) 
HTTP error: 403 Forbidden
Retrying URL: https://www.tvguide.co.uk/channellisting.asp?ch=182&cTime=12%2F08%2F2025%2000%3A00%3A00 (attempt 3 of 5) 
HTTP error: 403 Forbidden
Retrying URL: https://www.tvguide.co.uk/channellisting.asp?ch=182&cTime=12%2F08%2F2025%2000%3A00%3A00 (attempt 4 of 5) 
HTTP error: 403 Forbidden
Retrying URL: https://www.tvguide.co.uk/channellisting.asp?ch=182&cTime=12%2F08%2F2025%2000%3A00%3A00 (attempt 5 of 5) 
HTTP error: 403 Forbidden
Could not parse the page
[Sat Dec  6 03:03:56 2025] Fetching listings:  16%
HTTP error: 403 Forbidden
Retrying URL: https://www.tvguide.co.uk/channellisting.asp?ch=257&cTime=12%2F07%2F2025%2000%3A00%3A00 (attempt 1 of 5) 
HTTP error: 403 Forbidden
Retrying URL: https://www.tvguide.co.uk/channellisting.asp?ch=257&cTime=12%2F07%2F2025%2000%3A00%3A00 (attempt 2 of 5) 
HTTP error: 403 Forbidden
Retrying URL: https://www.tvguide.co.uk/channellisting.asp?ch=257&cTime=12%2F07%2F2025%2000%3A00%3A00 (attempt 3 of 5) 
HTTP error: 403 Forbidden
Retrying URL: https://www.tvguide.co.uk/channellisting.asp?ch=257&cTime=12%2F07%2F2025%2000%3A00%3A00 (attempt 4 of 5) 
HTTP error: 403 Forbidden
Retrying URL: https://www.tvguide.co.uk/channellisting.asp?ch=257&cTime=12%2F07%2F2025%2000%3A00%3A00 (attempt 5 of 5) 
HTTP error: 403 Forbidden
Could not parse the page
[Sat Dec  6 03:04:12 2025] Fetching listings:  18%
HTTP error: 403 Forbidden
Retrying URL: https://www.tvguide.co.uk/channellisting.asp?ch=257&cTime=12%2F08%2F2025%2000%3A00%3A00 (attempt 1 of 5) 
HTTP error: 403 Forbidden
Retrying URL: https://www.tvguide.co.uk/channellisting.asp?ch=257&cTime=12%2F08%2F2025%2000%3A00%3A00 (attempt 2 of 5) 
HTTP error: 403 Forbidden
Retrying URL: https://www.tvguide.co.uk/channellisting.asp?ch=257&cTime=12%2F08%2F2025%2000%3A00%3A00 (attempt 3 of 5) 
HTTP error: 403 Forbidden
Retrying URL: https://www.tvguide.co.uk/channellisting.asp?ch=257&cTime=12%2F08%2F2025%2000%3A00%3A00 (attempt 4 of 5) 
HTTP error: 403 Forbidden
Retrying URL: https://www.tvguide.co.uk/channellisting.asp?ch=257&cTime=12%2F08%2F2025%2000%3A00%3A00 (attempt 5 of 5) 
HTTP error: 403 Forbidden
Could not parse the page
[Sat Dec  6 03:04:23 2025] Fetching listings:  20%
HTTP error: 403 Forbidden
Retrying URL: https://www.tvguide.co.uk/channellisting.asp?ch=267&cTime=12%2F07%2F2025%2000%3A00%3A00 (attempt 1 of 5) 
HTTP error: 403 Forbidden
Retrying URL: https://www.tvguide.co.uk/channellisting.asp?ch=267&cTime=12%2F07%2F2025%2000%3A00%3A00 (attempt 2 of 5) 
HTTP error: 403 Forbidden
Retrying URL: https://www.tvguide.co.uk/channellisting.asp?ch=267&cTime=12%2F07%2F2025%2000%3A00%3A00 (attempt 3 of 5) 
HTTP error: 403 Forbidden
Retrying URL: https://www.tvguide.co.uk/channellisting.asp?ch=267&cTime=12%2F07%2F2025%2000%3A00%3A00 (attempt 4 of 5) 
HTTP error: 403 Forbidden
Retrying URL: https://www.tvguide.co.uk/channellisting.asp?ch=267&cTime=12%2F07%2F2025%2000%3A00%3A00 (attempt 5 of 5) 
HTTP error: 403 Forbidden
Could not parse the page
[Sat Dec  6 03:04:39 2025] Fetching listings:  22%
HTTP error: 403 Forbidden
Retrying URL: https://www.tvguide.co.uk/channellisting.asp?ch=267&cTime=12%2F08%2F2025%2000%3A00%3A00 (attempt 1 of 5) 
HTTP error: 403 Forbidden
Retrying URL: https://www.tvguide.co.uk/channellisting.asp?ch=267&cTime=12%2F08%2F2025%2000%3A00%3A00 (attempt 2 of 5) 
HTTP error: 403 Forbidden
Retrying URL: https://www.tvguide.co.uk/channellisting.asp?ch=267&cTime=12%2F08%2F2025%2000%3A00%3A00 (attempt 3 of 5) 
HTTP error: 403 Forbidden
Retrying URL: https://www.tvguide.co.uk/channellisting.asp?ch=267&cTime=12%2F08%2F2025%2000%3A00%3A00 (attempt 4 of 5) 
HTTP error: 403 Forbidden
Retrying URL: https://www.tvguide.co.uk/channellisting.asp?ch=267&cTime=12%2F08%2F2025%2000%3A00%3A00 (attempt 5 of 5) 
HTTP error: 403 Forbidden
Could not parse the page
[Sat Dec  6 03:04:48 2025] Fetching listings:  24%
HTTP error: 403 Forbidden
Retrying URL: https://www.tvguide.co.uk/channellisting.asp?ch=279&cTime=12%2F07%2F2025%2000%3A00%3A00 (attempt 1 of 5) 
HTTP error: 403 Forbidden
Retrying URL: https://www.tvguide.co.uk/channellisting.asp?ch=279&cTime=12%2F07%2F2025%2000%3A00%3A00 (attempt 2 of 5) 
HTTP error: 403 Forbidden
Retrying URL: https://www.tvguide.co.uk/channellisting.asp?ch=279&cTime=12%2F07%2F2025%2000%3A00%3A00 (attempt 3 of 5) 
HTTP error: 403 Forbidden
Retrying URL: https://www.tvguide.co.uk/channellisting.asp?ch=279&cTime=12%2F07%2F2025%2000%3A00%3A00 (attempt 4 of 5) 
HTTP error: 403 Forbidden
Retrying URL: https://www.tvguide.co.uk/channellisting.asp?ch=279&cTime=12%2F07%2F2025%2000%3A00%3A00 (attempt 5 of 5) 
HTTP error: 403 Forbidden
Could not parse the page
[Sat Dec  6 03:04:55 2025] Fetching listings:  26%
HTTP error: 403 Forbidden
Retrying URL: https://www.tvguide.co.uk/channellisting.asp?ch=279&cTime=12%2F08%2F2025%2000%3A00%3A00 (attempt 1 of 5) 
HTTP error: 403 Forbidden
Retrying URL: https://www.tvguide.co.uk/channellisting.asp?ch=279&cTime=12%2F08%2F2025%2000%3A00%3A00 (attempt 2 of 5) 
HTTP error: 403 Forbidden
Retrying URL: https://www.tvguide.co.uk/channellisting.asp?ch=279&cTime=12%2F08%2F2025%2000%3A00%3A00 (attempt 3 of 5) 
HTTP error: 403 Forbidden
Retrying URL: https://www.tvguide.co.uk/channellisting.asp?ch=279&cTime=12%2F08%2F2025%2000%3A00%3A00 (attempt 4 of 5) 
HTTP error: 403 Forbidden
Retrying URL: https://www.tvguide.co.uk/channellisting.asp?ch=279&cTime=12%2F08%2F2025%2000%3A00%3A00 (attempt 5 of 5) 
HTTP error: 403 Forbidden
Could not parse the page
[Sat Dec  6 03:05:09 2025] Fetching listings:  28%
HTTP error: 403 Forbidden
Retrying URL: https://www.tvguide.co.uk/channellisting.asp?ch=320&cTime=12%2F07%2F2025%2000%3A00%3A00 (attempt 1 of 5) 
HTTP error: 403 Forbidden
Retrying URL: https://www.tvguide.co.uk/channellisting.asp?ch=320&cTime=12%2F07%2F2025%2000%3A00%3A00 (attempt 2 of 5) 
HTTP error: 403 Forbidden
Retrying URL: https://www.tvguide.co.uk/channellisting.asp?ch=320&cTime=12%2F07%2F2025%2000%3A00%3A00 (attempt 3 of 5) 
HTTP error: 403 Forbidden
Retrying URL: https://www.tvguide.co.uk/channellisting.asp?ch=320&cTime=12%2F07%2F2025%2000%3A00%3A00 (attempt 4 of 5) 
HTTP error: 403 Forbidden
Retrying URL: https://www.tvguide.co.uk/channellisting.asp?ch=320&cTime=12%2F07%2F2025%2000%3A00%3A00 (attempt 5 of 5) 
HTTP error: 403 Forbidden
Could not parse the page
[Sat Dec  6 03:05:21 2025] Fetching listings:  30%
HTTP error: 403 Forbidden
Retrying URL: https://www.tvguide.co.uk/channellisting.asp?ch=320&cTime=12%2F08%2F2025%2000%3A00%3A00 (attempt 1 of 5) 
HTTP error: 403 Forbidden
Retrying URL: https://www.tvguide.co.uk/channellisting.asp?ch=320&cTime=12%2F08%2F2025%2000%3A00%3A00 (attempt 2 of 5) 
HTTP error: 403 Forbidden
Retrying URL: https://www.tvguide.co.uk/channellisting.asp?ch=320&cTime=12%2F08%2F2025%2000%3A00%3A00 (attempt 3 of 5) 
HTTP error: 403 Forbidden
Retrying URL: https://www.tvguide.co.uk/channellisting.asp?ch=320&cTime=12%2F08%2F2025%2000%3A00%3A00 (attempt 4 of 5) 
HTTP error: 403 Forbidden
Retrying URL: https://www.tvguide.co.uk/channellisting.asp?ch=320&cTime=12%2F08%2F2025%2000%3A00%3A00 (attempt 5 of 5) 
HTTP error: 403 Forbidden
Could not parse the page
[Sat Dec  6 03:05:33 2025] Fetching listings:  32%
HTTP error: 403 Forbidden
Retrying URL: https://www.tvguide.co.uk/channellisting.asp?ch=422&cTime=12%2F07%2F2025%2000%3A00%3A00 (attempt 1 of 5) 
HTTP error: 403 Forbidden
Retrying URL: https://www.tvguide.co.uk/channellisting.asp?ch=422&cTime=12%2F07%2F2025%2000%3A00%3A00 (attempt 2 of 5) 
HTTP error: 403 Forbidden
Retrying URL: https://www.tvguide.co.uk/channellisting.asp?ch=422&cTime=12%2F07%2F2025%2000%3A00%3A00 (attempt 3 of 5) 
HTTP error: 403 Forbidden
Retrying URL: https://www.tvguide.co.uk/channellisting.asp?ch=422&cTime=12%2F07%2F2025%2000%3A00%3A00 (attempt 4 of 5) 
HTTP error: 403 Forbidden
Retrying URL: https://www.tvguide.co.uk/channellisting.asp?ch=422&cTime=12%2F07%2F2025%2000%3A00%3A00 (attempt 5 of 5) 
HTTP error: 403 Forbidden
Could not parse the page
[Sat Dec  6 03:05:47 2025] Fetching listings:  34%
HTTP error: 403 Forbidden
Retrying URL: https://www.tvguide.co.uk/channellisting.asp?ch=422&cTime=12%2F08%2F2025%2000%3A00%3A00 (attempt 1 of 5) 
HTTP error: 403 Forbidden
Retrying URL: https://www.tvguide.co.uk/channellisting.asp?ch=422&cTime=12%2F08%2F2025%2000%3A00%3A00 (attempt 2 of 5) 
HTTP error: 403 Forbidden
Retrying URL: https://www.tvguide.co.uk/channellisting.asp?ch=422&cTime=12%2F08%2F2025%2000%3A00%3A00 (attempt 3 of 5) 
HTTP error: 403 Forbidden
Retrying URL: https://www.tvguide.co.uk/channellisting.asp?ch=422&cTime=12%2F08%2F2025%2000%3A00%3A00 (attempt 4 of 5) 
HTTP error: 403 Forbidden
Retrying URL: https://www.tvguide.co.uk/channellisting.asp?ch=422&cTime=12%2F08%2F2025%2000%3A00%3A00 (attempt 5 of 5) 
HTTP error: 403 Forbidden
Could not parse the page
[Sat Dec  6 03:06:00 2025] Fetching listings:  36%
HTTP error: 403 Forbidden
Retrying URL: https://www.tvguide.co.uk/channellisting.asp?ch=432&cTime=12%2F07%2F2025%2000%3A00%3A00 (attempt 1 of 5) 
HTTP error: 403 Forbidden
Retrying URL: https://www.tvguide.co.uk/channellisting.asp?ch=432&cTime=12%2F07%2F2025%2000%3A00%3A00 (attempt 2 of 5) 
HTTP error: 403 Forbidden
Retrying URL: https://www.tvguide.co.uk/channellisting.asp?ch=432&cTime=12%2F07%2F2025%2000%3A00%3A00 (attempt 3 of 5) 
HTTP error: 403 Forbidden
Retrying URL: https://www.tvguide.co.uk/channellisting.asp?ch=432&cTime=12%2F07%2F2025%2000%3A00%3A00 (attempt 4 of 5) 
HTTP error: 403 Forbidden
Retrying URL: https://www.tvguide.co.uk/channellisting.asp?ch=432&cTime=12%2F07%2F2025%2000%3A00%3A00 (attempt 5 of 5) 
HTTP error: 403 Forbidden
Could not parse the page
[Sat Dec  6 03:06:17 2025] Fetching listings:  38%
HTTP error: 403 Forbidden
Retrying URL: https://www.tvguide.co.uk/channellisting.asp?ch=432&cTime=12%2F08%2F2025%2000%3A00%3A00 (attempt 1 of 5) 
HTTP error: 403 Forbidden
Retrying URL: https://www.tvguide.co.uk/channellisting.asp?ch=432&cTime=12%2F08%2F2025%2000%3A00%3A00 (attempt 2 of 5) 
HTTP error: 403 Forbidden
Retrying URL: https://www.tvguide.co.uk/channellisting.asp?ch=432&cTime=12%2F08%2F2025%2000%3A00%3A00 (attempt 3 of 5) 
HTTP error: 403 Forbidden
Retrying URL: https://www.tvguide.co.uk/channellisting.asp?ch=432&cTime=12%2F08%2F2025%2000%3A00%3A00 (attempt 4 of 5) 
HTTP error: 403 Forbidden
Retrying URL: https://www.tvguide.co.uk/channellisting.asp?ch=432&cTime=12%2F08%2F2025%2000%3A00%3A00 (attempt 5 of 5) 
HTTP error: 403 Forbidden
Could not parse the page
[Sat Dec  6 03:06:23 2025] Fetching listings:  40%
HTTP error: 403 Forbidden
Retrying URL: https://www.tvguide.co.uk/channellisting.asp?ch=454&cTime=12%2F07%2F2025%2000%3A00%3A00 (attempt 1 of 5) 
HTTP error: 403 Forbidden
Retrying URL: https://www.tvguide.co.uk/channellisting.asp?ch=454&cTime=12%2F07%2F2025%2000%3A00%3A00 (attempt 2 of 5) 
HTTP error: 403 Forbidden
Retrying URL: https://www.tvguide.co.uk/channellisting.asp?ch=454&cTime=12%2F07%2F2025%2000%3A00%3A00 (attempt 3 of 5) 
HTTP error: 403 Forbidden
Retrying URL: https://www.tvguide.co.uk/channellisting.asp?ch=454&cTime=12%2F07%2F2025%2000%3A00%3A00 (attempt 4 of 5) 
HTTP error: 403 Forbidden
Retrying URL: https://www.tvguide.co.uk/channellisting.asp?ch=454&cTime=12%2F07%2F2025%2000%3A00%3A00 (attempt 5 of 5) 
HTTP error: 403 Forbidden
Could not parse the page
[Sat Dec  6 03:06:38 2025] Fetching listings:  42%
HTTP error: 403 Forbidden
Retrying URL: https://www.tvguide.co.uk/channellisting.asp?ch=454&cTime=12%2F08%2F2025%2000%3A00%3A00 (attempt 1 of 5) 
HTTP error: 403 Forbidden
Retrying URL: https://www.tvguide.co.uk/channellisting.asp?ch=454&cTime=12%2F08%2F2025%2000%3A00%3A00 (attempt 2 of 5) 
HTTP error: 403 Forbidden
Retrying URL: https://www.tvguide.co.uk/channellisting.asp?ch=454&cTime=12%2F08%2F2025%2000%3A00%3A00 (attempt 3 of 5) 
HTTP error: 403 Forbidden
Retrying URL: https://www.tvguide.co.uk/channellisting.asp?ch=454&cTime=12%2F08%2F2025%2000%3A00%3A00 (attempt 4 of 5) 
HTTP error: 403 Forbidden
Retrying URL: https://www.tvguide.co.uk/channellisting.asp?ch=454&cTime=12%2F08%2F2025%2000%3A00%3A00 (attempt 5 of 5) 
HTTP error: 403 Forbidden
Could not parse the page
[Sat Dec  6 03:06:50 2025] Fetching listings:  44%
HTTP error: 403 Forbidden
Retrying URL: https://www.tvguide.co.uk/channellisting.asp?ch=559&cTime=12%2F07%2F2025%2000%3A00%3A00 (attempt 1 of 5) 
HTTP error: 403 Forbidden
Retrying URL: https://www.tvguide.co.uk/channellisting.asp?ch=559&cTime=12%2F07%2F2025%2000%3A00%3A00 (attempt 2 of 5) 
HTTP error: 403 Forbidden
Retrying URL: https://www.tvguide.co.uk/channellisting.asp?ch=559&cTime=12%2F07%2F2025%2000%3A00%3A00 (attempt 3 of 5) 
HTTP error: 403 Forbidden
Retrying URL: https://www.tvguide.co.uk/channellisting.asp?ch=559&cTime=12%2F07%2F2025%2000%3A00%3A00 (attempt 4 of 5) 
HTTP error: 403 Forbidden
Retrying URL: https://www.tvguide.co.uk/channellisting.asp?ch=559&cTime=12%2F07%2F2025%2000%3A00%3A00 (attempt 5 of 5) 
HTTP error: 403 Forbidden
Could not parse the page
[Sat Dec  6 03:07:04 2025] Fetching listings:  46%
HTTP error: 403 Forbidden
Retrying URL: https://www.tvguide.co.uk/channellisting.asp?ch=559&cTime=12%2F08%2F2025%2000%3A00%3A00 (attempt 1 of 5) 
HTTP error: 403 Forbidden
Retrying URL: https://www.tvguide.co.uk/channellisting.asp?ch=559&cTime=12%2F08%2F2025%2000%3A00%3A00 (attempt 2 of 5) 
HTTP error: 403 Forbidden
Retrying URL: https://www.tvguide.co.uk/channellisting.asp?ch=559&cTime=12%2F08%2F2025%2000%3A00%3A00 (attempt 3 of 5) 
HTTP error: 403 Forbidden
Retrying URL: https://www.tvguide.co.uk/channellisting.asp?ch=559&cTime=12%2F08%2F2025%2000%3A00%3A00 (attempt 4 of 5) 
HTTP error: 403 Forbidden
Retrying URL: https://www.tvguide.co.uk/channellisting.asp?ch=559&cTime=12%2F08%2F2025%2000%3A00%3A00 (attempt 5 of 5) 
HTTP error: 403 Forbidden
Could not parse the page
[Sat Dec  6 03:07:19 2025] Fetching listings:  48%
HTTP error: 403 Forbidden
Retrying URL: https://www.tvguide.co.uk/channellisting.asp?ch=596&cTime=12%2F07%2F2025%2000%3A00%3A00 (attempt 1 of 5) 
HTTP error: 403 Forbidden
Retrying URL: https://www.tvguide.co.uk/channellisting.asp?ch=596&cTime=12%2F07%2F2025%2000%3A00%3A00 (attempt 2 of 5) 
HTTP error: 403 Forbidden
Retrying URL: https://www.tvguide.co.uk/channellisting.asp?ch=596&cTime=12%2F07%2F2025%2000%3A00%3A00 (attempt 3 of 5) 
HTTP error: 403 Forbidden
Retrying URL: https://www.tvguide.co.uk/channellisting.asp?ch=596&cTime=12%2F07%2F2025%2000%3A00%3A00 (attempt 4 of 5) 
HTTP error: 403 Forbidden
Retrying URL: https://www.tvguide.co.uk/channellisting.asp?ch=596&cTime=12%2F07%2F2025%2000%3A00%3A00 (attempt 5 of 5) 
HTTP error: 403 Forbidden
Could not parse the page
[Sat Dec  6 03:07:36 2025] Fetching listings:  50%
HTTP error: 403 Forbidden
Retrying URL: https://www.tvguide.co.uk/channellisting.asp?ch=596&cTime=12%2F08%2F2025%2000%3A00%3A00 (attempt 1 of 5) 
HTTP error: 403 Forbidden
Retrying URL: https://www.tvguide.co.uk/channellisting.asp?ch=596&cTime=12%2F08%2F2025%2000%3A00%3A00 (attempt 2 of 5) 
HTTP error: 403 Forbidden
Retrying URL: https://www.tvguide.co.uk/channellisting.asp?ch=596&cTime=12%2F08%2F2025%2000%3A00%3A00 (attempt 3 of 5) 
HTTP error: 403 Forbidden
Retrying URL: https://www.tvguide.co.uk/channellisting.asp?ch=596&cTime=12%2F08%2F2025%2000%3A00%3A00 (attempt 4 of 5) 
HTTP error: 403 Forbidden
Retrying URL: https://www.tvguide.co.uk/channellisting.asp?ch=596&cTime=12%2F08%2F2025%2000%3A00%3A00 (attempt 5 of 5) 
HTTP error: 403 Forbidden
Could not parse the page
[Sat Dec  6 03:07:48 2025] Fetching listings:  52%
HTTP error: 403 Forbidden
Retrying URL: https://www.tvguide.co.uk/channellisting.asp?ch=853&cTime=12%2F07%2F2025%2000%3A00%3A00 (attempt 1 of 5) 
HTTP error: 403 Forbidden
Retrying URL: https://www.tvguide.co.uk/channellisting.asp?ch=853&cTime=12%2F07%2F2025%2000%3A00%3A00 (attempt 2 of 5) 
HTTP error: 403 Forbidden
Retrying URL: https://www.tvguide.co.uk/channellisting.asp?ch=853&cTime=12%2F07%2F2025%2000%3A00%3A00 (attempt 3 of 5) 
HTTP error: 403 Forbidden
Retrying URL: https://www.tvguide.co.uk/channellisting.asp?ch=853&cTime=12%2F07%2F2025%2000%3A00%3A00 (attempt 4 of 5) 
HTTP error: 403 Forbidden
Retrying URL: https://www.tvguide.co.uk/channellisting.asp?ch=853&cTime=12%2F07%2F2025%2000%3A00%3A00 (attempt 5 of 5) 
HTTP error: 403 Forbidden
Could not parse the page
[Sat Dec  6 03:07:57 2025] Fetching listings:  54%
HTTP error: 403 Forbidden
Retrying URL: https://www.tvguide.co.uk/channellisting.asp?ch=853&cTime=12%2F08%2F2025%2000%3A00%3A00 (attempt 1 of 5) 
HTTP error: 403 Forbidden
Retrying URL: https://www.tvguide.co.uk/channellisting.asp?ch=853&cTime=12%2F08%2F2025%2000%3A00%3A00 (attempt 2 of 5) 
HTTP error: 403 Forbidden
Retrying URL: https://www.tvguide.co.uk/channellisting.asp?ch=853&cTime=12%2F08%2F2025%2000%3A00%3A00 (attempt 3 of 5) 
HTTP error: 403 Forbidden
Retrying URL: https://www.tvguide.co.uk/channellisting.asp?ch=853&cTime=12%2F08%2F2025%2000%3A00%3A00 (attempt 4 of 5) 
HTTP error: 403 Forbidden
Retrying URL: https://www.tvguide.co.uk/channellisting.asp?ch=853&cTime=12%2F08%2F2025%2000%3A00%3A00 (attempt 5 of 5) 
HTTP error: 403 Forbidden
Could not parse the page
[Sat Dec  6 03:08:09 2025] Fetching listings:  56%
HTTP error: 403 Forbidden
Retrying URL: https://www.tvguide.co.uk/channellisting.asp?ch=871&cTime=12%2F07%2F2025%2000%3A00%3A00 (attempt 1 of 5) 
HTTP error: 403 Forbidden
Retrying URL: https://www.tvguide.co.uk/channellisting.asp?ch=871&cTime=12%2F07%2F2025%2000%3A00%3A00 (attempt 2 of 5) 
HTTP error: 403 Forbidden
Retrying URL: https://www.tvguide.co.uk/channellisting.asp?ch=871&cTime=12%2F07%2F2025%2000%3A00%3A00 (attempt 3 of 5) 
HTTP error: 403 Forbidden
Retrying URL: https://www.tvguide.co.uk/channellisting.asp?ch=871&cTime=12%2F07%2F2025%2000%3A00%3A00 (attempt 4 of 5) 
HTTP error: 403 Forbidden
Retrying URL: https://www.tvguide.co.uk/channellisting.asp?ch=871&cTime=12%2F07%2F2025%2000%3A00%3A00 (attempt 5 of 5) 
HTTP error: 403 Forbidden
Could not parse the page
[Sat Dec  6 03:08:24 2025] Fetching listings:  58%
HTTP error: 403 Forbidden
Retrying URL: https://www.tvguide.co.uk/channellisting.asp?ch=871&cTime=12%2F08%2F2025%2000%3A00%3A00 (attempt 1 of 5) 
HTTP error: 403 Forbidden
Retrying URL: https://www.tvguide.co.uk/channellisting.asp?ch=871&cTime=12%2F08%2F2025%2000%3A00%3A00 (attempt 2 of 5) 
HTTP error: 403 Forbidden
Retrying URL: https://www.tvguide.co.uk/channellisting.asp?ch=871&cTime=12%2F08%2F2025%2000%3A00%3A00 (attempt 3 of 5) 
HTTP error: 403 Forbidden
Retrying URL: https://www.tvguide.co.uk/channellisting.asp?ch=871&cTime=12%2F08%2F2025%2000%3A00%3A00 (attempt 4 of 5) 
HTTP error: 403 Forbidden
Retrying URL: https://www.tvguide.co.uk/channellisting.asp?ch=871&cTime=12%2F08%2F2025%2000%3A00%3A00 (attempt 5 of 5) 
HTTP error: 403 Forbidden
Could not parse the page
[Sat Dec  6 03:08:39 2025] Fetching listings:  60%
HTTP error: 403 Forbidden
Retrying URL: https://www.tvguide.co.uk/channellisting.asp?ch=1013&cTime=12%2F07%2F2025%2000%3A00%3A00 (attempt 1 of 5) 
HTTP error: 403 Forbidden
Retrying URL: https://www.tvguide.co.uk/channellisting.asp?ch=1013&cTime=12%2F07%2F2025%2000%3A00%3A00 (attempt 2 of 5) 
HTTP error: 403 Forbidden
Retrying URL: https://www.tvguide.co.uk/channellisting.asp?ch=1013&cTime=12%2F07%2F2025%2000%3A00%3A00 (attempt 3 of 5) 
HTTP error: 403 Forbidden
Retrying URL: https://www.tvguide.co.uk/channellisting.asp?ch=1013&cTime=12%2F07%2F2025%2000%3A00%3A00 (attempt 4 of 5) 
HTTP error: 403 Forbidden
Retrying URL: https://www.tvguide.co.uk/channellisting.asp?ch=1013&cTime=12%2F07%2F2025%2000%3A00%3A00 (attempt 5 of 5) 
HTTP error: 403 Forbidden
Could not parse the page
[Sat Dec  6 03:08:48 2025] Fetching listings:  62%
HTTP error: 403 Forbidden
Retrying URL: https://www.tvguide.co.uk/channellisting.asp?ch=1013&cTime=12%2F08%2F2025%2000%3A00%3A00 (attempt 1 of 5) 
HTTP error: 403 Forbidden
Retrying URL: https://www.tvguide.co.uk/channellisting.asp?ch=1013&cTime=12%2F08%2F2025%2000%3A00%3A00 (attempt 2 of 5) 
HTTP error: 403 Forbidden
Retrying URL: https://www.tvguide.co.uk/channellisting.asp?ch=1013&cTime=12%2F08%2F2025%2000%3A00%3A00 (attempt 3 of 5) 
HTTP error: 403 Forbidden
Retrying URL: https://www.tvguide.co.uk/channellisting.asp?ch=1013&cTime=12%2F08%2F2025%2000%3A00%3A00 (attempt 4 of 5) 
HTTP error: 403 Forbidden
Retrying URL: https://www.tvguide.co.uk/channellisting.asp?ch=1013&cTime=12%2F08%2F2025%2000%3A00%3A00 (attempt 5 of 5) 
HTTP error: 403 Forbidden
Could not parse the page
[Sat Dec  6 03:09:00 2025] Fetching listings:  64%
HTTP error: 403 Forbidden
Retrying URL: https://www.tvguide.co.uk/channellisting.asp?ch=1014&cTime=12%2F07%2F2025%2000%3A00%3A00 (attempt 1 of 5) 
HTTP error: 403 Forbidden
Retrying URL: https://www.tvguide.co.uk/channellisting.asp?ch=1014&cTime=12%2F07%2F2025%2000%3A00%3A00 (attempt 2 of 5) 
HTTP error: 403 Forbidden
Retrying URL: https://www.tvguide.co.uk/channellisting.asp?ch=1014&cTime=12%2F07%2F2025%2000%3A00%3A00 (attempt 3 of 5) 
HTTP error: 403 Forbidden
Retrying URL: https://www.tvguide.co.uk/channellisting.asp?ch=1014&cTime=12%2F07%2F2025%2000%3A00%3A00 (attempt 4 of 5) 
HTTP error: 403 Forbidden
Retrying URL: https://www.tvguide.co.uk/channellisting.asp?ch=1014&cTime=12%2F07%2F2025%2000%3A00%3A00 (attempt 5 of 5) 
HTTP error: 403 Forbidden
Could not parse the page
[Sat Dec  6 03:09:13 2025] Fetching listings:  66%
HTTP error: 403 Forbidden
Retrying URL: https://www.tvguide.co.uk/channellisting.asp?ch=1014&cTime=12%2F08%2F2025%2000%3A00%3A00 (attempt 1 of 5) 
HTTP error: 403 Forbidden
Retrying URL: https://www.tvguide.co.uk/channellisting.asp?ch=1014&cTime=12%2F08%2F2025%2000%3A00%3A00 (attempt 2 of 5) 
HTTP error: 403 Forbidden
Retrying URL: https://www.tvguide.co.uk/channellisting.asp?ch=1014&cTime=12%2F08%2F2025%2000%3A00%3A00 (attempt 3 of 5) 
HTTP error: 403 Forbidden
Retrying URL: https://www.tvguide.co.uk/channellisting.asp?ch=1014&cTime=12%2F08%2F2025%2000%3A00%3A00 (attempt 4 of 5) 
HTTP error: 403 Forbidden
Retrying URL: https://www.tvguide.co.uk/channellisting.asp?ch=1014&cTime=12%2F08%2F2025%2000%3A00%3A00 (attempt 5 of 5) 
HTTP error: 403 Forbidden
Could not parse the page
[Sat Dec  6 03:09:22 2025] Fetching listings:  68%
HTTP error: 403 Forbidden
Retrying URL: https://www.tvguide.co.uk/channellisting.asp?ch=1154&cTime=12%2F07%2F2025%2000%3A00%3A00 (attempt 1 of 5) 
HTTP error: 403 Forbidden
Retrying URL: https://www.tvguide.co.uk/channellisting.asp?ch=1154&cTime=12%2F07%2F2025%2000%3A00%3A00 (attempt 2 of 5) 
HTTP error: 403 Forbidden
Retrying URL: https://www.tvguide.co.uk/channellisting.asp?ch=1154&cTime=12%2F07%2F2025%2000%3A00%3A00 (attempt 3 of 5) 
HTTP error: 403 Forbidden
Retrying URL: https://www.tvguide.co.uk/channellisting.asp?ch=1154&cTime=12%2F07%2F2025%2000%3A00%3A00 (attempt 4 of 5) 
HTTP error: 403 Forbidden
Retrying URL: https://www.tvguide.co.uk/channellisting.asp?ch=1154&cTime=12%2F07%2F2025%2000%3A00%3A00 (attempt 5 of 5) 
HTTP error: 403 Forbidden
Could not parse the page
[Sat Dec  6 03:09:32 2025] Fetching listings:  70%
HTTP error: 403 Forbidden
Retrying URL: https://www.tvguide.co.uk/channellisting.asp?ch=1154&cTime=12%2F08%2F2025%2000%3A00%3A00 (attempt 1 of 5) 
HTTP error: 403 Forbidden
Retrying URL: https://www.tvguide.co.uk/channellisting.asp?ch=1154&cTime=12%2F08%2F2025%2000%3A00%3A00 (attempt 2 of 5) 
HTTP error: 403 Forbidden
Retrying URL: https://www.tvguide.co.uk/channellisting.asp?ch=1154&cTime=12%2F08%2F2025%2000%3A00%3A00 (attempt 3 of 5) 
HTTP error: 403 Forbidden
Retrying URL: https://www.tvguide.co.uk/channellisting.asp?ch=1154&cTime=12%2F08%2F2025%2000%3A00%3A00 (attempt 4 of 5) 
HTTP error: 403 Forbidden
Retrying URL: https://www.tvguide.co.uk/channellisting.asp?ch=1154&cTime=12%2F08%2F2025%2000%3A00%3A00 (attempt 5 of 5) 
HTTP error: 403 Forbidden
Could not parse the page
[Sat Dec  6 03:09:48 2025] Fetching listings:  72%
HTTP error: 403 Forbidden
Retrying URL: https://www.tvguide.co.uk/channellisting.asp?ch=1157&cTime=12%2F07%2F2025%2000%3A00%3A00 (attempt 1 of 5) 
HTTP error: 403 Forbidden
Retrying URL: https://www.tvguide.co.uk/channellisting.asp?ch=1157&cTime=12%2F07%2F2025%2000%3A00%3A00 (attempt 2 of 5) 
HTTP error: 403 Forbidden
Retrying URL: https://www.tvguide.co.uk/channellisting.asp?ch=1157&cTime=12%2F07%2F2025%2000%3A00%3A00 (attempt 3 of 5) 
HTTP error: 403 Forbidden
Retrying URL: https://www.tvguide.co.uk/channellisting.asp?ch=1157&cTime=12%2F07%2F2025%2000%3A00%3A00 (attempt 4 of 5) 
HTTP error: 403 Forbidden
Retrying URL: https://www.tvguide.co.uk/channellisting.asp?ch=1157&cTime=12%2F07%2F2025%2000%3A00%3A00 (attempt 5 of 5) 
HTTP error: 403 Forbidden
Could not parse the page
[Sat Dec  6 03:10:02 2025] Fetching listings:  74%
HTTP error: 403 Forbidden
Retrying URL: https://www.tvguide.co.uk/channellisting.asp?ch=1157&cTime=12%2F08%2F2025%2000%3A00%3A00 (attempt 1 of 5) 
HTTP error: 403 Forbidden
Retrying URL: https://www.tvguide.co.uk/channellisting.asp?ch=1157&cTime=12%2F08%2F2025%2000%3A00%3A00 (attempt 2 of 5) 
HTTP error: 403 Forbidden
Retrying URL: https://www.tvguide.co.uk/channellisting.asp?ch=1157&cTime=12%2F08%2F2025%2000%3A00%3A00 (attempt 3 of 5) 
HTTP error: 403 Forbidden
Retrying URL: https://www.tvguide.co.uk/channellisting.asp?ch=1157&cTime=12%2F08%2F2025%2000%3A00%3A00 (attempt 4 of 5) 
HTTP error: 403 Forbidden
Retrying URL: https://www.tvguide.co.uk/channellisting.asp?ch=1157&cTime=12%2F08%2F2025%2000%3A00%3A00 (attempt 5 of 5) 
HTTP error: 403 Forbidden
Could not parse the page
[Sat Dec  6 03:10:14 2025] Fetching listings:  76%
HTTP error: 403 Forbidden
Retrying URL: https://www.tvguide.co.uk/channellisting.asp?ch=1171&cTime=12%2F07%2F2025%2000%3A00%3A00 (attempt 1 of 5) 
HTTP error: 403 Forbidden
Retrying URL: https://www.tvguide.co.uk/channellisting.asp?ch=1171&cTime=12%2F07%2F2025%2000%3A00%3A00 (attempt 2 of 5) 
HTTP error: 403 Forbidden
Retrying URL: https://www.tvguide.co.uk/channellisting.asp?ch=1171&cTime=12%2F07%2F2025%2000%3A00%3A00 (attempt 3 of 5) 
HTTP error: 403 Forbidden
Retrying URL: https://www.tvguide.co.uk/channellisting.asp?ch=1171&cTime=12%2F07%2F2025%2000%3A00%3A00 (attempt 4 of 5) 
HTTP error: 403 Forbidden
Retrying URL: https://www.tvguide.co.uk/channellisting.asp?ch=1171&cTime=12%2F07%2F2025%2000%3A00%3A00 (attempt 5 of 5) 
HTTP error: 403 Forbidden
Could not parse the page
[Sat Dec  6 03:10:27 2025] Fetching listings:  78%
HTTP error: 403 Forbidden
Retrying URL: https://www.tvguide.co.uk/channellisting.asp?ch=1171&cTime=12%2F08%2F2025%2000%3A00%3A00 (attempt 1 of 5) 
HTTP error: 403 Forbidden
Retrying URL: https://www.tvguide.co.uk/channellisting.asp?ch=1171&cTime=12%2F08%2F2025%2000%3A00%3A00 (attempt 2 of 5) 
HTTP error: 403 Forbidden
Retrying URL: https://www.tvguide.co.uk/channellisting.asp?ch=1171&cTime=12%2F08%2F2025%2000%3A00%3A00 (attempt 3 of 5) 
HTTP error: 403 Forbidden
Retrying URL: https://www.tvguide.co.uk/channellisting.asp?ch=1171&cTime=12%2F08%2F2025%2000%3A00%3A00 (attempt 4 of 5) 
HTTP error: 403 Forbidden
Retrying URL: https://www.tvguide.co.uk/channellisting.asp?ch=1171&cTime=12%2F08%2F2025%2000%3A00%3A00 (attempt 5 of 5) 
HTTP error: 403 Forbidden
Could not parse the page
[Sat Dec  6 03:10:36 2025] Fetching listings:  80%
HTTP error: 403 Forbidden
Retrying URL: https://www.tvguide.co.uk/channellisting.asp?ch=1183&cTime=12%2F07%2F2025%2000%3A00%3A00 (attempt 1 of 5) 
HTTP error: 403 Forbidden
Retrying URL: https://www.tvguide.co.uk/channellisting.asp?ch=1183&cTime=12%2F07%2F2025%2000%3A00%3A00 (attempt 2 of 5) 
HTTP error: 403 Forbidden
Retrying URL: https://www.tvguide.co.uk/channellisting.asp?ch=1183&cTime=12%2F07%2F2025%2000%3A00%3A00 (attempt 3 of 5) 
HTTP error: 403 Forbidden
Retrying URL: https://www.tvguide.co.uk/channellisting.asp?ch=1183&cTime=12%2F07%2F2025%2000%3A00%3A00 (attempt 4 of 5) 
HTTP error: 403 Forbidden
Retrying URL: https://www.tvguide.co.uk/channellisting.asp?ch=1183&cTime=12%2F07%2F2025%2000%3A00%3A00 (attempt 5 of 5) 
HTTP error: 403 Forbidden
Could not parse the page
[Sat Dec  6 03:10:54 2025] Fetching listings:  82%
HTTP error: 403 Forbidden
Retrying URL: https://www.tvguide.co.uk/channellisting.asp?ch=1183&cTime=12%2F08%2F2025%2000%3A00%3A00 (attempt 1 of 5) 
HTTP error: 403 Forbidden
Retrying URL: https://www.tvguide.co.uk/channellisting.asp?ch=1183&cTime=12%2F08%2F2025%2000%3A00%3A00 (attempt 2 of 5) 
HTTP error: 403 Forbidden
Retrying URL: https://www.tvguide.co.uk/channellisting.asp?ch=1183&cTime=12%2F08%2F2025%2000%3A00%3A00 (attempt 3 of 5) 
HTTP error: 403 Forbidden
Retrying URL: https://www.tvguide.co.uk/channellisting.asp?ch=1183&cTime=12%2F08%2F2025%2000%3A00%3A00 (attempt 4 of 5) 
HTTP error: 403 Forbidden
Retrying URL: https://www.tvguide.co.uk/channellisting.asp?ch=1183&cTime=12%2F08%2F2025%2000%3A00%3A00 (attempt 5 of 5) 
HTTP error: 403 Forbidden
Could not parse the page
[Sat Dec  6 03:11:04 2025] Fetching listings:  84%
HTTP error: 403 Forbidden
Retrying URL: https://www.tvguide.co.uk/channellisting.asp?ch=1207&cTime=12%2F07%2F2025%2000%3A00%3A00 (attempt 1 of 5) 
HTTP error: 403 Forbidden
Retrying URL: https://www.tvguide.co.uk/channellisting.asp?ch=1207&cTime=12%2F07%2F2025%2000%3A00%3A00 (attempt 2 of 5) 
HTTP error: 403 Forbidden
Retrying URL: https://www.tvguide.co.uk/channellisting.asp?ch=1207&cTime=12%2F07%2F2025%2000%3A00%3A00 (attempt 3 of 5) 
HTTP error: 403 Forbidden
Retrying URL: https://www.tvguide.co.uk/channellisting.asp?ch=1207&cTime=12%2F07%2F2025%2000%3A00%3A00 (attempt 4 of 5) 
HTTP error: 403 Forbidden
Retrying URL: https://www.tvguide.co.uk/channellisting.asp?ch=1207&cTime=12%2F07%2F2025%2000%3A00%3A00 (attempt 5 of 5) 
HTTP error: 403 Forbidden
Could not parse the page
[Sat Dec  6 03:11:14 2025] Fetching listings:  86%
HTTP error: 403 Forbidden
Retrying URL: https://www.tvguide.co.uk/channellisting.asp?ch=1207&cTime=12%2F08%2F2025%2000%3A00%3A00 (attempt 1 of 5) 
HTTP error: 403 Forbidden
Retrying URL: https://www.tvguide.co.uk/channellisting.asp?ch=1207&cTime=12%2F08%2F2025%2000%3A00%3A00 (attempt 2 of 5) 
HTTP error: 403 Forbidden
Retrying URL: https://www.tvguide.co.uk/channellisting.asp?ch=1207&cTime=12%2F08%2F2025%2000%3A00%3A00 (attempt 3 of 5) 
HTTP error: 403 Forbidden
Retrying URL: https://www.tvguide.co.uk/channellisting.asp?ch=1207&cTime=12%2F08%2F2025%2000%3A00%3A00 (attempt 4 of 5) 
HTTP error: 403 Forbidden
Retrying URL: https://www.tvguide.co.uk/channellisting.asp?ch=1207&cTime=12%2F08%2F2025%2000%3A00%3A00 (attempt 5 of 5) 
HTTP error: 403 Forbidden
Could not parse the page
[Sat Dec  6 03:11:23 2025] Fetching listings:  88%
HTTP error: 403 Forbidden
Retrying URL: https://www.tvguide.co.uk/channellisting.asp?ch=1210&cTime=12%2F07%2F2025%2000%3A00%3A00 (attempt 1 of 5) 
HTTP error: 403 Forbidden
Retrying URL: https://www.tvguide.co.uk/channellisting.asp?ch=1210&cTime=12%2F07%2F2025%2000%3A00%3A00 (attempt 2 of 5) 
HTTP error: 403 Forbidden
Retrying URL: https://www.tvguide.co.uk/channellisting.asp?ch=1210&cTime=12%2F07%2F2025%2000%3A00%3A00 (attempt 3 of 5) 
HTTP error: 403 Forbidden
Retrying URL: https://www.tvguide.co.uk/channellisting.asp?ch=1210&cTime=12%2F07%2F2025%2000%3A00%3A00 (attempt 4 of 5) 
HTTP error: 403 Forbidden
Retrying URL: https://www.tvguide.co.uk/channellisting.asp?ch=1210&cTime=12%2F07%2F2025%2000%3A00%3A00 (attempt 5 of 5) 
HTTP error: 403 Forbidden
Could not parse the page
[Sat Dec  6 03:11:35 2025] Fetching listings:  90%
HTTP error: 403 Forbidden
Retrying URL: https://www.tvguide.co.uk/channellisting.asp?ch=1210&cTime=12%2F08%2F2025%2000%3A00%3A00 (attempt 1 of 5) 
HTTP error: 403 Forbidden
Retrying URL: https://www.tvguide.co.uk/channellisting.asp?ch=1210&cTime=12%2F08%2F2025%2000%3A00%3A00 (attempt 2 of 5) 
HTTP error: 403 Forbidden
Retrying URL: https://www.tvguide.co.uk/channellisting.asp?ch=1210&cTime=12%2F08%2F2025%2000%3A00%3A00 (attempt 3 of 5) 
HTTP error: 403 Forbidden
Retrying URL: https://www.tvguide.co.uk/channellisting.asp?ch=1210&cTime=12%2F08%2F2025%2000%3A00%3A00 (attempt 4 of 5) 
HTTP error: 403 Forbidden
Retrying URL: https://www.tvguide.co.uk/channellisting.asp?ch=1210&cTime=12%2F08%2F2025%2000%3A00%3A00 (attempt 5 of 5) 
HTTP error: 403 Forbidden
Could not parse the page
[Sat Dec  6 03:11:48 2025] Fetching listings:  92%
HTTP error: 403 Forbidden
Retrying URL: https://www.tvguide.co.uk/channellisting.asp?ch=1212&cTime=12%2F07%2F2025%2000%3A00%3A00 (attempt 1 of 5) 
HTTP error: 403 Forbidden
Retrying URL: https://www.tvguide.co.uk/channellisting.asp?ch=1212&cTime=12%2F07%2F2025%2000%3A00%3A00 (attempt 2 of 5) 
HTTP error: 403 Forbidden
Retrying URL: https://www.tvguide.co.uk/channellisting.asp?ch=1212&cTime=12%2F07%2F2025%2000%3A00%3A00 (attempt 3 of 5) 
HTTP error: 403 Forbidden
Retrying URL: https://www.tvguide.co.uk/channellisting.asp?ch=1212&cTime=12%2F07%2F2025%2000%3A00%3A00 (attempt 4 of 5) 
HTTP error: 403 Forbidden
Retrying URL: https://www.tvguide.co.uk/channellisting.asp?ch=1212&cTime=12%2F07%2F2025%2000%3A00%3A00 (attempt 5 of 5) 
HTTP error: 403 Forbidden
Could not parse the page
[Sat Dec  6 03:11:55 2025] Fetching listings:  94%
HTTP error: 403 Forbidden
Retrying URL: https://www.tvguide.co.uk/channellisting.asp?ch=1212&cTime=12%2F08%2F2025%2000%3A00%3A00 (attempt 1 of 5) 
HTTP error: 403 Forbidden
Retrying URL: https://www.tvguide.co.uk/channellisting.asp?ch=1212&cTime=12%2F08%2F2025%2000%3A00%3A00 (attempt 2 of 5) 
HTTP error: 403 Forbidden
Retrying URL: https://www.tvguide.co.uk/channellisting.asp?ch=1212&cTime=12%2F08%2F2025%2000%3A00%3A00 (attempt 3 of 5) 
HTTP error: 403 Forbidden
Retrying URL: https://www.tvguide.co.uk/channellisting.asp?ch=1212&cTime=12%2F08%2F2025%2000%3A00%3A00 (attempt 4 of 5) 
HTTP error: 403 Forbidden
Retrying URL: https://www.tvguide.co.uk/channellisting.asp?ch=1212&cTime=12%2F08%2F2025%2000%3A00%3A00 (attempt 5 of 5) 
HTTP error: 403 Forbidden
Could not parse the page
[Sat Dec  6 03:12:12 2025] Fetching listings:  96%
HTTP error: 403 Forbidden
Retrying URL: https://www.tvguide.co.uk/channellisting.asp?ch=1255&cTime=12%2F07%2F2025%2000%3A00%3A00 (attempt 1 of 5) 
HTTP error: 403 Forbidden
Retrying URL: https://www.tvguide.co.uk/channellisting.asp?ch=1255&cTime=12%2F07%2F2025%2000%3A00%3A00 (attempt 2 of 5) 
HTTP error: 403 Forbidden
Retrying URL: https://www.tvguide.co.uk/channellisting.asp?ch=1255&cTime=12%2F07%2F2025%2000%3A00%3A00 (attempt 3 of 5) 
HTTP error: 403 Forbidden
Retrying URL: https://www.tvguide.co.uk/channellisting.asp?ch=1255&cTime=12%2F07%2F2025%2000%3A00%3A00 (attempt 4 of 5) 
HTTP error: 403 Forbidden
Retrying URL: https://www.tvguide.co.uk/channellisting.asp?ch=1255&cTime=12%2F07%2F2025%2000%3A00%3A00 (attempt 5 of 5) 
HTTP error: 403 Forbidden
Could not parse the page
[Sat Dec  6 03:12:21 2025] Fetching listings:  98%
HTTP error: 403 Forbidden
Retrying URL: https://www.tvguide.co.uk/channellisting.asp?ch=1255&cTime=12%2F08%2F2025%2000%3A00%3A00 (attempt 1 of 5) 
HTTP error: 403 Forbidden
Retrying URL: https://www.tvguide.co.uk/channellisting.asp?ch=1255&cTime=12%2F08%2F2025%2000%3A00%3A00 (attempt 2 of 5) 
HTTP error: 403 Forbidden
Retrying URL: https://www.tvguide.co.uk/channellisting.asp?ch=1255&cTime=12%2F08%2F2025%2000%3A00%3A00 (attempt 3 of 5) 
HTTP error: 403 Forbidden
Retrying URL: https://www.tvguide.co.uk/channellisting.asp?ch=1255&cTime=12%2F08%2F2025%2000%3A00%3A00 (attempt 4 of 5) 
HTTP error: 403 Forbidden
Retrying URL: https://www.tvguide.co.uk/channellisting.asp?ch=1255&cTime=12%2F08%2F2025%2000%3A00%3A00 (attempt 5 of 5) 
HTTP error: 403 Forbidden
Could not parse the page
[Sat Dec  6 03:12:31 2025] Fetching listings: 100%
expected hashref of channels at /usr/share/perl5/XMLTV.pm line 644.
