getting listings: ################Use of uninitialized value $chname in pattern match (m//) at /home/runner/work/xmltv/xmltv/scripts/tv_grab_fr_telerama/tv_grab_fr_telerama line 1169.
Use of uninitialized value $chname in pattern match (m//) at /home/runner/work/xmltv/xmltv/scripts/tv_grab_fr_telerama/tv_grab_fr_telerama line 1172.
Use of uninitialized value $chname in pattern match (m//) at /home/runner/work/xmltv/xmltv/scripts/tv_grab_fr_telerama/tv_grab_fr_telerama line 1169.
Use of uninitialized value $chname in pattern match (m//) at /home/runner/work/xmltv/xmltv/scripts/tv_grab_fr_telerama/tv_grab_fr_telerama line 1172.
Use of uninitialized value $chname in pattern match (m//) at /home/runner/work/xmltv/xmltv/scripts/tv_grab_fr_telerama/tv_grab_fr_telerama line 1169.
Use of uninitialized value $chname in pattern match (m//) at /home/runner/work/xmltv/xmltv/scripts/tv_grab_fr_telerama/tv_grab_fr_telerama line 1172.
Use of uninitialized value $chname in pattern match (m//) at /home/runner/work/xmltv/xmltv/scripts/tv_grab_fr_telerama/tv_grab_fr_telerama line 1169.
Use of uninitialized value $chname in pattern match (m//) at /home/runner/work/xmltv/xmltv/scripts/tv_grab_fr_telerama/tv_grab_fr_telerama line 1172.
Use of uninitialized value $chname in pattern match (m//) at /home/runner/work/xmltv/xmltv/scripts/tv_grab_fr_telerama/tv_grab_fr_telerama line 1169.
Use of uninitialized value $chname in pattern match (m//) at /home/runner/work/xmltv/xmltv/scripts/tv_grab_fr_telerama/tv_grab_fr_telerama line 1172.
Use of uninitialized value $chname in pattern match (m//) at /home/runner/work/xmltv/xmltv/scripts/tv_grab_fr_telerama/tv_grab_fr_telerama line 1169.
Use of uninitialized value $chname in pattern match (m//) at /home/runner/work/xmltv/xmltv/scripts/tv_grab_fr_telerama/tv_grab_fr_telerama line 1172.
Use of uninitialized value $chname in pattern match (m//) at /home/runner/work/xmltv/xmltv/scripts/tv_grab_fr_telerama/tv_grab_fr_telerama line 1169.
Use of uninitialized value $chname in pattern match (m//) at /home/runner/work/xmltv/xmltv/scripts/tv_grab_fr_telerama/tv_grab_fr_telerama line 1172.
Use of uninitialized value $chname in pattern match (m//) at /home/runner/work/xmltv/xmltv/scripts/tv_grab_fr_telerama/tv_grab_fr_telerama line 1169.
Use of uninitialized value $chname in pattern match (m//) at /home/runner/work/xmltv/xmltv/scripts/tv_grab_fr_telerama/tv_grab_fr_telerama line 1172.
Use of uninitialized value $chname in pattern match (m//) at /home/runner/work/xmltv/xmltv/scripts/tv_grab_fr_telerama/tv_grab_fr_telerama line 1169.
Use of uninitialized value $chname in pattern match (m//) at /home/runner/work/xmltv/xmltv/scripts/tv_grab_fr_telerama/tv_grab_fr_telerama line 1172.
Use of uninitialized value $chname in pattern match (m//) at /home/runner/work/xmltv/xmltv/scripts/tv_grab_fr_telerama/tv_grab_fr_telerama line 1169.
Use of uninitialized value $chname in pattern match (m//) at /home/runner/work/xmltv/xmltv/scripts/tv_grab_fr_telerama/tv_grab_fr_telerama line 1172.
Use of uninitialized value $chname in pattern match (m//) at /home/runner/work/xmltv/xmltv/scripts/tv_grab_fr_telerama/tv_grab_fr_telerama line 1169.
Use of uninitialized value $chname in pattern match (m//) at /home/runner/work/xmltv/xmltv/scripts/tv_grab_fr_telerama/tv_grab_fr_telerama line 1172.
Use of uninitialized value $chname in pattern match (m//) at /home/runner/work/xmltv/xmltv/scripts/tv_grab_fr_telerama/tv_grab_fr_telerama line 1169.
Use of uninitialized value $chname in pattern match (m//) at /home/runner/work/xmltv/xmltv/scripts/tv_grab_fr_telerama/tv_grab_fr_telerama line 1172.
Use of uninitialized value $chname in pattern match (m//) at /home/runner/work/xmltv/xmltv/scripts/tv_grab_fr_telerama/tv_grab_fr_telerama line 1169.
Use of uninitialized value $chname in pattern match (m//) at /home/runner/work/xmltv/xmltv/scripts/tv_grab_fr_telerama/tv_grab_fr_telerama line 1172.
Use of uninitialized value $chname in pattern match (m//) at /home/runner/work/xmltv/xmltv/scripts/tv_grab_fr_telerama/tv_grab_fr_telerama line 1169.
Use of uninitialized value $chname in pattern match (m//) at /home/runner/work/xmltv/xmltv/scripts/tv_grab_fr_telerama/tv_grab_fr_telerama line 1172.
Use of uninitialized value $chname in pattern match (m//) at /home/runner/work/xmltv/xmltv/scripts/tv_grab_fr_telerama/tv_grab_fr_telerama line 1169.
Use of uninitialized value $chname in pattern match (m//) at /home/runner/work/xmltv/xmltv/scripts/tv_grab_fr_telerama/tv_grab_fr_telerama line 1172.
Use of uninitialized value $chname in pattern match (m//) at /home/runner/work/xmltv/xmltv/scripts/tv_grab_fr_telerama/tv_grab_fr_telerama line 1169.
Use of uninitialized value $chname in pattern match (m//) at /home/runner/work/xmltv/xmltv/scripts/tv_grab_fr_telerama/tv_grab_fr_telerama line 1172.
Use of uninitialized value $chname in pattern match (m//) at /home/runner/work/xmltv/xmltv/scripts/tv_grab_fr_telerama/tv_grab_fr_telerama line 1169.
Use of uninitialized value $chname in pattern match (m//) at /home/runner/work/xmltv/xmltv/scripts/tv_grab_fr_telerama/tv_grab_fr_telerama line 1172.
Use of uninitialized value $chname in pattern match (m//) at /home/runner/work/xmltv/xmltv/scripts/tv_grab_fr_telerama/tv_grab_fr_telerama line 1169.
Use of uninitialized value $chname in pattern match (m//) at /home/runner/work/xmltv/xmltv/scripts/tv_grab_fr_telerama/tv_grab_fr_telerama line 1172.
Use of uninitialized value $chname in pattern match (m//) at /home/runner/work/xmltv/xmltv/scripts/tv_grab_fr_telerama/tv_grab_fr_telerama line 1169.
Use of uninitialized value $chname in pattern match (m//) at /home/runner/work/xmltv/xmltv/scripts/tv_grab_fr_telerama/tv_grab_fr_telerama line 1172.
Use of uninitialized value $chname in pattern match (m//) at /home/runner/work/xmltv/xmltv/scripts/tv_grab_fr_telerama/tv_grab_fr_telerama line 1169.
Use of uninitialized value $chname in pattern match (m//) at /home/runner/work/xmltv/xmltv/scripts/tv_grab_fr_telerama/tv_grab_fr_telerama line 1172.
Use of uninitialized value $chname in pattern match (m//) at /home/runner/work/xmltv/xmltv/scripts/tv_grab_fr_telerama/tv_grab_fr_telerama line 1169.
Use of uninitialized value $chname in pattern match (m//) at /home/runner/work/xmltv/xmltv/scripts/tv_grab_fr_telerama/tv_grab_fr_telerama line 1172.
Use of uninitialized value $chname in pattern match (m//) at /home/runner/work/xmltv/xmltv/scripts/tv_grab_fr_telerama/tv_grab_fr_telerama line 1169.
Use of uninitialized value $chname in pattern match (m//) at /home/runner/work/xmltv/xmltv/scripts/tv_grab_fr_telerama/tv_grab_fr_telerama line 1172.
Use of uninitialized value $chname in pattern match (m//) at /home/runner/work/xmltv/xmltv/scripts/tv_grab_fr_telerama/tv_grab_fr_telerama line 1169.
Use of uninitialized value $chname in pattern match (m//) at /home/runner/work/xmltv/xmltv/scripts/tv_grab_fr_telerama/tv_grab_fr_telerama line 1172.
Use of uninitialized value $chname in pattern match (m//) at /home/runner/work/xmltv/xmltv/scripts/tv_grab_fr_telerama/tv_grab_fr_telerama line 1169.
Use of uninitialized value $chname in pattern match (m//) at /home/runner/work/xmltv/xmltv/scripts/tv_grab_fr_telerama/tv_grab_fr_telerama line 1172.
Use of uninitialized value $chname in pattern match (m//) at /home/runner/work/xmltv/xmltv/scripts/tv_grab_fr_telerama/tv_grab_fr_telerama line 1169.
Use of uninitialized value $chname in pattern match (m//) at /home/runner/work/xmltv/xmltv/scripts/tv_grab_fr_telerama/tv_grab_fr_telerama line 1172.
Use of uninitialized value $chname in pattern match (m//) at /home/runner/work/xmltv/xmltv/scripts/tv_grab_fr_telerama/tv_grab_fr_telerama line 1169.
Use of uninitialized value $chname in pattern match (m//) at /home/runner/work/xmltv/xmltv/scripts/tv_grab_fr_telerama/tv_grab_fr_telerama line 1172.
Use of uninitialized value $chname in pattern match (m//) at /home/runner/work/xmltv/xmltv/scripts/tv_grab_fr_telerama/tv_grab_fr_telerama line 1169.
Use of uninitialized value $chname in pattern match (m//) at /home/runner/work/xmltv/xmltv/scripts/tv_grab_fr_telerama/tv_grab_fr_telerama line 1172.
Use of uninitialized value $chname in pattern match (m//) at /home/runner/work/xmltv/xmltv/scripts/tv_grab_fr_telerama/tv_grab_fr_telerama line 1169.
Use of uninitialized value $chname in pattern match (m//) at /home/runner/work/xmltv/xmltv/scripts/tv_grab_fr_telerama/tv_grab_fr_telerama line 1172.
Use of uninitialized value $chname in pattern match (m//) at /home/runner/work/xmltv/xmltv/scripts/tv_grab_fr_telerama/tv_grab_fr_telerama line 1169.
Use of uninitialized value $chname in pattern match (m//) at /home/runner/work/xmltv/xmltv/scripts/tv_grab_fr_telerama/tv_grab_fr_telerama line 1172.
Use of uninitialized value $chname in pattern match (m//) at /home/runner/work/xmltv/xmltv/scripts/tv_grab_fr_telerama/tv_grab_fr_telerama line 1169.
Use of uninitialized value $chname in pattern match (m//) at /home/runner/work/xmltv/xmltv/scripts/tv_grab_fr_telerama/tv_grab_fr_telerama line 1172.
Use of uninitialized value $chname in pattern match (m//) at /home/runner/work/xmltv/xmltv/scripts/tv_grab_fr_telerama/tv_grab_fr_telerama line 1169.
Use of uninitialized value $chname in pattern match (m//) at /home/runner/work/xmltv/xmltv/scripts/tv_grab_fr_telerama/tv_grab_fr_telerama line 1172.
Use of uninitialized value $chname in pattern match (m//) at /home/runner/work/xmltv/xmltv/scripts/tv_grab_fr_telerama/tv_grab_fr_telerama line 1169.
Use of uninitialized value $chname in pattern match (m//) at /home/runner/work/xmltv/xmltv/scripts/tv_grab_fr_telerama/tv_grab_fr_telerama line 1172.
Use of uninitialized value $chname in pattern match (m//) at /home/runner/work/xmltv/xmltv/scripts/tv_grab_fr_telerama/tv_grab_fr_telerama line 1169.
Use of uninitialized value $chname in pattern match (m//) at /home/runner/work/xmltv/xmltv/scripts/tv_grab_fr_telerama/tv_grab_fr_telerama line 1172.
Use of uninitialized value $chname in pattern match (m//) at /home/runner/work/xmltv/xmltv/scripts/tv_grab_fr_telerama/tv_grab_fr_telerama line 1169.
Use of uninitialized value $chname in pattern match (m//) at /home/runner/work/xmltv/xmltv/scripts/tv_grab_fr_telerama/tv_grab_fr_telerama line 1172.
Use of uninitialized value $chname in pattern match (m//) at /home/runner/work/xmltv/xmltv/scripts/tv_grab_fr_telerama/tv_grab_fr_telerama line 1169.
Use of uninitialized value $chname in pattern match (m//) at /home/runner/work/xmltv/xmltv/scripts/tv_grab_fr_telerama/tv_grab_fr_telerama line 1172.
Use of uninitialized value $chname in pattern match (m//) at /home/runner/work/xmltv/xmltv/scripts/tv_grab_fr_telerama/tv_grab_fr_telerama line 1169.
Use of uninitialized value $chname in pattern match (m//) at /home/runner/work/xmltv/xmltv/scripts/tv_grab_fr_telerama/tv_grab_fr_telerama line 1172.
Use of uninitialized value $chname in pattern match (m//) at /home/runner/work/xmltv/xmltv/scripts/tv_grab_fr_telerama/tv_grab_fr_telerama line 1169.
Use of uninitialized value $chname in pattern match (m//) at /home/runner/work/xmltv/xmltv/scripts/tv_grab_fr_telerama/tv_grab_fr_telerama line 1172.
Use of uninitialized value $chname in pattern match (m//) at /home/runner/work/xmltv/xmltv/scripts/tv_grab_fr_telerama/tv_grab_fr_telerama line 1169.
Use of uninitialized value $chname in pattern match (m//) at /home/runner/work/xmltv/xmltv/scripts/tv_grab_fr_telerama/tv_grab_fr_telerama line 1172.
Use of uninitialized value $chname in pattern match (m//) at /home/runner/work/xmltv/xmltv/scripts/tv_grab_fr_telerama/tv_grab_fr_telerama line 1169.
Use of uninitialized value $chname in pattern match (m//) at /home/runner/work/xmltv/xmltv/scripts/tv_grab_fr_telerama/tv_grab_fr_telerama line 1172.
Use of uninitialized value $chname in pattern match (m//) at /home/runner/work/xmltv/xmltv/scripts/tv_grab_fr_telerama/tv_grab_fr_telerama line 1169.
Use of uninitialized value $chname in pattern match (m//) at /home/runner/work/xmltv/xmltv/scripts/tv_grab_fr_telerama/tv_grab_fr_telerama line 1172.
Use of uninitialized value $chname in pattern match (m//) at /home/runner/work/xmltv/xmltv/scripts/tv_grab_fr_telerama/tv_grab_fr_telerama line 1169.
Use of uninitialized value $chname in pattern match (m//) at /home/runner/work/xmltv/xmltv/scripts/tv_grab_fr_telerama/tv_grab_fr_telerama line 1172.
Use of uninitialized value $chname in pattern match (m//) at /home/runner/work/xmltv/xmltv/scripts/tv_grab_fr_telerama/tv_grab_fr_telerama line 1169.
Use of uninitialized value $chname in pattern match (m//) at /home/runner/work/xmltv/xmltv/scripts/tv_grab_fr_telerama/tv_grab_fr_telerama line 1172.
Use of uninitialized value $chname in pattern match (m//) at /home/runner/work/xmltv/xmltv/scripts/tv_grab_fr_telerama/tv_grab_fr_telerama line 1169.
Use of uninitialized value $chname in pattern match (m//) at /home/runner/work/xmltv/xmltv/scripts/tv_grab_fr_telerama/tv_grab_fr_telerama line 1172.
Use of uninitialized value $chname in pattern match (m//) at /home/runner/work/xmltv/xmltv/scripts/tv_grab_fr_telerama/tv_grab_fr_telerama line 1169.
Use of uninitialized value $chname in pattern match (m//) at /home/runner/work/xmltv/xmltv/scripts/tv_grab_fr_telerama/tv_grab_fr_telerama line 1172.
Use of uninitialized value $chname in pattern match (m//) at /home/runner/work/xmltv/xmltv/scripts/tv_grab_fr_telerama/tv_grab_fr_telerama line 1169.
Use of uninitialized value $chname in pattern match (m//) at /home/runner/work/xmltv/xmltv/scripts/tv_grab_fr_telerama/tv_grab_fr_telerama line 1172.
Use of uninitialized value $chname in pattern match (m//) at /home/runner/work/xmltv/xmltv/scripts/tv_grab_fr_telerama/tv_grab_fr_telerama line 1169.
Use of uninitialized value $chname in pattern match (m//) at /home/runner/work/xmltv/xmltv/scripts/tv_grab_fr_telerama/tv_grab_fr_telerama line 1172.
Use of uninitialized value $chname in pattern match (m//) at /home/runner/work/xmltv/xmltv/scripts/tv_grab_fr_telerama/tv_grab_fr_telerama line 1169.
Use of uninitialized value $chname in pattern match (m//) at /home/runner/work/xmltv/xmltv/scripts/tv_grab_fr_telerama/tv_grab_fr_telerama line 1172.
Use of uninitialized value $chname in pattern match (m//) at /home/runner/work/xmltv/xmltv/scripts/tv_grab_fr_telerama/tv_grab_fr_telerama line 1169.
Use of uninitialized value $chname in pattern match (m//) at /home/runner/work/xmltv/xmltv/scripts/tv_grab_fr_telerama/tv_grab_fr_telerama line 1172.
Use of uninitialized value $chname in pattern match (m//) at /home/runner/work/xmltv/xmltv/scripts/tv_grab_fr_telerama/tv_grab_fr_telerama line 1169.
Use of uninitialized value $chname in pattern match (m//) at /home/runner/work/xmltv/xmltv/scripts/tv_grab_fr_telerama/tv_grab_fr_telerama line 1172.
Use of uninitialized value $chname in pattern match (m//) at /home/runner/work/xmltv/xmltv/scripts/tv_grab_fr_telerama/tv_grab_fr_telerama line 1169.
Use of uninitialized value $chname in pattern match (m//) at /home/runner/work/xmltv/xmltv/scripts/tv_grab_fr_telerama/tv_grab_fr_telerama line 1172.
Use of uninitialized value $chname in pattern match (m//) at /home/runner/work/xmltv/xmltv/scripts/tv_grab_fr_telerama/tv_grab_fr_telerama line 1169.
Use of uninitialized value $chname in pattern match (m//) at /home/runner/work/xmltv/xmltv/scripts/tv_grab_fr_telerama/tv_grab_fr_telerama line 1172.
Use of uninitialized value $chname in pattern match (m//) at /home/runner/work/xmltv/xmltv/scripts/tv_grab_fr_telerama/tv_grab_fr_telerama line 1169.
Use of uninitialized value $chname in pattern match (m//) at /home/runner/work/xmltv/xmltv/scripts/tv_grab_fr_telerama/tv_grab_fr_telerama line 1172.
Use of uninitialized value $chname in pattern match (m//) at /home/runner/work/xmltv/xmltv/scripts/tv_grab_fr_telerama/tv_grab_fr_telerama line 1169.
Use of uninitialized value $chname in pattern match (m//) at /home/runner/work/xmltv/xmltv/scripts/tv_grab_fr_telerama/tv_grab_fr_telerama line 1172.
Use of uninitialized value $chname in pattern match (m//) at /home/runner/work/xmltv/xmltv/scripts/tv_grab_fr_telerama/tv_grab_fr_telerama line 1169.
Use of uninitialized value $chname in pattern match (m//) at /home/runner/work/xmltv/xmltv/scripts/tv_grab_fr_telerama/tv_grab_fr_telerama line 1172.
Use of uninitialized value $chname in pattern match (m//) at /home/runner/work/xmltv/xmltv/scripts/tv_grab_fr_telerama/tv_grab_fr_telerama line 1169.
Use of uninitialized value $chname in pattern match (m//) at /home/runner/work/xmltv/xmltv/scripts/tv_grab_fr_telerama/tv_grab_fr_telerama line 1172.
Use of uninitialized value $chname in pattern match (m//) at /home/runner/work/xmltv/xmltv/scripts/tv_grab_fr_telerama/tv_grab_fr_telerama line 1169.
Use of uninitialized value $chname in pattern match (m//) at /home/runner/work/xmltv/xmltv/scripts/tv_grab_fr_telerama/tv_grab_fr_telerama line 1172.
Use of uninitialized value $chname in pattern match (m//) at /home/runner/work/xmltv/xmltv/scripts/tv_grab_fr_telerama/tv_grab_fr_telerama line 1169.
Use of uninitialized value $chname in pattern match (m//) at /home/runner/work/xmltv/xmltv/scripts/tv_grab_fr_telerama/tv_grab_fr_telerama line 1172.
Use of uninitialized value $chname in pattern match (m//) at /home/runner/work/xmltv/xmltv/scripts/tv_grab_fr_telerama/tv_grab_fr_telerama line 1169.
Use of uninitialized value $chname in pattern match (m//) at /home/runner/work/xmltv/xmltv/scripts/tv_grab_fr_telerama/tv_grab_fr_telerama line 1172.
Use of uninitialized value $chname in pattern match (m//) at /home/runner/work/xmltv/xmltv/scripts/tv_grab_fr_telerama/tv_grab_fr_telerama line 1169.
Use of uninitialized value $chname in pattern match (m//) at /home/runner/work/xmltv/xmltv/scripts/tv_grab_fr_telerama/tv_grab_fr_telerama line 1172.
Use of uninitialized value $chname in pattern match (m//) at /home/runner/work/xmltv/xmltv/scripts/tv_grab_fr_telerama/tv_grab_fr_telerama line 1169.
Use of uninitialized value $chname in pattern match (m//) at /home/runner/work/xmltv/xmltv/scripts/tv_grab_fr_telerama/tv_grab_fr_telerama line 1172.
Use of uninitialized value $chname in pattern match (m//) at /home/runner/work/xmltv/xmltv/scripts/tv_grab_fr_telerama/tv_grab_fr_telerama line 1169.
Use of uninitialized value $chname in pattern match (m//) at /home/runner/work/xmltv/xmltv/scripts/tv_grab_fr_telerama/tv_grab_fr_telerama line 1172.
Use of uninitialized value $chname in pattern match (m//) at /home/runner/work/xmltv/xmltv/scripts/tv_grab_fr_telerama/tv_grab_fr_telerama line 1169.
Use of uninitialized value $chname in pattern match (m//) at /home/runner/work/xmltv/xmltv/scripts/tv_grab_fr_telerama/tv_grab_fr_telerama line 1172.
Use of uninitialized value $chname in pattern match (m//) at /home/runner/work/xmltv/xmltv/scripts/tv_grab_fr_telerama/tv_grab_fr_telerama line 1169.
Use of uninitialized value $chname in pattern match (m//) at /home/runner/work/xmltv/xmltv/scripts/tv_grab_fr_telerama/tv_grab_fr_telerama line 1172.
Use of uninitialized value $chname in pattern match (m//) at /home/runner/work/xmltv/xmltv/scripts/tv_grab_fr_telerama/tv_grab_fr_telerama line 1169.
Use of uninitialized value $chname in pattern match (m//) at /home/runner/work/xmltv/xmltv/scripts/tv_grab_fr_telerama/tv_grab_fr_telerama line 1172.
Use of uninitialized value $chname in pattern match (m//) at /home/runner/work/xmltv/xmltv/scripts/tv_grab_fr_telerama/tv_grab_fr_telerama line 1169.
Use of uninitialized value $chname in pattern match (m//) at /home/runner/work/xmltv/xmltv/scripts/tv_grab_fr_telerama/tv_grab_fr_telerama line 1172.
Use of uninitialized value $chname in pattern match (m//) at /home/runner/work/xmltv/xmltv/scripts/tv_grab_fr_telerama/tv_grab_fr_telerama line 1169.
Use of uninitialized value $chname in pattern match (m//) at /home/runner/work/xmltv/xmltv/scripts/tv_grab_fr_telerama/tv_grab_fr_telerama line 1172.
Use of uninitialized value $chname in pattern match (m//) at /home/runner/work/xmltv/xmltv/scripts/tv_grab_fr_telerama/tv_grab_fr_telerama line 1169.
Use of uninitialized value $chname in pattern match (m//) at /home/runner/work/xmltv/xmltv/scripts/tv_grab_fr_telerama/tv_grab_fr_telerama line 1172.
Use of uninitialized value $chname in pattern match (m//) at /home/runner/work/xmltv/xmltv/scripts/tv_grab_fr_telerama/tv_grab_fr_telerama line 1169.
Use of uninitialized value $chname in pattern match (m//) at /home/runner/work/xmltv/xmltv/scripts/tv_grab_fr_telerama/tv_grab_fr_telerama line 1172.
Use of uninitialized value $chname in pattern match (m//) at /home/runner/work/xmltv/xmltv/scripts/tv_grab_fr_telerama/tv_grab_fr_telerama line 1169.
Use of uninitialized value $chname in pattern match (m//) at /home/runner/work/xmltv/xmltv/scripts/tv_grab_fr_telerama/tv_grab_fr_telerama line 1172.
Use of uninitialized value $chname in pattern match (m//) at /home/runner/work/xmltv/xmltv/scripts/tv_grab_fr_telerama/tv_grab_fr_telerama line 1169.
Use of uninitialized value $chname in pattern match (m//) at /home/runner/work/xmltv/xmltv/scripts/tv_grab_fr_telerama/tv_grab_fr_telerama line 1172.
Use of uninitialized value $chname in pattern match (m//) at /home/runner/work/xmltv/xmltv/scripts/tv_grab_fr_telerama/tv_grab_fr_telerama line 1169.
Use of uninitialized value $chname in pattern match (m//) at /home/runner/work/xmltv/xmltv/scripts/tv_grab_fr_telerama/tv_grab_fr_telerama line 1172.
Use of uninitialized value $chname in pattern match (m//) at /home/runner/work/xmltv/xmltv/scripts/tv_grab_fr_telerama/tv_grab_fr_telerama line 1169.
Use of uninitialized value $chname in pattern match (m//) at /home/runner/work/xmltv/xmltv/scripts/tv_grab_fr_telerama/tv_grab_fr_telerama line 1172.
Use of uninitialized value $chname in pattern match (m//) at /home/runner/work/xmltv/xmltv/scripts/tv_grab_fr_telerama/tv_grab_fr_telerama line 1169.
Use of uninitialized value $chname in pattern match (m//) at /home/runner/work/xmltv/xmltv/scripts/tv_grab_fr_telerama/tv_grab_fr_telerama line 1172.
Use of uninitialized value $chname in pattern match (m//) at /home/runner/work/xmltv/xmltv/scripts/tv_grab_fr_telerama/tv_grab_fr_telerama line 1169.
Use of uninitialized value $chname in pattern match (m//) at /home/runner/work/xmltv/xmltv/scripts/tv_grab_fr_telerama/tv_grab_fr_telerama line 1172.
Use of uninitialized value $chname in pattern match (m//) at /home/runner/work/xmltv/xmltv/scripts/tv_grab_fr_telerama/tv_grab_fr_telerama line 1169.
Use of uninitialized value $chname in pattern match (m//) at /home/runner/work/xmltv/xmltv/scripts/tv_grab_fr_telerama/tv_grab_fr_telerama line 1172.
Use of uninitialized value $chname in pattern match (m//) at /home/runner/work/xmltv/xmltv/scripts/tv_grab_fr_telerama/tv_grab_fr_telerama line 1169.
Use of uninitialized value $chname in pattern match (m//) at /home/runner/work/xmltv/xmltv/scripts/tv_grab_fr_telerama/tv_grab_fr_telerama line 1172.
Use of uninitialized value $chname in pattern match (m//) at /home/runner/work/xmltv/xmltv/scripts/tv_grab_fr_telerama/tv_grab_fr_telerama line 1169.
Use of uninitialized value $chname in pattern match (m//) at /home/runner/work/xmltv/xmltv/scripts/tv_grab_fr_telerama/tv_grab_fr_telerama line 1172.
Use of uninitialized value $chname in pattern match (m//) at /home/runner/work/xmltv/xmltv/scripts/tv_grab_fr_telerama/tv_grab_fr_telerama line 1169.
Use of uninitialized value $chname in pattern match (m//) at /home/runner/work/xmltv/xmltv/scripts/tv_grab_fr_telerama/tv_grab_fr_telerama line 1172.
Use of uninitialized value $chname in pattern match (m//) at /home/runner/work/xmltv/xmltv/scripts/tv_grab_fr_telerama/tv_grab_fr_telerama line 1169.
Use of uninitialized value $chname in pattern match (m//) at /home/runner/work/xmltv/xmltv/scripts/tv_grab_fr_telerama/tv_grab_fr_telerama line 1172.
Use of uninitialized value $chname in pattern match (m//) at /home/runner/work/xmltv/xmltv/scripts/tv_grab_fr_telerama/tv_grab_fr_telerama line 1169.
Use of uninitialized value $chname in pattern match (m//) at /home/runner/work/xmltv/xmltv/scripts/tv_grab_fr_telerama/tv_grab_fr_telerama line 1172.
Use of uninitialized value $chname in pattern match (m//) at /home/runner/work/xmltv/xmltv/scripts/tv_grab_fr_telerama/tv_grab_fr_telerama line 1169.
Use of uninitialized value $chname in pattern match (m//) at /home/runner/work/xmltv/xmltv/scripts/tv_grab_fr_telerama/tv_grab_fr_telerama line 1172.
Use of uninitialized value $chname in pattern match (m//) at /home/runner/work/xmltv/xmltv/scripts/tv_grab_fr_telerama/tv_grab_fr_telerama line 1169.
Use of uninitialized value $chname in pattern match (m//) at /home/runner/work/xmltv/xmltv/scripts/tv_grab_fr_telerama/tv_grab_fr_telerama line 1172.
Use of uninitialized value $chname in pattern match (m//) at /home/runner/work/xmltv/xmltv/scripts/tv_grab_fr_telerama/tv_grab_fr_telerama line 1169.
Use of uninitialized value $chname in pattern match (m//) at /home/runner/work/xmltv/xmltv/scripts/tv_grab_fr_telerama/tv_grab_fr_telerama line 1172.
Use of uninitialized value $chname in pattern match (m//) at /home/runner/work/xmltv/xmltv/scripts/tv_grab_fr_telerama/tv_grab_fr_telerama line 1169.
Use of uninitialized value $chname in pattern match (m//) at /home/runner/work/xmltv/xmltv/scripts/tv_grab_fr_telerama/tv_grab_fr_telerama line 1172.
Use of uninitialized value $chname in pattern match (m//) at /home/runner/work/xmltv/xmltv/scripts/tv_grab_fr_telerama/tv_grab_fr_telerama line 1169.
Use of uninitialized value $chname in pattern match (m//) at /home/runner/work/xmltv/xmltv/scripts/tv_grab_fr_telerama/tv_grab_fr_telerama line 1172.
Use of uninitialized value $chname in pattern match (m//) at /home/runner/work/xmltv/xmltv/scripts/tv_grab_fr_telerama/tv_grab_fr_telerama line 1169.
Use of uninitialized value $chname in pattern match (m//) at /home/runner/work/xmltv/xmltv/scripts/tv_grab_fr_telerama/tv_grab_fr_telerama line 1172.
Use of uninitialized value $chname in pattern match (m//) at /home/runner/work/xmltv/xmltv/scripts/tv_grab_fr_telerama/tv_grab_fr_telerama line 1169.
Use of uninitialized value $chname in pattern match (m//) at /home/runner/work/xmltv/xmltv/scripts/tv_grab_fr_telerama/tv_grab_fr_telerama line 1172.
Use of uninitialized value $chname in pattern match (m//) at /home/runner/work/xmltv/xmltv/scripts/tv_grab_fr_telerama/tv_grab_fr_telerama line 1169.
Use of uninitialized value $chname in pattern match (m//) at /home/runner/work/xmltv/xmltv/scripts/tv_grab_fr_telerama/tv_grab_fr_telerama line 1172.
Use of uninitialized value $chname in pattern match (m//) at /home/runner/work/xmltv/xmltv/scripts/tv_grab_fr_telerama/tv_grab_fr_telerama line 1169.
Use of uninitialized value $chname in pattern match (m//) at /home/runner/work/xmltv/xmltv/scripts/tv_grab_fr_telerama/tv_grab_fr_telerama line 1172.
Use of uninitialized value $chname in pattern match (m//) at /home/runner/work/xmltv/xmltv/scripts/tv_grab_fr_telerama/tv_grab_fr_telerama line 1169.
Use of uninitialized value $chname in pattern match (m//) at /home/runner/work/xmltv/xmltv/scripts/tv_grab_fr_telerama/tv_grab_fr_telerama line 1172.
Use of uninitialized value $chname in pattern match (m//) at /home/runner/work/xmltv/xmltv/scripts/tv_grab_fr_telerama/tv_grab_fr_telerama line 1169.
Use of uninitialized value $chname in pattern match (m//) at /home/runner/work/xmltv/xmltv/scripts/tv_grab_fr_telerama/tv_grab_fr_telerama line 1172.
Use of uninitialized value $chname in pattern match (m//) at /home/runner/work/xmltv/xmltv/scripts/tv_grab_fr_telerama/tv_grab_fr_telerama line 1169.
Use of uninitialized value $chname in pattern match (m//) at /home/runner/work/xmltv/xmltv/scripts/tv_grab_fr_telerama/tv_grab_fr_telerama line 1172.
Use of uninitialized value $chname in pattern match (m//) at /home/runner/work/xmltv/xmltv/scripts/tv_grab_fr_telerama/tv_grab_fr_telerama line 1169.
Use of uninitialized value $chname in pattern match (m//) at /home/runner/work/xmltv/xmltv/scripts/tv_grab_fr_telerama/tv_grab_fr_telerama line 1172.
Use of uninitialized value $chname in pattern match (m//) at /home/runner/work/xmltv/xmltv/scripts/tv_grab_fr_telerama/tv_grab_fr_telerama line 1169.
Use of uninitialized value $chname in pattern match (m//) at /home/runner/work/xmltv/xmltv/scripts/tv_grab_fr_telerama/tv_grab_fr_telerama line 1172.
Use of uninitialized value $chname in pattern match (m//) at /home/runner/work/xmltv/xmltv/scripts/tv_grab_fr_telerama/tv_grab_fr_telerama line 1169.
Use of uninitialized value $chname in pattern match (m//) at /home/runner/work/xmltv/xmltv/scripts/tv_grab_fr_telerama/tv_grab_fr_telerama line 1172.
Use of uninitialized value $chname in pattern match (m//) at /home/runner/work/xmltv/xmltv/scripts/tv_grab_fr_telerama/tv_grab_fr_telerama line 1169.
Use of uninitialized value $chname in pattern match (m//) at /home/runner/work/xmltv/xmltv/scripts/tv_grab_fr_telerama/tv_grab_fr_telerama line 1172.
Use of uninitialized value $chname in pattern match (m//) at /home/runner/work/xmltv/xmltv/scripts/tv_grab_fr_telerama/tv_grab_fr_telerama line 1169.
Use of uninitialized value $chname in pattern match (m//) at /home/runner/work/xmltv/xmltv/scripts/tv_grab_fr_telerama/tv_grab_fr_telerama line 1172.
Use of uninitialized value $chname in pattern match (m//) at /home/runner/work/xmltv/xmltv/scripts/tv_grab_fr_telerama/tv_grab_fr_telerama line 1169.
Use of uninitialized value $chname in pattern match (m//) at /home/runner/work/xmltv/xmltv/scripts/tv_grab_fr_telerama/tv_grab_fr_telerama line 1172.
Use of uninitialized value $chname in pattern match (m//) at /home/runner/work/xmltv/xmltv/scripts/tv_grab_fr_telerama/tv_grab_fr_telerama line 1169.
Use of uninitialized value $chname in pattern match (m//) at /home/runner/work/xmltv/xmltv/scripts/tv_grab_fr_telerama/tv_grab_fr_telerama line 1172.
Use of uninitialized value $chname in pattern match (m//) at /home/runner/work/xmltv/xmltv/scripts/tv_grab_fr_telerama/tv_grab_fr_telerama line 1169.
Use of uninitialized value $chname in pattern match (m//) at /home/runner/work/xmltv/xmltv/scripts/tv_grab_fr_telerama/tv_grab_fr_telerama line 1172.
Use of uninitialized value $chname in pattern match (m//) at /home/runner/work/xmltv/xmltv/scripts/tv_grab_fr_telerama/tv_grab_fr_telerama line 1169.
Use of uninitialized value $chname in pattern match (m//) at /home/runner/work/xmltv/xmltv/scripts/tv_grab_fr_telerama/tv_grab_fr_telerama line 1172.
Use of uninitialized value $chname in pattern match (m//) at /home/runner/work/xmltv/xmltv/scripts/tv_grab_fr_telerama/tv_grab_fr_telerama line 1169.
Use of uninitialized value $chname in pattern match (m//) at /home/runner/work/xmltv/xmltv/scripts/tv_grab_fr_telerama/tv_grab_fr_telerama line 1172.
Use of uninitialized value $chname in pattern match (m//) at /home/runner/work/xmltv/xmltv/scripts/tv_grab_fr_telerama/tv_grab_fr_telerama line 1169.
Use of uninitialized value $chname in pattern match (m//) at /home/runner/work/xmltv/xmltv/scripts/tv_grab_fr_telerama/tv_grab_fr_telerama line 1172.
Use of uninitialized value $chname in pattern match (m//) at /home/runner/work/xmltv/xmltv/scripts/tv_grab_fr_telerama/tv_grab_fr_telerama line 1169.
Use of uninitialized value $chname in pattern match (m//) at /home/runner/work/xmltv/xmltv/scripts/tv_grab_fr_telerama/tv_grab_fr_telerama line 1172.
Use of uninitialized value $chname in pattern match (m//) at /home/runner/work/xmltv/xmltv/scripts/tv_grab_fr_telerama/tv_grab_fr_telerama line 1169.
Use of uninitialized value $chname in pattern match (m//) at /home/runner/work/xmltv/xmltv/scripts/tv_grab_fr_telerama/tv_grab_fr_telerama line 1172.
Use of uninitialized value $chname in pattern match (m//) at /home/runner/work/xmltv/xmltv/scripts/tv_grab_fr_telerama/tv_grab_fr_telerama line 1169.
Use of uninitialized value $chname in pattern match (m//) at /home/runner/work/xmltv/xmltv/scripts/tv_grab_fr_telerama/tv_grab_fr_telerama line 1172.
#################Use of uninitialized value $chname in pattern match (m//) at /home/runner/work/xmltv/xmltv/scripts/tv_grab_fr_telerama/tv_grab_fr_telerama line 1169.
Use of uninitialized value $chname in pattern match (m//) at /home/runner/work/xmltv/xmltv/scripts/tv_grab_fr_telerama/tv_grab_fr_telerama line 1172.
Use of uninitialized value $chname in pattern match (m//) at /home/runner/work/xmltv/xmltv/scripts/tv_grab_fr_telerama/tv_grab_fr_telerama line 1169.
Use of uninitialized value $chname in pattern match (m//) at /home/runner/work/xmltv/xmltv/scripts/tv_grab_fr_telerama/tv_grab_fr_telerama line 1172.
Use of uninitialized value $chname in pattern match (m//) at /home/runner/work/xmltv/xmltv/scripts/tv_grab_fr_telerama/tv_grab_fr_telerama line 1169.
Use of uninitialized value $chname in pattern match (m//) at /home/runner/work/xmltv/xmltv/scripts/tv_grab_fr_telerama/tv_grab_fr_telerama line 1172.
Use of uninitialized value $chname in pattern match (m//) at /home/runner/work/xmltv/xmltv/scripts/tv_grab_fr_telerama/tv_grab_fr_telerama line 1169.
Use of uninitialized value $chname in pattern match (m//) at /home/runner/work/xmltv/xmltv/scripts/tv_grab_fr_telerama/tv_grab_fr_telerama line 1172.
Use of uninitialized value $chname in pattern match (m//) at /home/runner/work/xmltv/xmltv/scripts/tv_grab_fr_telerama/tv_grab_fr_telerama line 1169.
Use of uninitialized value $chname in pattern match (m//) at /home/runner/work/xmltv/xmltv/scripts/tv_grab_fr_telerama/tv_grab_fr_telerama line 1172.
Use of uninitialized value $chname in pattern match (m//) at /home/runner/work/xmltv/xmltv/scripts/tv_grab_fr_telerama/tv_grab_fr_telerama line 1169.
Use of uninitialized value $chname in pattern match (m//) at /home/runner/work/xmltv/xmltv/scripts/tv_grab_fr_telerama/tv_grab_fr_telerama line 1172.
Use of uninitialized value $chname in pattern match (m//) at /home/runner/work/xmltv/xmltv/scripts/tv_grab_fr_telerama/tv_grab_fr_telerama line 1169.
Use of uninitialized value $chname in pattern match (m//) at /home/runner/work/xmltv/xmltv/scripts/tv_grab_fr_telerama/tv_grab_fr_telerama line 1172.
Use of uninitialized value $chname in pattern match (m//) at /home/runner/work/xmltv/xmltv/scripts/tv_grab_fr_telerama/tv_grab_fr_telerama line 1169.
Use of uninitialized value $chname in pattern match (m//) at /home/runner/work/xmltv/xmltv/scripts/tv_grab_fr_telerama/tv_grab_fr_telerama line 1172.
Use of uninitialized value $chname in pattern match (m//) at /home/runner/work/xmltv/xmltv/scripts/tv_grab_fr_telerama/tv_grab_fr_telerama line 1169.
Use of uninitialized value $chname in pattern match (m//) at /home/runner/work/xmltv/xmltv/scripts/tv_grab_fr_telerama/tv_grab_fr_telerama line 1172.
Use of uninitialized value $chname in pattern match (m//) at /home/runner/work/xmltv/xmltv/scripts/tv_grab_fr_telerama/tv_grab_fr_telerama line 1169.
Use of uninitialized value $chname in pattern match (m//) at /home/runner/work/xmltv/xmltv/scripts/tv_grab_fr_telerama/tv_grab_fr_telerama line 1172.
Use of uninitialized value $chname in pattern match (m//) at /home/runner/work/xmltv/xmltv/scripts/tv_grab_fr_telerama/tv_grab_fr_telerama line 1169.
Use of uninitialized value $chname in pattern match (m//) at /home/runner/work/xmltv/xmltv/scripts/tv_grab_fr_telerama/tv_grab_fr_telerama line 1172.
Use of uninitialized value $chname in pattern match (m//) at /home/runner/work/xmltv/xmltv/scripts/tv_grab_fr_telerama/tv_grab_fr_telerama line 1169.
Use of uninitialized value $chname in pattern match (m//) at /home/runner/work/xmltv/xmltv/scripts/tv_grab_fr_telerama/tv_grab_fr_telerama line 1172.
Use of uninitialized value $chname in pattern match (m//) at /home/runner/work/xmltv/xmltv/scripts/tv_grab_fr_telerama/tv_grab_fr_telerama line 1169.
Use of uninitialized value $chname in pattern match (m//) at /home/runner/work/xmltv/xmltv/scripts/tv_grab_fr_telerama/tv_grab_fr_telerama line 1172.
Use of uninitialized value $chname in pattern match (m//) at /home/runner/work/xmltv/xmltv/scripts/tv_grab_fr_telerama/tv_grab_fr_telerama line 1169.
Use of uninitialized value $chname in pattern match (m//) at /home/runner/work/xmltv/xmltv/scripts/tv_grab_fr_telerama/tv_grab_fr_telerama line 1172.
Use of uninitialized value $chname in pattern match (m//) at /home/runner/work/xmltv/xmltv/scripts/tv_grab_fr_telerama/tv_grab_fr_telerama line 1169.
Use of uninitialized value $chname in pattern match (m//) at /home/runner/work/xmltv/xmltv/scripts/tv_grab_fr_telerama/tv_grab_fr_telerama line 1172.
Use of uninitialized value $chname in pattern match (m//) at /home/runner/work/xmltv/xmltv/scripts/tv_grab_fr_telerama/tv_grab_fr_telerama line 1169.
Use of uninitialized value $chname in pattern match (m//) at /home/runner/work/xmltv/xmltv/scripts/tv_grab_fr_telerama/tv_grab_fr_telerama line 1172.
Use of uninitialized value $chname in pattern match (m//) at /home/runner/work/xmltv/xmltv/scripts/tv_grab_fr_telerama/tv_grab_fr_telerama line 1169.
Use of uninitialized value $chname in pattern match (m//) at /home/runner/work/xmltv/xmltv/scripts/tv_grab_fr_telerama/tv_grab_fr_telerama line 1172.
Use of uninitialized value $chname in pattern match (m//) at /home/runner/work/xmltv/xmltv/scripts/tv_grab_fr_telerama/tv_grab_fr_telerama line 1169.
Use of uninitialized value $chname in pattern match (m//) at /home/runner/work/xmltv/xmltv/scripts/tv_grab_fr_telerama/tv_grab_fr_telerama line 1172.
Use of uninitialized value $chname in pattern match (m//) at /home/runner/work/xmltv/xmltv/scripts/tv_grab_fr_telerama/tv_grab_fr_telerama line 1169.
Use of uninitialized value $chname in pattern match (m//) at /home/runner/work/xmltv/xmltv/scripts/tv_grab_fr_telerama/tv_grab_fr_telerama line 1172.
Use of uninitialized value $chname in pattern match (m//) at /home/runner/work/xmltv/xmltv/scripts/tv_grab_fr_telerama/tv_grab_fr_telerama line 1169.
Use of uninitialized value $chname in pattern match (m//) at /home/runner/work/xmltv/xmltv/scripts/tv_grab_fr_telerama/tv_grab_fr_telerama line 1172.
Use of uninitialized value $chname in pattern match (m//) at /home/runner/work/xmltv/xmltv/scripts/tv_grab_fr_telerama/tv_grab_fr_telerama line 1169.
Use of uninitialized value $chname in pattern match (m//) at /home/runner/work/xmltv/xmltv/scripts/tv_grab_fr_telerama/tv_grab_fr_telerama line 1172.
Use of uninitialized value $chname in pattern match (m//) at /home/runner/work/xmltv/xmltv/scripts/tv_grab_fr_telerama/tv_grab_fr_telerama line 1169.
Use of uninitialized value $chname in pattern match (m//) at /home/runner/work/xmltv/xmltv/scripts/tv_grab_fr_telerama/tv_grab_fr_telerama line 1172.
#################
Aucun programme pour la chaîne 3163 Culturebox le 2021-12-12
Grabber process finished in 328 seconds for 79 chans, 150 api calls : 146 api_casting, 3 api_grille, 1 api_init, 79 cached api_casting
