[Sun Feb  8 03:54:04 2026] Fetching listings:   0%
HTTP error: 403 Forbidden
Retrying URL: https://www.tvguide.co.uk/channellisting.asp?ch=140&cTime=02%2F07%2F2026%2000%3A00%3A00 (attempt 1 of 5) 
HTTP error: 403 Forbidden
Retrying URL: https://www.tvguide.co.uk/channellisting.asp?ch=140&cTime=02%2F07%2F2026%2000%3A00%3A00 (attempt 2 of 5) 
HTTP error: 403 Forbidden
Retrying URL: https://www.tvguide.co.uk/channellisting.asp?ch=140&cTime=02%2F07%2F2026%2000%3A00%3A00 (attempt 3 of 5) 
HTTP error: 403 Forbidden
Retrying URL: https://www.tvguide.co.uk/channellisting.asp?ch=140&cTime=02%2F07%2F2026%2000%3A00%3A00 (attempt 4 of 5) 
HTTP error: 403 Forbidden
Retrying URL: https://www.tvguide.co.uk/channellisting.asp?ch=140&cTime=02%2F07%2F2026%2000%3A00%3A00 (attempt 5 of 5) 
HTTP error: 403 Forbidden
Could not parse the page
[Sun Feb  8 03:54:14 2026] Fetching listings:   2%
HTTP error: 403 Forbidden
Retrying URL: https://www.tvguide.co.uk/channellisting.asp?ch=140&cTime=02%2F08%2F2026%2000%3A00%3A00 (attempt 1 of 5) 
HTTP error: 403 Forbidden
Retrying URL: https://www.tvguide.co.uk/channellisting.asp?ch=140&cTime=02%2F08%2F2026%2000%3A00%3A00 (attempt 2 of 5) 
HTTP error: 403 Forbidden
Retrying URL: https://www.tvguide.co.uk/channellisting.asp?ch=140&cTime=02%2F08%2F2026%2000%3A00%3A00 (attempt 3 of 5) 
HTTP error: 403 Forbidden
Retrying URL: https://www.tvguide.co.uk/channellisting.asp?ch=140&cTime=02%2F08%2F2026%2000%3A00%3A00 (attempt 4 of 5) 
HTTP error: 403 Forbidden
Retrying URL: https://www.tvguide.co.uk/channellisting.asp?ch=140&cTime=02%2F08%2F2026%2000%3A00%3A00 (attempt 5 of 5) 
HTTP error: 403 Forbidden
Could not parse the page
[Sun Feb  8 03:54:30 2026] Fetching listings:   4%
HTTP error: 403 Forbidden
Retrying URL: https://www.tvguide.co.uk/channellisting.asp?ch=178&cTime=02%2F07%2F2026%2000%3A00%3A00 (attempt 1 of 5) 
HTTP error: 403 Forbidden
Retrying URL: https://www.tvguide.co.uk/channellisting.asp?ch=178&cTime=02%2F07%2F2026%2000%3A00%3A00 (attempt 2 of 5) 
HTTP error: 403 Forbidden
Retrying URL: https://www.tvguide.co.uk/channellisting.asp?ch=178&cTime=02%2F07%2F2026%2000%3A00%3A00 (attempt 3 of 5) 
HTTP error: 403 Forbidden
Retrying URL: https://www.tvguide.co.uk/channellisting.asp?ch=178&cTime=02%2F07%2F2026%2000%3A00%3A00 (attempt 4 of 5) 
HTTP error: 403 Forbidden
Retrying URL: https://www.tvguide.co.uk/channellisting.asp?ch=178&cTime=02%2F07%2F2026%2000%3A00%3A00 (attempt 5 of 5) 
HTTP error: 403 Forbidden
Could not parse the page
[Sun Feb  8 03:54:36 2026] Fetching listings:   6%
HTTP error: 403 Forbidden
Retrying URL: https://www.tvguide.co.uk/channellisting.asp?ch=178&cTime=02%2F08%2F2026%2000%3A00%3A00 (attempt 1 of 5) 
HTTP error: 403 Forbidden
Retrying URL: https://www.tvguide.co.uk/channellisting.asp?ch=178&cTime=02%2F08%2F2026%2000%3A00%3A00 (attempt 2 of 5) 
HTTP error: 403 Forbidden
Retrying URL: https://www.tvguide.co.uk/channellisting.asp?ch=178&cTime=02%2F08%2F2026%2000%3A00%3A00 (attempt 3 of 5) 
HTTP error: 403 Forbidden
Retrying URL: https://www.tvguide.co.uk/channellisting.asp?ch=178&cTime=02%2F08%2F2026%2000%3A00%3A00 (attempt 4 of 5) 
HTTP error: 403 Forbidden
Retrying URL: https://www.tvguide.co.uk/channellisting.asp?ch=178&cTime=02%2F08%2F2026%2000%3A00%3A00 (attempt 5 of 5) 
HTTP error: 403 Forbidden
Could not parse the page
[Sun Feb  8 03:54:53 2026] Fetching listings:   8%
HTTP error: 403 Forbidden
Retrying URL: https://www.tvguide.co.uk/channellisting.asp?ch=185&cTime=02%2F07%2F2026%2000%3A00%3A00 (attempt 1 of 5) 
HTTP error: 403 Forbidden
Retrying URL: https://www.tvguide.co.uk/channellisting.asp?ch=185&cTime=02%2F07%2F2026%2000%3A00%3A00 (attempt 2 of 5) 
HTTP error: 403 Forbidden
Retrying URL: https://www.tvguide.co.uk/channellisting.asp?ch=185&cTime=02%2F07%2F2026%2000%3A00%3A00 (attempt 3 of 5) 
HTTP error: 403 Forbidden
Retrying URL: https://www.tvguide.co.uk/channellisting.asp?ch=185&cTime=02%2F07%2F2026%2000%3A00%3A00 (attempt 4 of 5) 
HTTP error: 403 Forbidden
Retrying URL: https://www.tvguide.co.uk/channellisting.asp?ch=185&cTime=02%2F07%2F2026%2000%3A00%3A00 (attempt 5 of 5) 
HTTP error: 403 Forbidden
Could not parse the page
[Sun Feb  8 03:55:07 2026] Fetching listings:  10%
HTTP error: 403 Forbidden
Retrying URL: https://www.tvguide.co.uk/channellisting.asp?ch=185&cTime=02%2F08%2F2026%2000%3A00%3A00 (attempt 1 of 5) 
HTTP error: 403 Forbidden
Retrying URL: https://www.tvguide.co.uk/channellisting.asp?ch=185&cTime=02%2F08%2F2026%2000%3A00%3A00 (attempt 2 of 5) 
HTTP error: 403 Forbidden
Retrying URL: https://www.tvguide.co.uk/channellisting.asp?ch=185&cTime=02%2F08%2F2026%2000%3A00%3A00 (attempt 3 of 5) 
HTTP error: 403 Forbidden
Retrying URL: https://www.tvguide.co.uk/channellisting.asp?ch=185&cTime=02%2F08%2F2026%2000%3A00%3A00 (attempt 4 of 5) 
HTTP error: 403 Forbidden
Retrying URL: https://www.tvguide.co.uk/channellisting.asp?ch=185&cTime=02%2F08%2F2026%2000%3A00%3A00 (attempt 5 of 5) 
HTTP error: 403 Forbidden
Could not parse the page
[Sun Feb  8 03:55:19 2026] Fetching listings:  12%
HTTP error: 403 Forbidden
Retrying URL: https://www.tvguide.co.uk/channellisting.asp?ch=182&cTime=02%2F07%2F2026%2000%3A00%3A00 (attempt 1 of 5) 
HTTP error: 403 Forbidden
Retrying URL: https://www.tvguide.co.uk/channellisting.asp?ch=182&cTime=02%2F07%2F2026%2000%3A00%3A00 (attempt 2 of 5) 
HTTP error: 403 Forbidden
Retrying URL: https://www.tvguide.co.uk/channellisting.asp?ch=182&cTime=02%2F07%2F2026%2000%3A00%3A00 (attempt 3 of 5) 
HTTP error: 403 Forbidden
Retrying URL: https://www.tvguide.co.uk/channellisting.asp?ch=182&cTime=02%2F07%2F2026%2000%3A00%3A00 (attempt 4 of 5) 
HTTP error: 403 Forbidden
Retrying URL: https://www.tvguide.co.uk/channellisting.asp?ch=182&cTime=02%2F07%2F2026%2000%3A00%3A00 (attempt 5 of 5) 
HTTP error: 403 Forbidden
Could not parse the page
[Sun Feb  8 03:55:29 2026] Fetching listings:  14%
HTTP error: 403 Forbidden
Retrying URL: https://www.tvguide.co.uk/channellisting.asp?ch=182&cTime=02%2F08%2F2026%2000%3A00%3A00 (attempt 1 of 5) 
HTTP error: 403 Forbidden
Retrying URL: https://www.tvguide.co.uk/channellisting.asp?ch=182&cTime=02%2F08%2F2026%2000%3A00%3A00 (attempt 2 of 5) 
HTTP error: 403 Forbidden
Retrying URL: https://www.tvguide.co.uk/channellisting.asp?ch=182&cTime=02%2F08%2F2026%2000%3A00%3A00 (attempt 3 of 5) 
HTTP error: 403 Forbidden
Retrying URL: https://www.tvguide.co.uk/channellisting.asp?ch=182&cTime=02%2F08%2F2026%2000%3A00%3A00 (attempt 4 of 5) 
HTTP error: 403 Forbidden
Retrying URL: https://www.tvguide.co.uk/channellisting.asp?ch=182&cTime=02%2F08%2F2026%2000%3A00%3A00 (attempt 5 of 5) 
HTTP error: 403 Forbidden
Could not parse the page
[Sun Feb  8 03:55:45 2026] Fetching listings:  16%
HTTP error: 403 Forbidden
Retrying URL: https://www.tvguide.co.uk/channellisting.asp?ch=257&cTime=02%2F07%2F2026%2000%3A00%3A00 (attempt 1 of 5) 
HTTP error: 403 Forbidden
Retrying URL: https://www.tvguide.co.uk/channellisting.asp?ch=257&cTime=02%2F07%2F2026%2000%3A00%3A00 (attempt 2 of 5) 
HTTP error: 403 Forbidden
Retrying URL: https://www.tvguide.co.uk/channellisting.asp?ch=257&cTime=02%2F07%2F2026%2000%3A00%3A00 (attempt 3 of 5) 
HTTP error: 403 Forbidden
Retrying URL: https://www.tvguide.co.uk/channellisting.asp?ch=257&cTime=02%2F07%2F2026%2000%3A00%3A00 (attempt 4 of 5) 
HTTP error: 403 Forbidden
Retrying URL: https://www.tvguide.co.uk/channellisting.asp?ch=257&cTime=02%2F07%2F2026%2000%3A00%3A00 (attempt 5 of 5) 
HTTP error: 403 Forbidden
Could not parse the page
[Sun Feb  8 03:55:52 2026] Fetching listings:  18%
HTTP error: 403 Forbidden
Retrying URL: https://www.tvguide.co.uk/channellisting.asp?ch=257&cTime=02%2F08%2F2026%2000%3A00%3A00 (attempt 1 of 5) 
HTTP error: 403 Forbidden
Retrying URL: https://www.tvguide.co.uk/channellisting.asp?ch=257&cTime=02%2F08%2F2026%2000%3A00%3A00 (attempt 2 of 5) 
HTTP error: 403 Forbidden
Retrying URL: https://www.tvguide.co.uk/channellisting.asp?ch=257&cTime=02%2F08%2F2026%2000%3A00%3A00 (attempt 3 of 5) 
HTTP error: 403 Forbidden
Retrying URL: https://www.tvguide.co.uk/channellisting.asp?ch=257&cTime=02%2F08%2F2026%2000%3A00%3A00 (attempt 4 of 5) 
HTTP error: 403 Forbidden
Retrying URL: https://www.tvguide.co.uk/channellisting.asp?ch=257&cTime=02%2F08%2F2026%2000%3A00%3A00 (attempt 5 of 5) 
HTTP error: 403 Forbidden
Could not parse the page
[Sun Feb  8 03:56:08 2026] Fetching listings:  20%
HTTP error: 403 Forbidden
Retrying URL: https://www.tvguide.co.uk/channellisting.asp?ch=267&cTime=02%2F07%2F2026%2000%3A00%3A00 (attempt 1 of 5) 
HTTP error: 403 Forbidden
Retrying URL: https://www.tvguide.co.uk/channellisting.asp?ch=267&cTime=02%2F07%2F2026%2000%3A00%3A00 (attempt 2 of 5) 
HTTP error: 403 Forbidden
Retrying URL: https://www.tvguide.co.uk/channellisting.asp?ch=267&cTime=02%2F07%2F2026%2000%3A00%3A00 (attempt 3 of 5) 
HTTP error: 403 Forbidden
Retrying URL: https://www.tvguide.co.uk/channellisting.asp?ch=267&cTime=02%2F07%2F2026%2000%3A00%3A00 (attempt 4 of 5) 
HTTP error: 403 Forbidden
Retrying URL: https://www.tvguide.co.uk/channellisting.asp?ch=267&cTime=02%2F07%2F2026%2000%3A00%3A00 (attempt 5 of 5) 
HTTP error: 403 Forbidden
Could not parse the page
[Sun Feb  8 03:56:28 2026] Fetching listings:  22%
HTTP error: 403 Forbidden
Retrying URL: https://www.tvguide.co.uk/channellisting.asp?ch=267&cTime=02%2F08%2F2026%2000%3A00%3A00 (attempt 1 of 5) 
HTTP error: 403 Forbidden
Retrying URL: https://www.tvguide.co.uk/channellisting.asp?ch=267&cTime=02%2F08%2F2026%2000%3A00%3A00 (attempt 2 of 5) 
HTTP error: 403 Forbidden
Retrying URL: https://www.tvguide.co.uk/channellisting.asp?ch=267&cTime=02%2F08%2F2026%2000%3A00%3A00 (attempt 3 of 5) 
HTTP error: 403 Forbidden
Retrying URL: https://www.tvguide.co.uk/channellisting.asp?ch=267&cTime=02%2F08%2F2026%2000%3A00%3A00 (attempt 4 of 5) 
HTTP error: 403 Forbidden
Retrying URL: https://www.tvguide.co.uk/channellisting.asp?ch=267&cTime=02%2F08%2F2026%2000%3A00%3A00 (attempt 5 of 5) 
HTTP error: 403 Forbidden
Could not parse the page
[Sun Feb  8 03:56:36 2026] Fetching listings:  24%
HTTP error: 403 Forbidden
Retrying URL: https://www.tvguide.co.uk/channellisting.asp?ch=279&cTime=02%2F07%2F2026%2000%3A00%3A00 (attempt 1 of 5) 
HTTP error: 403 Forbidden
Retrying URL: https://www.tvguide.co.uk/channellisting.asp?ch=279&cTime=02%2F07%2F2026%2000%3A00%3A00 (attempt 2 of 5) 
HTTP error: 403 Forbidden
Retrying URL: https://www.tvguide.co.uk/channellisting.asp?ch=279&cTime=02%2F07%2F2026%2000%3A00%3A00 (attempt 3 of 5) 
HTTP error: 403 Forbidden
Retrying URL: https://www.tvguide.co.uk/channellisting.asp?ch=279&cTime=02%2F07%2F2026%2000%3A00%3A00 (attempt 4 of 5) 
HTTP error: 403 Forbidden
Retrying URL: https://www.tvguide.co.uk/channellisting.asp?ch=279&cTime=02%2F07%2F2026%2000%3A00%3A00 (attempt 5 of 5) 
HTTP error: 403 Forbidden
Could not parse the page
[Sun Feb  8 03:56:50 2026] Fetching listings:  26%
HTTP error: 403 Forbidden
Retrying URL: https://www.tvguide.co.uk/channellisting.asp?ch=279&cTime=02%2F08%2F2026%2000%3A00%3A00 (attempt 1 of 5) 
HTTP error: 403 Forbidden
Retrying URL: https://www.tvguide.co.uk/channellisting.asp?ch=279&cTime=02%2F08%2F2026%2000%3A00%3A00 (attempt 2 of 5) 
HTTP error: 403 Forbidden
Retrying URL: https://www.tvguide.co.uk/channellisting.asp?ch=279&cTime=02%2F08%2F2026%2000%3A00%3A00 (attempt 3 of 5) 
HTTP error: 403 Forbidden
Retrying URL: https://www.tvguide.co.uk/channellisting.asp?ch=279&cTime=02%2F08%2F2026%2000%3A00%3A00 (attempt 4 of 5) 
HTTP error: 403 Forbidden
Retrying URL: https://www.tvguide.co.uk/channellisting.asp?ch=279&cTime=02%2F08%2F2026%2000%3A00%3A00 (attempt 5 of 5) 
HTTP error: 403 Forbidden
Could not parse the page
[Sun Feb  8 03:57:04 2026] Fetching listings:  28%
HTTP error: 403 Forbidden
Retrying URL: https://www.tvguide.co.uk/channellisting.asp?ch=320&cTime=02%2F07%2F2026%2000%3A00%3A00 (attempt 1 of 5) 
HTTP error: 403 Forbidden
Retrying URL: https://www.tvguide.co.uk/channellisting.asp?ch=320&cTime=02%2F07%2F2026%2000%3A00%3A00 (attempt 2 of 5) 
HTTP error: 403 Forbidden
Retrying URL: https://www.tvguide.co.uk/channellisting.asp?ch=320&cTime=02%2F07%2F2026%2000%3A00%3A00 (attempt 3 of 5) 
HTTP error: 403 Forbidden
Retrying URL: https://www.tvguide.co.uk/channellisting.asp?ch=320&cTime=02%2F07%2F2026%2000%3A00%3A00 (attempt 4 of 5) 
HTTP error: 403 Forbidden
Retrying URL: https://www.tvguide.co.uk/channellisting.asp?ch=320&cTime=02%2F07%2F2026%2000%3A00%3A00 (attempt 5 of 5) 
HTTP error: 403 Forbidden
Could not parse the page
[Sun Feb  8 03:57:19 2026] Fetching listings:  30%
HTTP error: 403 Forbidden
Retrying URL: https://www.tvguide.co.uk/channellisting.asp?ch=320&cTime=02%2F08%2F2026%2000%3A00%3A00 (attempt 1 of 5) 
HTTP error: 403 Forbidden
Retrying URL: https://www.tvguide.co.uk/channellisting.asp?ch=320&cTime=02%2F08%2F2026%2000%3A00%3A00 (attempt 2 of 5) 
HTTP error: 403 Forbidden
Retrying URL: https://www.tvguide.co.uk/channellisting.asp?ch=320&cTime=02%2F08%2F2026%2000%3A00%3A00 (attempt 3 of 5) 
HTTP error: 403 Forbidden
Retrying URL: https://www.tvguide.co.uk/channellisting.asp?ch=320&cTime=02%2F08%2F2026%2000%3A00%3A00 (attempt 4 of 5) 
HTTP error: 403 Forbidden
Retrying URL: https://www.tvguide.co.uk/channellisting.asp?ch=320&cTime=02%2F08%2F2026%2000%3A00%3A00 (attempt 5 of 5) 
HTTP error: 403 Forbidden
Could not parse the page
[Sun Feb  8 03:57:33 2026] Fetching listings:  32%
HTTP error: 403 Forbidden
Retrying URL: https://www.tvguide.co.uk/channellisting.asp?ch=422&cTime=02%2F07%2F2026%2000%3A00%3A00 (attempt 1 of 5) 
HTTP error: 403 Forbidden
Retrying URL: https://www.tvguide.co.uk/channellisting.asp?ch=422&cTime=02%2F07%2F2026%2000%3A00%3A00 (attempt 2 of 5) 
HTTP error: 403 Forbidden
Retrying URL: https://www.tvguide.co.uk/channellisting.asp?ch=422&cTime=02%2F07%2F2026%2000%3A00%3A00 (attempt 3 of 5) 
HTTP error: 403 Forbidden
Retrying URL: https://www.tvguide.co.uk/channellisting.asp?ch=422&cTime=02%2F07%2F2026%2000%3A00%3A00 (attempt 4 of 5) 
HTTP error: 403 Forbidden
Retrying URL: https://www.tvguide.co.uk/channellisting.asp?ch=422&cTime=02%2F07%2F2026%2000%3A00%3A00 (attempt 5 of 5) 
HTTP error: 403 Forbidden
Could not parse the page
[Sun Feb  8 03:57:52 2026] Fetching listings:  34%
HTTP error: 403 Forbidden
Retrying URL: https://www.tvguide.co.uk/channellisting.asp?ch=422&cTime=02%2F08%2F2026%2000%3A00%3A00 (attempt 1 of 5) 
HTTP error: 403 Forbidden
Retrying URL: https://www.tvguide.co.uk/channellisting.asp?ch=422&cTime=02%2F08%2F2026%2000%3A00%3A00 (attempt 2 of 5) 
HTTP error: 403 Forbidden
Retrying URL: https://www.tvguide.co.uk/channellisting.asp?ch=422&cTime=02%2F08%2F2026%2000%3A00%3A00 (attempt 3 of 5) 
HTTP error: 403 Forbidden
Retrying URL: https://www.tvguide.co.uk/channellisting.asp?ch=422&cTime=02%2F08%2F2026%2000%3A00%3A00 (attempt 4 of 5) 
HTTP error: 403 Forbidden
Retrying URL: https://www.tvguide.co.uk/channellisting.asp?ch=422&cTime=02%2F08%2F2026%2000%3A00%3A00 (attempt 5 of 5) 
HTTP error: 403 Forbidden
Could not parse the page
[Sun Feb  8 03:58:05 2026] Fetching listings:  36%
HTTP error: 403 Forbidden
Retrying URL: https://www.tvguide.co.uk/channellisting.asp?ch=432&cTime=02%2F07%2F2026%2000%3A00%3A00 (attempt 1 of 5) 
HTTP error: 403 Forbidden
Retrying URL: https://www.tvguide.co.uk/channellisting.asp?ch=432&cTime=02%2F07%2F2026%2000%3A00%3A00 (attempt 2 of 5) 
HTTP error: 403 Forbidden
Retrying URL: https://www.tvguide.co.uk/channellisting.asp?ch=432&cTime=02%2F07%2F2026%2000%3A00%3A00 (attempt 3 of 5) 
HTTP error: 403 Forbidden
Retrying URL: https://www.tvguide.co.uk/channellisting.asp?ch=432&cTime=02%2F07%2F2026%2000%3A00%3A00 (attempt 4 of 5) 
HTTP error: 403 Forbidden
Retrying URL: https://www.tvguide.co.uk/channellisting.asp?ch=432&cTime=02%2F07%2F2026%2000%3A00%3A00 (attempt 5 of 5) 
HTTP error: 403 Forbidden
Could not parse the page
[Sun Feb  8 03:58:23 2026] Fetching listings:  38%
HTTP error: 403 Forbidden
Retrying URL: https://www.tvguide.co.uk/channellisting.asp?ch=432&cTime=02%2F08%2F2026%2000%3A00%3A00 (attempt 1 of 5) 
HTTP error: 403 Forbidden
Retrying URL: https://www.tvguide.co.uk/channellisting.asp?ch=432&cTime=02%2F08%2F2026%2000%3A00%3A00 (attempt 2 of 5) 
HTTP error: 403 Forbidden
Retrying URL: https://www.tvguide.co.uk/channellisting.asp?ch=432&cTime=02%2F08%2F2026%2000%3A00%3A00 (attempt 3 of 5) 
HTTP error: 403 Forbidden
Retrying URL: https://www.tvguide.co.uk/channellisting.asp?ch=432&cTime=02%2F08%2F2026%2000%3A00%3A00 (attempt 4 of 5) 
HTTP error: 403 Forbidden
Retrying URL: https://www.tvguide.co.uk/channellisting.asp?ch=432&cTime=02%2F08%2F2026%2000%3A00%3A00 (attempt 5 of 5) 
HTTP error: 403 Forbidden
Could not parse the page
[Sun Feb  8 03:58:35 2026] Fetching listings:  40%
HTTP error: 403 Forbidden
Retrying URL: https://www.tvguide.co.uk/channellisting.asp?ch=454&cTime=02%2F07%2F2026%2000%3A00%3A00 (attempt 1 of 5) 
HTTP error: 403 Forbidden
Retrying URL: https://www.tvguide.co.uk/channellisting.asp?ch=454&cTime=02%2F07%2F2026%2000%3A00%3A00 (attempt 2 of 5) 
HTTP error: 403 Forbidden
Retrying URL: https://www.tvguide.co.uk/channellisting.asp?ch=454&cTime=02%2F07%2F2026%2000%3A00%3A00 (attempt 3 of 5) 
HTTP error: 403 Forbidden
Retrying URL: https://www.tvguide.co.uk/channellisting.asp?ch=454&cTime=02%2F07%2F2026%2000%3A00%3A00 (attempt 4 of 5) 
HTTP error: 403 Forbidden
Retrying URL: https://www.tvguide.co.uk/channellisting.asp?ch=454&cTime=02%2F07%2F2026%2000%3A00%3A00 (attempt 5 of 5) 
HTTP error: 403 Forbidden
Could not parse the page
[Sun Feb  8 03:58:48 2026] Fetching listings:  42%
HTTP error: 403 Forbidden
Retrying URL: https://www.tvguide.co.uk/channellisting.asp?ch=454&cTime=02%2F08%2F2026%2000%3A00%3A00 (attempt 1 of 5) 
HTTP error: 403 Forbidden
Retrying URL: https://www.tvguide.co.uk/channellisting.asp?ch=454&cTime=02%2F08%2F2026%2000%3A00%3A00 (attempt 2 of 5) 
HTTP error: 403 Forbidden
Retrying URL: https://www.tvguide.co.uk/channellisting.asp?ch=454&cTime=02%2F08%2F2026%2000%3A00%3A00 (attempt 3 of 5) 
HTTP error: 403 Forbidden
Retrying URL: https://www.tvguide.co.uk/channellisting.asp?ch=454&cTime=02%2F08%2F2026%2000%3A00%3A00 (attempt 4 of 5) 
HTTP error: 403 Forbidden
Retrying URL: https://www.tvguide.co.uk/channellisting.asp?ch=454&cTime=02%2F08%2F2026%2000%3A00%3A00 (attempt 5 of 5) 
HTTP error: 403 Forbidden
Could not parse the page
[Sun Feb  8 03:59:00 2026] Fetching listings:  44%
HTTP error: 403 Forbidden
Retrying URL: https://www.tvguide.co.uk/channellisting.asp?ch=559&cTime=02%2F07%2F2026%2000%3A00%3A00 (attempt 1 of 5) 
HTTP error: 403 Forbidden
Retrying URL: https://www.tvguide.co.uk/channellisting.asp?ch=559&cTime=02%2F07%2F2026%2000%3A00%3A00 (attempt 2 of 5) 
HTTP error: 403 Forbidden
Retrying URL: https://www.tvguide.co.uk/channellisting.asp?ch=559&cTime=02%2F07%2F2026%2000%3A00%3A00 (attempt 3 of 5) 
HTTP error: 403 Forbidden
Retrying URL: https://www.tvguide.co.uk/channellisting.asp?ch=559&cTime=02%2F07%2F2026%2000%3A00%3A00 (attempt 4 of 5) 
HTTP error: 403 Forbidden
Retrying URL: https://www.tvguide.co.uk/channellisting.asp?ch=559&cTime=02%2F07%2F2026%2000%3A00%3A00 (attempt 5 of 5) 
HTTP error: 403 Forbidden
Could not parse the page
[Sun Feb  8 03:59:13 2026] Fetching listings:  46%
HTTP error: 403 Forbidden
Retrying URL: https://www.tvguide.co.uk/channellisting.asp?ch=559&cTime=02%2F08%2F2026%2000%3A00%3A00 (attempt 1 of 5) 
HTTP error: 403 Forbidden
Retrying URL: https://www.tvguide.co.uk/channellisting.asp?ch=559&cTime=02%2F08%2F2026%2000%3A00%3A00 (attempt 2 of 5) 
HTTP error: 403 Forbidden
Retrying URL: https://www.tvguide.co.uk/channellisting.asp?ch=559&cTime=02%2F08%2F2026%2000%3A00%3A00 (attempt 3 of 5) 
HTTP error: 403 Forbidden
Retrying URL: https://www.tvguide.co.uk/channellisting.asp?ch=559&cTime=02%2F08%2F2026%2000%3A00%3A00 (attempt 4 of 5) 
HTTP error: 403 Forbidden
Retrying URL: https://www.tvguide.co.uk/channellisting.asp?ch=559&cTime=02%2F08%2F2026%2000%3A00%3A00 (attempt 5 of 5) 
HTTP error: 403 Forbidden
Could not parse the page
[Sun Feb  8 03:59:28 2026] Fetching listings:  48%
HTTP error: 403 Forbidden
Retrying URL: https://www.tvguide.co.uk/channellisting.asp?ch=596&cTime=02%2F07%2F2026%2000%3A00%3A00 (attempt 1 of 5) 
HTTP error: 403 Forbidden
Retrying URL: https://www.tvguide.co.uk/channellisting.asp?ch=596&cTime=02%2F07%2F2026%2000%3A00%3A00 (attempt 2 of 5) 
HTTP error: 403 Forbidden
Retrying URL: https://www.tvguide.co.uk/channellisting.asp?ch=596&cTime=02%2F07%2F2026%2000%3A00%3A00 (attempt 3 of 5) 
HTTP error: 403 Forbidden
Retrying URL: https://www.tvguide.co.uk/channellisting.asp?ch=596&cTime=02%2F07%2F2026%2000%3A00%3A00 (attempt 4 of 5) 
HTTP error: 403 Forbidden
Retrying URL: https://www.tvguide.co.uk/channellisting.asp?ch=596&cTime=02%2F07%2F2026%2000%3A00%3A00 (attempt 5 of 5) 
HTTP error: 403 Forbidden
Could not parse the page
[Sun Feb  8 03:59:37 2026] Fetching listings:  50%
HTTP error: 403 Forbidden
Retrying URL: https://www.tvguide.co.uk/channellisting.asp?ch=596&cTime=02%2F08%2F2026%2000%3A00%3A00 (attempt 1 of 5) 
HTTP error: 403 Forbidden
Retrying URL: https://www.tvguide.co.uk/channellisting.asp?ch=596&cTime=02%2F08%2F2026%2000%3A00%3A00 (attempt 2 of 5) 
HTTP error: 403 Forbidden
Retrying URL: https://www.tvguide.co.uk/channellisting.asp?ch=596&cTime=02%2F08%2F2026%2000%3A00%3A00 (attempt 3 of 5) 
HTTP error: 403 Forbidden
Retrying URL: https://www.tvguide.co.uk/channellisting.asp?ch=596&cTime=02%2F08%2F2026%2000%3A00%3A00 (attempt 4 of 5) 
HTTP error: 403 Forbidden
Retrying URL: https://www.tvguide.co.uk/channellisting.asp?ch=596&cTime=02%2F08%2F2026%2000%3A00%3A00 (attempt 5 of 5) 
HTTP error: 403 Forbidden
Could not parse the page
[Sun Feb  8 03:59:53 2026] Fetching listings:  52%
HTTP error: 403 Forbidden
Retrying URL: https://www.tvguide.co.uk/channellisting.asp?ch=853&cTime=02%2F07%2F2026%2000%3A00%3A00 (attempt 1 of 5) 
HTTP error: 403 Forbidden
Retrying URL: https://www.tvguide.co.uk/channellisting.asp?ch=853&cTime=02%2F07%2F2026%2000%3A00%3A00 (attempt 2 of 5) 
HTTP error: 403 Forbidden
Retrying URL: https://www.tvguide.co.uk/channellisting.asp?ch=853&cTime=02%2F07%2F2026%2000%3A00%3A00 (attempt 3 of 5) 
HTTP error: 403 Forbidden
Retrying URL: https://www.tvguide.co.uk/channellisting.asp?ch=853&cTime=02%2F07%2F2026%2000%3A00%3A00 (attempt 4 of 5) 
HTTP error: 403 Forbidden
Retrying URL: https://www.tvguide.co.uk/channellisting.asp?ch=853&cTime=02%2F07%2F2026%2000%3A00%3A00 (attempt 5 of 5) 
HTTP error: 403 Forbidden
Could not parse the page
[Sun Feb  8 04:00:05 2026] Fetching listings:  54%
HTTP error: 403 Forbidden
Retrying URL: https://www.tvguide.co.uk/channellisting.asp?ch=853&cTime=02%2F08%2F2026%2000%3A00%3A00 (attempt 1 of 5) 
HTTP error: 403 Forbidden
Retrying URL: https://www.tvguide.co.uk/channellisting.asp?ch=853&cTime=02%2F08%2F2026%2000%3A00%3A00 (attempt 2 of 5) 
HTTP error: 403 Forbidden
Retrying URL: https://www.tvguide.co.uk/channellisting.asp?ch=853&cTime=02%2F08%2F2026%2000%3A00%3A00 (attempt 3 of 5) 
HTTP error: 403 Forbidden
Retrying URL: https://www.tvguide.co.uk/channellisting.asp?ch=853&cTime=02%2F08%2F2026%2000%3A00%3A00 (attempt 4 of 5) 
HTTP error: 403 Forbidden
Retrying URL: https://www.tvguide.co.uk/channellisting.asp?ch=853&cTime=02%2F08%2F2026%2000%3A00%3A00 (attempt 5 of 5) 
HTTP error: 403 Forbidden
Could not parse the page
[Sun Feb  8 04:00:17 2026] Fetching listings:  56%
HTTP error: 403 Forbidden
Retrying URL: https://www.tvguide.co.uk/channellisting.asp?ch=871&cTime=02%2F07%2F2026%2000%3A00%3A00 (attempt 1 of 5) 
HTTP error: 403 Forbidden
Retrying URL: https://www.tvguide.co.uk/channellisting.asp?ch=871&cTime=02%2F07%2F2026%2000%3A00%3A00 (attempt 2 of 5) 
HTTP error: 403 Forbidden
Retrying URL: https://www.tvguide.co.uk/channellisting.asp?ch=871&cTime=02%2F07%2F2026%2000%3A00%3A00 (attempt 3 of 5) 
HTTP error: 403 Forbidden
Retrying URL: https://www.tvguide.co.uk/channellisting.asp?ch=871&cTime=02%2F07%2F2026%2000%3A00%3A00 (attempt 4 of 5) 
HTTP error: 403 Forbidden
Retrying URL: https://www.tvguide.co.uk/channellisting.asp?ch=871&cTime=02%2F07%2F2026%2000%3A00%3A00 (attempt 5 of 5) 
HTTP error: 403 Forbidden
Could not parse the page
[Sun Feb  8 04:00:24 2026] Fetching listings:  58%
HTTP error: 403 Forbidden
Retrying URL: https://www.tvguide.co.uk/channellisting.asp?ch=871&cTime=02%2F08%2F2026%2000%3A00%3A00 (attempt 1 of 5) 
HTTP error: 403 Forbidden
Retrying URL: https://www.tvguide.co.uk/channellisting.asp?ch=871&cTime=02%2F08%2F2026%2000%3A00%3A00 (attempt 2 of 5) 
HTTP error: 403 Forbidden
Retrying URL: https://www.tvguide.co.uk/channellisting.asp?ch=871&cTime=02%2F08%2F2026%2000%3A00%3A00 (attempt 3 of 5) 
HTTP error: 403 Forbidden
Retrying URL: https://www.tvguide.co.uk/channellisting.asp?ch=871&cTime=02%2F08%2F2026%2000%3A00%3A00 (attempt 4 of 5) 
HTTP error: 403 Forbidden
Retrying URL: https://www.tvguide.co.uk/channellisting.asp?ch=871&cTime=02%2F08%2F2026%2000%3A00%3A00 (attempt 5 of 5) 
HTTP error: 403 Forbidden
Could not parse the page
[Sun Feb  8 04:00:34 2026] Fetching listings:  60%
HTTP error: 403 Forbidden
Retrying URL: https://www.tvguide.co.uk/channellisting.asp?ch=1013&cTime=02%2F07%2F2026%2000%3A00%3A00 (attempt 1 of 5) 
HTTP error: 403 Forbidden
Retrying URL: https://www.tvguide.co.uk/channellisting.asp?ch=1013&cTime=02%2F07%2F2026%2000%3A00%3A00 (attempt 2 of 5) 
HTTP error: 403 Forbidden
Retrying URL: https://www.tvguide.co.uk/channellisting.asp?ch=1013&cTime=02%2F07%2F2026%2000%3A00%3A00 (attempt 3 of 5) 
HTTP error: 403 Forbidden
Retrying URL: https://www.tvguide.co.uk/channellisting.asp?ch=1013&cTime=02%2F07%2F2026%2000%3A00%3A00 (attempt 4 of 5) 
HTTP error: 403 Forbidden
Retrying URL: https://www.tvguide.co.uk/channellisting.asp?ch=1013&cTime=02%2F07%2F2026%2000%3A00%3A00 (attempt 5 of 5) 
HTTP error: 403 Forbidden
Could not parse the page
[Sun Feb  8 04:00:47 2026] Fetching listings:  62%
HTTP error: 403 Forbidden
Retrying URL: https://www.tvguide.co.uk/channellisting.asp?ch=1013&cTime=02%2F08%2F2026%2000%3A00%3A00 (attempt 1 of 5) 
HTTP error: 403 Forbidden
Retrying URL: https://www.tvguide.co.uk/channellisting.asp?ch=1013&cTime=02%2F08%2F2026%2000%3A00%3A00 (attempt 2 of 5) 
HTTP error: 403 Forbidden
Retrying URL: https://www.tvguide.co.uk/channellisting.asp?ch=1013&cTime=02%2F08%2F2026%2000%3A00%3A00 (attempt 3 of 5) 
HTTP error: 403 Forbidden
Retrying URL: https://www.tvguide.co.uk/channellisting.asp?ch=1013&cTime=02%2F08%2F2026%2000%3A00%3A00 (attempt 4 of 5) 
HTTP error: 403 Forbidden
Retrying URL: https://www.tvguide.co.uk/channellisting.asp?ch=1013&cTime=02%2F08%2F2026%2000%3A00%3A00 (attempt 5 of 5) 
HTTP error: 403 Forbidden
Could not parse the page
[Sun Feb  8 04:01:01 2026] Fetching listings:  64%
HTTP error: 403 Forbidden
Retrying URL: https://www.tvguide.co.uk/channellisting.asp?ch=1014&cTime=02%2F07%2F2026%2000%3A00%3A00 (attempt 1 of 5) 
HTTP error: 403 Forbidden
Retrying URL: https://www.tvguide.co.uk/channellisting.asp?ch=1014&cTime=02%2F07%2F2026%2000%3A00%3A00 (attempt 2 of 5) 
HTTP error: 403 Forbidden
Retrying URL: https://www.tvguide.co.uk/channellisting.asp?ch=1014&cTime=02%2F07%2F2026%2000%3A00%3A00 (attempt 3 of 5) 
HTTP error: 403 Forbidden
Retrying URL: https://www.tvguide.co.uk/channellisting.asp?ch=1014&cTime=02%2F07%2F2026%2000%3A00%3A00 (attempt 4 of 5) 
HTTP error: 403 Forbidden
Retrying URL: https://www.tvguide.co.uk/channellisting.asp?ch=1014&cTime=02%2F07%2F2026%2000%3A00%3A00 (attempt 5 of 5) 
HTTP error: 403 Forbidden
Could not parse the page
[Sun Feb  8 04:01:17 2026] Fetching listings:  66%
HTTP error: 403 Forbidden
Retrying URL: https://www.tvguide.co.uk/channellisting.asp?ch=1014&cTime=02%2F08%2F2026%2000%3A00%3A00 (attempt 1 of 5) 
HTTP error: 403 Forbidden
Retrying URL: https://www.tvguide.co.uk/channellisting.asp?ch=1014&cTime=02%2F08%2F2026%2000%3A00%3A00 (attempt 2 of 5) 
HTTP error: 403 Forbidden
Retrying URL: https://www.tvguide.co.uk/channellisting.asp?ch=1014&cTime=02%2F08%2F2026%2000%3A00%3A00 (attempt 3 of 5) 
HTTP error: 403 Forbidden
Retrying URL: https://www.tvguide.co.uk/channellisting.asp?ch=1014&cTime=02%2F08%2F2026%2000%3A00%3A00 (attempt 4 of 5) 
HTTP error: 403 Forbidden
Retrying URL: https://www.tvguide.co.uk/channellisting.asp?ch=1014&cTime=02%2F08%2F2026%2000%3A00%3A00 (attempt 5 of 5) 
HTTP error: 403 Forbidden
Could not parse the page
[Sun Feb  8 04:01:27 2026] Fetching listings:  68%
HTTP error: 403 Forbidden
Retrying URL: https://www.tvguide.co.uk/channellisting.asp?ch=1154&cTime=02%2F07%2F2026%2000%3A00%3A00 (attempt 1 of 5) 
HTTP error: 403 Forbidden
Retrying URL: https://www.tvguide.co.uk/channellisting.asp?ch=1154&cTime=02%2F07%2F2026%2000%3A00%3A00 (attempt 2 of 5) 
HTTP error: 403 Forbidden
Retrying URL: https://www.tvguide.co.uk/channellisting.asp?ch=1154&cTime=02%2F07%2F2026%2000%3A00%3A00 (attempt 3 of 5) 
HTTP error: 403 Forbidden
Retrying URL: https://www.tvguide.co.uk/channellisting.asp?ch=1154&cTime=02%2F07%2F2026%2000%3A00%3A00 (attempt 4 of 5) 
HTTP error: 403 Forbidden
Retrying URL: https://www.tvguide.co.uk/channellisting.asp?ch=1154&cTime=02%2F07%2F2026%2000%3A00%3A00 (attempt 5 of 5) 
HTTP error: 403 Forbidden
Could not parse the page
[Sun Feb  8 04:01:41 2026] Fetching listings:  70%
HTTP error: 403 Forbidden
Retrying URL: https://www.tvguide.co.uk/channellisting.asp?ch=1154&cTime=02%2F08%2F2026%2000%3A00%3A00 (attempt 1 of 5) 
HTTP error: 403 Forbidden
Retrying URL: https://www.tvguide.co.uk/channellisting.asp?ch=1154&cTime=02%2F08%2F2026%2000%3A00%3A00 (attempt 2 of 5) 
HTTP error: 403 Forbidden
Retrying URL: https://www.tvguide.co.uk/channellisting.asp?ch=1154&cTime=02%2F08%2F2026%2000%3A00%3A00 (attempt 3 of 5) 
HTTP error: 403 Forbidden
Retrying URL: https://www.tvguide.co.uk/channellisting.asp?ch=1154&cTime=02%2F08%2F2026%2000%3A00%3A00 (attempt 4 of 5) 
HTTP error: 403 Forbidden
Retrying URL: https://www.tvguide.co.uk/channellisting.asp?ch=1154&cTime=02%2F08%2F2026%2000%3A00%3A00 (attempt 5 of 5) 
HTTP error: 403 Forbidden
Could not parse the page
[Sun Feb  8 04:01:54 2026] Fetching listings:  72%
HTTP error: 403 Forbidden
Retrying URL: https://www.tvguide.co.uk/channellisting.asp?ch=1157&cTime=02%2F07%2F2026%2000%3A00%3A00 (attempt 1 of 5) 
HTTP error: 403 Forbidden
Retrying URL: https://www.tvguide.co.uk/channellisting.asp?ch=1157&cTime=02%2F07%2F2026%2000%3A00%3A00 (attempt 2 of 5) 
HTTP error: 403 Forbidden
Retrying URL: https://www.tvguide.co.uk/channellisting.asp?ch=1157&cTime=02%2F07%2F2026%2000%3A00%3A00 (attempt 3 of 5) 
HTTP error: 403 Forbidden
Retrying URL: https://www.tvguide.co.uk/channellisting.asp?ch=1157&cTime=02%2F07%2F2026%2000%3A00%3A00 (attempt 4 of 5) 
HTTP error: 403 Forbidden
Retrying URL: https://www.tvguide.co.uk/channellisting.asp?ch=1157&cTime=02%2F07%2F2026%2000%3A00%3A00 (attempt 5 of 5) 
HTTP error: 403 Forbidden
Could not parse the page
[Sun Feb  8 04:02:07 2026] Fetching listings:  74%
HTTP error: 403 Forbidden
Retrying URL: https://www.tvguide.co.uk/channellisting.asp?ch=1157&cTime=02%2F08%2F2026%2000%3A00%3A00 (attempt 1 of 5) 
HTTP error: 403 Forbidden
Retrying URL: https://www.tvguide.co.uk/channellisting.asp?ch=1157&cTime=02%2F08%2F2026%2000%3A00%3A00 (attempt 2 of 5) 
HTTP error: 403 Forbidden
Retrying URL: https://www.tvguide.co.uk/channellisting.asp?ch=1157&cTime=02%2F08%2F2026%2000%3A00%3A00 (attempt 3 of 5) 
HTTP error: 403 Forbidden
Retrying URL: https://www.tvguide.co.uk/channellisting.asp?ch=1157&cTime=02%2F08%2F2026%2000%3A00%3A00 (attempt 4 of 5) 
HTTP error: 403 Forbidden
Retrying URL: https://www.tvguide.co.uk/channellisting.asp?ch=1157&cTime=02%2F08%2F2026%2000%3A00%3A00 (attempt 5 of 5) 
HTTP error: 403 Forbidden
Could not parse the page
[Sun Feb  8 04:02:19 2026] Fetching listings:  76%
HTTP error: 403 Forbidden
Retrying URL: https://www.tvguide.co.uk/channellisting.asp?ch=1171&cTime=02%2F07%2F2026%2000%3A00%3A00 (attempt 1 of 5) 
HTTP error: 403 Forbidden
Retrying URL: https://www.tvguide.co.uk/channellisting.asp?ch=1171&cTime=02%2F07%2F2026%2000%3A00%3A00 (attempt 2 of 5) 
HTTP error: 403 Forbidden
Retrying URL: https://www.tvguide.co.uk/channellisting.asp?ch=1171&cTime=02%2F07%2F2026%2000%3A00%3A00 (attempt 3 of 5) 
HTTP error: 403 Forbidden
Retrying URL: https://www.tvguide.co.uk/channellisting.asp?ch=1171&cTime=02%2F07%2F2026%2000%3A00%3A00 (attempt 4 of 5) 
HTTP error: 403 Forbidden
Retrying URL: https://www.tvguide.co.uk/channellisting.asp?ch=1171&cTime=02%2F07%2F2026%2000%3A00%3A00 (attempt 5 of 5) 
HTTP error: 403 Forbidden
Could not parse the page
[Sun Feb  8 04:02:31 2026] Fetching listings:  78%
HTTP error: 403 Forbidden
Retrying URL: https://www.tvguide.co.uk/channellisting.asp?ch=1171&cTime=02%2F08%2F2026%2000%3A00%3A00 (attempt 1 of 5) 
HTTP error: 403 Forbidden
Retrying URL: https://www.tvguide.co.uk/channellisting.asp?ch=1171&cTime=02%2F08%2F2026%2000%3A00%3A00 (attempt 2 of 5) 
HTTP error: 403 Forbidden
Retrying URL: https://www.tvguide.co.uk/channellisting.asp?ch=1171&cTime=02%2F08%2F2026%2000%3A00%3A00 (attempt 3 of 5) 
HTTP error: 403 Forbidden
Retrying URL: https://www.tvguide.co.uk/channellisting.asp?ch=1171&cTime=02%2F08%2F2026%2000%3A00%3A00 (attempt 4 of 5) 
HTTP error: 403 Forbidden
Retrying URL: https://www.tvguide.co.uk/channellisting.asp?ch=1171&cTime=02%2F08%2F2026%2000%3A00%3A00 (attempt 5 of 5) 
HTTP error: 403 Forbidden
Could not parse the page
[Sun Feb  8 04:02:48 2026] Fetching listings:  80%
HTTP error: 403 Forbidden
Retrying URL: https://www.tvguide.co.uk/channellisting.asp?ch=1183&cTime=02%2F07%2F2026%2000%3A00%3A00 (attempt 1 of 5) 
HTTP error: 403 Forbidden
Retrying URL: https://www.tvguide.co.uk/channellisting.asp?ch=1183&cTime=02%2F07%2F2026%2000%3A00%3A00 (attempt 2 of 5) 
HTTP error: 403 Forbidden
Retrying URL: https://www.tvguide.co.uk/channellisting.asp?ch=1183&cTime=02%2F07%2F2026%2000%3A00%3A00 (attempt 3 of 5) 
HTTP error: 403 Forbidden
Retrying URL: https://www.tvguide.co.uk/channellisting.asp?ch=1183&cTime=02%2F07%2F2026%2000%3A00%3A00 (attempt 4 of 5) 
HTTP error: 403 Forbidden
Retrying URL: https://www.tvguide.co.uk/channellisting.asp?ch=1183&cTime=02%2F07%2F2026%2000%3A00%3A00 (attempt 5 of 5) 
HTTP error: 403 Forbidden
Could not parse the page
[Sun Feb  8 04:03:04 2026] Fetching listings:  82%
HTTP error: 403 Forbidden
Retrying URL: https://www.tvguide.co.uk/channellisting.asp?ch=1183&cTime=02%2F08%2F2026%2000%3A00%3A00 (attempt 1 of 5) 
HTTP error: 403 Forbidden
Retrying URL: https://www.tvguide.co.uk/channellisting.asp?ch=1183&cTime=02%2F08%2F2026%2000%3A00%3A00 (attempt 2 of 5) 
HTTP error: 403 Forbidden
Retrying URL: https://www.tvguide.co.uk/channellisting.asp?ch=1183&cTime=02%2F08%2F2026%2000%3A00%3A00 (attempt 3 of 5) 
HTTP error: 403 Forbidden
Retrying URL: https://www.tvguide.co.uk/channellisting.asp?ch=1183&cTime=02%2F08%2F2026%2000%3A00%3A00 (attempt 4 of 5) 
HTTP error: 403 Forbidden
Retrying URL: https://www.tvguide.co.uk/channellisting.asp?ch=1183&cTime=02%2F08%2F2026%2000%3A00%3A00 (attempt 5 of 5) 
HTTP error: 403 Forbidden
Could not parse the page
[Sun Feb  8 04:03:17 2026] Fetching listings:  84%
HTTP error: 403 Forbidden
Retrying URL: https://www.tvguide.co.uk/channellisting.asp?ch=1207&cTime=02%2F07%2F2026%2000%3A00%3A00 (attempt 1 of 5) 
HTTP error: 403 Forbidden
Retrying URL: https://www.tvguide.co.uk/channellisting.asp?ch=1207&cTime=02%2F07%2F2026%2000%3A00%3A00 (attempt 2 of 5) 
HTTP error: 403 Forbidden
Retrying URL: https://www.tvguide.co.uk/channellisting.asp?ch=1207&cTime=02%2F07%2F2026%2000%3A00%3A00 (attempt 3 of 5) 
HTTP error: 403 Forbidden
Retrying URL: https://www.tvguide.co.uk/channellisting.asp?ch=1207&cTime=02%2F07%2F2026%2000%3A00%3A00 (attempt 4 of 5) 
HTTP error: 403 Forbidden
Retrying URL: https://www.tvguide.co.uk/channellisting.asp?ch=1207&cTime=02%2F07%2F2026%2000%3A00%3A00 (attempt 5 of 5) 
HTTP error: 403 Forbidden
Could not parse the page
[Sun Feb  8 04:03:32 2026] Fetching listings:  86%
HTTP error: 403 Forbidden
Retrying URL: https://www.tvguide.co.uk/channellisting.asp?ch=1207&cTime=02%2F08%2F2026%2000%3A00%3A00 (attempt 1 of 5) 
HTTP error: 403 Forbidden
Retrying URL: https://www.tvguide.co.uk/channellisting.asp?ch=1207&cTime=02%2F08%2F2026%2000%3A00%3A00 (attempt 2 of 5) 
HTTP error: 403 Forbidden
Retrying URL: https://www.tvguide.co.uk/channellisting.asp?ch=1207&cTime=02%2F08%2F2026%2000%3A00%3A00 (attempt 3 of 5) 
HTTP error: 403 Forbidden
Retrying URL: https://www.tvguide.co.uk/channellisting.asp?ch=1207&cTime=02%2F08%2F2026%2000%3A00%3A00 (attempt 4 of 5) 
HTTP error: 403 Forbidden
Retrying URL: https://www.tvguide.co.uk/channellisting.asp?ch=1207&cTime=02%2F08%2F2026%2000%3A00%3A00 (attempt 5 of 5) 
HTTP error: 403 Forbidden
Could not parse the page
[Sun Feb  8 04:03:44 2026] Fetching listings:  88%
HTTP error: 403 Forbidden
Retrying URL: https://www.tvguide.co.uk/channellisting.asp?ch=1210&cTime=02%2F07%2F2026%2000%3A00%3A00 (attempt 1 of 5) 
HTTP error: 403 Forbidden
Retrying URL: https://www.tvguide.co.uk/channellisting.asp?ch=1210&cTime=02%2F07%2F2026%2000%3A00%3A00 (attempt 2 of 5) 
HTTP error: 403 Forbidden
Retrying URL: https://www.tvguide.co.uk/channellisting.asp?ch=1210&cTime=02%2F07%2F2026%2000%3A00%3A00 (attempt 3 of 5) 
HTTP error: 403 Forbidden
Retrying URL: https://www.tvguide.co.uk/channellisting.asp?ch=1210&cTime=02%2F07%2F2026%2000%3A00%3A00 (attempt 4 of 5) 
HTTP error: 403 Forbidden
Retrying URL: https://www.tvguide.co.uk/channellisting.asp?ch=1210&cTime=02%2F07%2F2026%2000%3A00%3A00 (attempt 5 of 5) 
HTTP error: 403 Forbidden
Could not parse the page
[Sun Feb  8 04:03:59 2026] Fetching listings:  90%
HTTP error: 403 Forbidden
Retrying URL: https://www.tvguide.co.uk/channellisting.asp?ch=1210&cTime=02%2F08%2F2026%2000%3A00%3A00 (attempt 1 of 5) 
HTTP error: 403 Forbidden
Retrying URL: https://www.tvguide.co.uk/channellisting.asp?ch=1210&cTime=02%2F08%2F2026%2000%3A00%3A00 (attempt 2 of 5) 
HTTP error: 403 Forbidden
Retrying URL: https://www.tvguide.co.uk/channellisting.asp?ch=1210&cTime=02%2F08%2F2026%2000%3A00%3A00 (attempt 3 of 5) 
HTTP error: 403 Forbidden
Retrying URL: https://www.tvguide.co.uk/channellisting.asp?ch=1210&cTime=02%2F08%2F2026%2000%3A00%3A00 (attempt 4 of 5) 
HTTP error: 403 Forbidden
Retrying URL: https://www.tvguide.co.uk/channellisting.asp?ch=1210&cTime=02%2F08%2F2026%2000%3A00%3A00 (attempt 5 of 5) 
HTTP error: 403 Forbidden
Could not parse the page
[Sun Feb  8 04:04:05 2026] Fetching listings:  92%
HTTP error: 403 Forbidden
Retrying URL: https://www.tvguide.co.uk/channellisting.asp?ch=1212&cTime=02%2F07%2F2026%2000%3A00%3A00 (attempt 1 of 5) 
HTTP error: 403 Forbidden
Retrying URL: https://www.tvguide.co.uk/channellisting.asp?ch=1212&cTime=02%2F07%2F2026%2000%3A00%3A00 (attempt 2 of 5) 
HTTP error: 403 Forbidden
Retrying URL: https://www.tvguide.co.uk/channellisting.asp?ch=1212&cTime=02%2F07%2F2026%2000%3A00%3A00 (attempt 3 of 5) 
HTTP error: 403 Forbidden
Retrying URL: https://www.tvguide.co.uk/channellisting.asp?ch=1212&cTime=02%2F07%2F2026%2000%3A00%3A00 (attempt 4 of 5) 
HTTP error: 403 Forbidden
Retrying URL: https://www.tvguide.co.uk/channellisting.asp?ch=1212&cTime=02%2F07%2F2026%2000%3A00%3A00 (attempt 5 of 5) 
HTTP error: 403 Forbidden
Could not parse the page
[Sun Feb  8 04:04:17 2026] Fetching listings:  94%
HTTP error: 403 Forbidden
Retrying URL: https://www.tvguide.co.uk/channellisting.asp?ch=1212&cTime=02%2F08%2F2026%2000%3A00%3A00 (attempt 1 of 5) 
HTTP error: 403 Forbidden
Retrying URL: https://www.tvguide.co.uk/channellisting.asp?ch=1212&cTime=02%2F08%2F2026%2000%3A00%3A00 (attempt 2 of 5) 
HTTP error: 403 Forbidden
Retrying URL: https://www.tvguide.co.uk/channellisting.asp?ch=1212&cTime=02%2F08%2F2026%2000%3A00%3A00 (attempt 3 of 5) 
HTTP error: 403 Forbidden
Retrying URL: https://www.tvguide.co.uk/channellisting.asp?ch=1212&cTime=02%2F08%2F2026%2000%3A00%3A00 (attempt 4 of 5) 
HTTP error: 403 Forbidden
Retrying URL: https://www.tvguide.co.uk/channellisting.asp?ch=1212&cTime=02%2F08%2F2026%2000%3A00%3A00 (attempt 5 of 5) 
HTTP error: 403 Forbidden
Could not parse the page
[Sun Feb  8 04:04:35 2026] Fetching listings:  96%
HTTP error: 403 Forbidden
Retrying URL: https://www.tvguide.co.uk/channellisting.asp?ch=1255&cTime=02%2F07%2F2026%2000%3A00%3A00 (attempt 1 of 5) 
HTTP error: 403 Forbidden
Retrying URL: https://www.tvguide.co.uk/channellisting.asp?ch=1255&cTime=02%2F07%2F2026%2000%3A00%3A00 (attempt 2 of 5) 
HTTP error: 403 Forbidden
Retrying URL: https://www.tvguide.co.uk/channellisting.asp?ch=1255&cTime=02%2F07%2F2026%2000%3A00%3A00 (attempt 3 of 5) 
HTTP error: 403 Forbidden
Retrying URL: https://www.tvguide.co.uk/channellisting.asp?ch=1255&cTime=02%2F07%2F2026%2000%3A00%3A00 (attempt 4 of 5) 
HTTP error: 403 Forbidden
Retrying URL: https://www.tvguide.co.uk/channellisting.asp?ch=1255&cTime=02%2F07%2F2026%2000%3A00%3A00 (attempt 5 of 5) 
HTTP error: 403 Forbidden
Could not parse the page
[Sun Feb  8 04:04:44 2026] Fetching listings:  98%
HTTP error: 403 Forbidden
Retrying URL: https://www.tvguide.co.uk/channellisting.asp?ch=1255&cTime=02%2F08%2F2026%2000%3A00%3A00 (attempt 1 of 5) 
HTTP error: 403 Forbidden
Retrying URL: https://www.tvguide.co.uk/channellisting.asp?ch=1255&cTime=02%2F08%2F2026%2000%3A00%3A00 (attempt 2 of 5) 
HTTP error: 403 Forbidden
Retrying URL: https://www.tvguide.co.uk/channellisting.asp?ch=1255&cTime=02%2F08%2F2026%2000%3A00%3A00 (attempt 3 of 5) 
HTTP error: 403 Forbidden
Retrying URL: https://www.tvguide.co.uk/channellisting.asp?ch=1255&cTime=02%2F08%2F2026%2000%3A00%3A00 (attempt 4 of 5) 
HTTP error: 403 Forbidden
Retrying URL: https://www.tvguide.co.uk/channellisting.asp?ch=1255&cTime=02%2F08%2F2026%2000%3A00%3A00 (attempt 5 of 5) 
HTTP error: 403 Forbidden
Could not parse the page
[Sun Feb  8 04:05:02 2026] Fetching listings: 100%
expected hashref of channels at /usr/share/perl5/XMLTV.pm line 644.
