[Sat Jun 21 02:42:44 2025] Fetching listings:   0%
HTTP error: 403 Forbidden
Retrying URL: https://www.tvguide.co.uk/channellisting.asp?ch=140&cTime=06%2F20%2F2025%2000%3A00%3A00 (attempt 1 of 5) 
HTTP error: 403 Forbidden
Retrying URL: https://www.tvguide.co.uk/channellisting.asp?ch=140&cTime=06%2F20%2F2025%2000%3A00%3A00 (attempt 2 of 5) 
HTTP error: 403 Forbidden
Retrying URL: https://www.tvguide.co.uk/channellisting.asp?ch=140&cTime=06%2F20%2F2025%2000%3A00%3A00 (attempt 3 of 5) 
HTTP error: 403 Forbidden
Retrying URL: https://www.tvguide.co.uk/channellisting.asp?ch=140&cTime=06%2F20%2F2025%2000%3A00%3A00 (attempt 4 of 5) 
HTTP error: 403 Forbidden
Retrying URL: https://www.tvguide.co.uk/channellisting.asp?ch=140&cTime=06%2F20%2F2025%2000%3A00%3A00 (attempt 5 of 5) 
HTTP error: 403 Forbidden
Could not parse the page
[Sat Jun 21 02:42:55 2025] Fetching listings:   2%
HTTP error: 403 Forbidden
Retrying URL: https://www.tvguide.co.uk/channellisting.asp?ch=140&cTime=06%2F21%2F2025%2000%3A00%3A00 (attempt 1 of 5) 
HTTP error: 403 Forbidden
Retrying URL: https://www.tvguide.co.uk/channellisting.asp?ch=140&cTime=06%2F21%2F2025%2000%3A00%3A00 (attempt 2 of 5) 
HTTP error: 403 Forbidden
Retrying URL: https://www.tvguide.co.uk/channellisting.asp?ch=140&cTime=06%2F21%2F2025%2000%3A00%3A00 (attempt 3 of 5) 
HTTP error: 403 Forbidden
Retrying URL: https://www.tvguide.co.uk/channellisting.asp?ch=140&cTime=06%2F21%2F2025%2000%3A00%3A00 (attempt 4 of 5) 
HTTP error: 403 Forbidden
Retrying URL: https://www.tvguide.co.uk/channellisting.asp?ch=140&cTime=06%2F21%2F2025%2000%3A00%3A00 (attempt 5 of 5) 
HTTP error: 403 Forbidden
Could not parse the page
[Sat Jun 21 02:43:08 2025] Fetching listings:   4%
HTTP error: 403 Forbidden
Retrying URL: https://www.tvguide.co.uk/channellisting.asp?ch=178&cTime=06%2F20%2F2025%2000%3A00%3A00 (attempt 1 of 5) 
HTTP error: 403 Forbidden
Retrying URL: https://www.tvguide.co.uk/channellisting.asp?ch=178&cTime=06%2F20%2F2025%2000%3A00%3A00 (attempt 2 of 5) 
HTTP error: 403 Forbidden
Retrying URL: https://www.tvguide.co.uk/channellisting.asp?ch=178&cTime=06%2F20%2F2025%2000%3A00%3A00 (attempt 3 of 5) 
HTTP error: 403 Forbidden
Retrying URL: https://www.tvguide.co.uk/channellisting.asp?ch=178&cTime=06%2F20%2F2025%2000%3A00%3A00 (attempt 4 of 5) 
HTTP error: 403 Forbidden
Retrying URL: https://www.tvguide.co.uk/channellisting.asp?ch=178&cTime=06%2F20%2F2025%2000%3A00%3A00 (attempt 5 of 5) 
HTTP error: 403 Forbidden
Could not parse the page
[Sat Jun 21 02:43:21 2025] Fetching listings:   6%
HTTP error: 403 Forbidden
Retrying URL: https://www.tvguide.co.uk/channellisting.asp?ch=178&cTime=06%2F21%2F2025%2000%3A00%3A00 (attempt 1 of 5) 
HTTP error: 403 Forbidden
Retrying URL: https://www.tvguide.co.uk/channellisting.asp?ch=178&cTime=06%2F21%2F2025%2000%3A00%3A00 (attempt 2 of 5) 
HTTP error: 403 Forbidden
Retrying URL: https://www.tvguide.co.uk/channellisting.asp?ch=178&cTime=06%2F21%2F2025%2000%3A00%3A00 (attempt 3 of 5) 
HTTP error: 403 Forbidden
Retrying URL: https://www.tvguide.co.uk/channellisting.asp?ch=178&cTime=06%2F21%2F2025%2000%3A00%3A00 (attempt 4 of 5) 
HTTP error: 403 Forbidden
Retrying URL: https://www.tvguide.co.uk/channellisting.asp?ch=178&cTime=06%2F21%2F2025%2000%3A00%3A00 (attempt 5 of 5) 
HTTP error: 403 Forbidden
Could not parse the page
[Sat Jun 21 02:43:31 2025] Fetching listings:   8%
HTTP error: 403 Forbidden
Retrying URL: https://www.tvguide.co.uk/channellisting.asp?ch=185&cTime=06%2F20%2F2025%2000%3A00%3A00 (attempt 1 of 5) 
HTTP error: 403 Forbidden
Retrying URL: https://www.tvguide.co.uk/channellisting.asp?ch=185&cTime=06%2F20%2F2025%2000%3A00%3A00 (attempt 2 of 5) 
HTTP error: 403 Forbidden
Retrying URL: https://www.tvguide.co.uk/channellisting.asp?ch=185&cTime=06%2F20%2F2025%2000%3A00%3A00 (attempt 3 of 5) 
HTTP error: 403 Forbidden
Retrying URL: https://www.tvguide.co.uk/channellisting.asp?ch=185&cTime=06%2F20%2F2025%2000%3A00%3A00 (attempt 4 of 5) 
HTTP error: 403 Forbidden
Retrying URL: https://www.tvguide.co.uk/channellisting.asp?ch=185&cTime=06%2F20%2F2025%2000%3A00%3A00 (attempt 5 of 5) 
HTTP error: 403 Forbidden
Could not parse the page
[Sat Jun 21 02:43:41 2025] Fetching listings:  10%
HTTP error: 403 Forbidden
Retrying URL: https://www.tvguide.co.uk/channellisting.asp?ch=185&cTime=06%2F21%2F2025%2000%3A00%3A00 (attempt 1 of 5) 
HTTP error: 403 Forbidden
Retrying URL: https://www.tvguide.co.uk/channellisting.asp?ch=185&cTime=06%2F21%2F2025%2000%3A00%3A00 (attempt 2 of 5) 
HTTP error: 403 Forbidden
Retrying URL: https://www.tvguide.co.uk/channellisting.asp?ch=185&cTime=06%2F21%2F2025%2000%3A00%3A00 (attempt 3 of 5) 
HTTP error: 403 Forbidden
Retrying URL: https://www.tvguide.co.uk/channellisting.asp?ch=185&cTime=06%2F21%2F2025%2000%3A00%3A00 (attempt 4 of 5) 
HTTP error: 403 Forbidden
Retrying URL: https://www.tvguide.co.uk/channellisting.asp?ch=185&cTime=06%2F21%2F2025%2000%3A00%3A00 (attempt 5 of 5) 
HTTP error: 403 Forbidden
Could not parse the page
[Sat Jun 21 02:43:48 2025] Fetching listings:  12%
HTTP error: 403 Forbidden
Retrying URL: https://www.tvguide.co.uk/channellisting.asp?ch=182&cTime=06%2F20%2F2025%2000%3A00%3A00 (attempt 1 of 5) 
HTTP error: 403 Forbidden
Retrying URL: https://www.tvguide.co.uk/channellisting.asp?ch=182&cTime=06%2F20%2F2025%2000%3A00%3A00 (attempt 2 of 5) 
HTTP error: 403 Forbidden
Retrying URL: https://www.tvguide.co.uk/channellisting.asp?ch=182&cTime=06%2F20%2F2025%2000%3A00%3A00 (attempt 3 of 5) 
HTTP error: 403 Forbidden
Retrying URL: https://www.tvguide.co.uk/channellisting.asp?ch=182&cTime=06%2F20%2F2025%2000%3A00%3A00 (attempt 4 of 5) 
HTTP error: 403 Forbidden
Retrying URL: https://www.tvguide.co.uk/channellisting.asp?ch=182&cTime=06%2F20%2F2025%2000%3A00%3A00 (attempt 5 of 5) 
HTTP error: 403 Forbidden
Could not parse the page
[Sat Jun 21 02:43:57 2025] Fetching listings:  14%
HTTP error: 403 Forbidden
Retrying URL: https://www.tvguide.co.uk/channellisting.asp?ch=182&cTime=06%2F21%2F2025%2000%3A00%3A00 (attempt 1 of 5) 
HTTP error: 403 Forbidden
Retrying URL: https://www.tvguide.co.uk/channellisting.asp?ch=182&cTime=06%2F21%2F2025%2000%3A00%3A00 (attempt 2 of 5) 
HTTP error: 403 Forbidden
Retrying URL: https://www.tvguide.co.uk/channellisting.asp?ch=182&cTime=06%2F21%2F2025%2000%3A00%3A00 (attempt 3 of 5) 
HTTP error: 403 Forbidden
Retrying URL: https://www.tvguide.co.uk/channellisting.asp?ch=182&cTime=06%2F21%2F2025%2000%3A00%3A00 (attempt 4 of 5) 
HTTP error: 403 Forbidden
Retrying URL: https://www.tvguide.co.uk/channellisting.asp?ch=182&cTime=06%2F21%2F2025%2000%3A00%3A00 (attempt 5 of 5) 
HTTP error: 403 Forbidden
Could not parse the page
[Sat Jun 21 02:44:11 2025] Fetching listings:  16%
HTTP error: 403 Forbidden
Retrying URL: https://www.tvguide.co.uk/channellisting.asp?ch=257&cTime=06%2F20%2F2025%2000%3A00%3A00 (attempt 1 of 5) 
HTTP error: 403 Forbidden
Retrying URL: https://www.tvguide.co.uk/channellisting.asp?ch=257&cTime=06%2F20%2F2025%2000%3A00%3A00 (attempt 2 of 5) 
HTTP error: 403 Forbidden
Retrying URL: https://www.tvguide.co.uk/channellisting.asp?ch=257&cTime=06%2F20%2F2025%2000%3A00%3A00 (attempt 3 of 5) 
HTTP error: 403 Forbidden
Retrying URL: https://www.tvguide.co.uk/channellisting.asp?ch=257&cTime=06%2F20%2F2025%2000%3A00%3A00 (attempt 4 of 5) 
HTTP error: 403 Forbidden
Retrying URL: https://www.tvguide.co.uk/channellisting.asp?ch=257&cTime=06%2F20%2F2025%2000%3A00%3A00 (attempt 5 of 5) 
HTTP error: 403 Forbidden
Could not parse the page
[Sat Jun 21 02:44:31 2025] Fetching listings:  18%
HTTP error: 403 Forbidden
Retrying URL: https://www.tvguide.co.uk/channellisting.asp?ch=257&cTime=06%2F21%2F2025%2000%3A00%3A00 (attempt 1 of 5) 
HTTP error: 403 Forbidden
Retrying URL: https://www.tvguide.co.uk/channellisting.asp?ch=257&cTime=06%2F21%2F2025%2000%3A00%3A00 (attempt 2 of 5) 
HTTP error: 403 Forbidden
Retrying URL: https://www.tvguide.co.uk/channellisting.asp?ch=257&cTime=06%2F21%2F2025%2000%3A00%3A00 (attempt 3 of 5) 
HTTP error: 403 Forbidden
Retrying URL: https://www.tvguide.co.uk/channellisting.asp?ch=257&cTime=06%2F21%2F2025%2000%3A00%3A00 (attempt 4 of 5) 
HTTP error: 403 Forbidden
Retrying URL: https://www.tvguide.co.uk/channellisting.asp?ch=257&cTime=06%2F21%2F2025%2000%3A00%3A00 (attempt 5 of 5) 
HTTP error: 403 Forbidden
Could not parse the page
[Sat Jun 21 02:44:42 2025] Fetching listings:  20%
HTTP error: 403 Forbidden
Retrying URL: https://www.tvguide.co.uk/channellisting.asp?ch=267&cTime=06%2F20%2F2025%2000%3A00%3A00 (attempt 1 of 5) 
HTTP error: 403 Forbidden
Retrying URL: https://www.tvguide.co.uk/channellisting.asp?ch=267&cTime=06%2F20%2F2025%2000%3A00%3A00 (attempt 2 of 5) 
HTTP error: 403 Forbidden
Retrying URL: https://www.tvguide.co.uk/channellisting.asp?ch=267&cTime=06%2F20%2F2025%2000%3A00%3A00 (attempt 3 of 5) 
HTTP error: 403 Forbidden
Retrying URL: https://www.tvguide.co.uk/channellisting.asp?ch=267&cTime=06%2F20%2F2025%2000%3A00%3A00 (attempt 4 of 5) 
HTTP error: 403 Forbidden
Retrying URL: https://www.tvguide.co.uk/channellisting.asp?ch=267&cTime=06%2F20%2F2025%2000%3A00%3A00 (attempt 5 of 5) 
HTTP error: 403 Forbidden
Could not parse the page
[Sat Jun 21 02:44:56 2025] Fetching listings:  22%
HTTP error: 403 Forbidden
Retrying URL: https://www.tvguide.co.uk/channellisting.asp?ch=267&cTime=06%2F21%2F2025%2000%3A00%3A00 (attempt 1 of 5) 
HTTP error: 403 Forbidden
Retrying URL: https://www.tvguide.co.uk/channellisting.asp?ch=267&cTime=06%2F21%2F2025%2000%3A00%3A00 (attempt 2 of 5) 
HTTP error: 403 Forbidden
Retrying URL: https://www.tvguide.co.uk/channellisting.asp?ch=267&cTime=06%2F21%2F2025%2000%3A00%3A00 (attempt 3 of 5) 
HTTP error: 403 Forbidden
Retrying URL: https://www.tvguide.co.uk/channellisting.asp?ch=267&cTime=06%2F21%2F2025%2000%3A00%3A00 (attempt 4 of 5) 
HTTP error: 403 Forbidden
Retrying URL: https://www.tvguide.co.uk/channellisting.asp?ch=267&cTime=06%2F21%2F2025%2000%3A00%3A00 (attempt 5 of 5) 
HTTP error: 403 Forbidden
Could not parse the page
[Sat Jun 21 02:45:03 2025] Fetching listings:  24%
HTTP error: 403 Forbidden
Retrying URL: https://www.tvguide.co.uk/channellisting.asp?ch=279&cTime=06%2F20%2F2025%2000%3A00%3A00 (attempt 1 of 5) 
HTTP error: 403 Forbidden
Retrying URL: https://www.tvguide.co.uk/channellisting.asp?ch=279&cTime=06%2F20%2F2025%2000%3A00%3A00 (attempt 2 of 5) 
HTTP error: 403 Forbidden
Retrying URL: https://www.tvguide.co.uk/channellisting.asp?ch=279&cTime=06%2F20%2F2025%2000%3A00%3A00 (attempt 3 of 5) 
HTTP error: 403 Forbidden
Retrying URL: https://www.tvguide.co.uk/channellisting.asp?ch=279&cTime=06%2F20%2F2025%2000%3A00%3A00 (attempt 4 of 5) 
HTTP error: 403 Forbidden
Retrying URL: https://www.tvguide.co.uk/channellisting.asp?ch=279&cTime=06%2F20%2F2025%2000%3A00%3A00 (attempt 5 of 5) 
HTTP error: 403 Forbidden
Could not parse the page
[Sat Jun 21 02:45:16 2025] Fetching listings:  26%
HTTP error: 403 Forbidden
Retrying URL: https://www.tvguide.co.uk/channellisting.asp?ch=279&cTime=06%2F21%2F2025%2000%3A00%3A00 (attempt 1 of 5) 
HTTP error: 403 Forbidden
Retrying URL: https://www.tvguide.co.uk/channellisting.asp?ch=279&cTime=06%2F21%2F2025%2000%3A00%3A00 (attempt 2 of 5) 
HTTP error: 403 Forbidden
Retrying URL: https://www.tvguide.co.uk/channellisting.asp?ch=279&cTime=06%2F21%2F2025%2000%3A00%3A00 (attempt 3 of 5) 
HTTP error: 403 Forbidden
Retrying URL: https://www.tvguide.co.uk/channellisting.asp?ch=279&cTime=06%2F21%2F2025%2000%3A00%3A00 (attempt 4 of 5) 
HTTP error: 403 Forbidden
Retrying URL: https://www.tvguide.co.uk/channellisting.asp?ch=279&cTime=06%2F21%2F2025%2000%3A00%3A00 (attempt 5 of 5) 
HTTP error: 403 Forbidden
Could not parse the page
[Sat Jun 21 02:45:28 2025] Fetching listings:  28%
HTTP error: 403 Forbidden
Retrying URL: https://www.tvguide.co.uk/channellisting.asp?ch=320&cTime=06%2F20%2F2025%2000%3A00%3A00 (attempt 1 of 5) 
HTTP error: 403 Forbidden
Retrying URL: https://www.tvguide.co.uk/channellisting.asp?ch=320&cTime=06%2F20%2F2025%2000%3A00%3A00 (attempt 2 of 5) 
HTTP error: 403 Forbidden
Retrying URL: https://www.tvguide.co.uk/channellisting.asp?ch=320&cTime=06%2F20%2F2025%2000%3A00%3A00 (attempt 3 of 5) 
HTTP error: 403 Forbidden
Retrying URL: https://www.tvguide.co.uk/channellisting.asp?ch=320&cTime=06%2F20%2F2025%2000%3A00%3A00 (attempt 4 of 5) 
HTTP error: 403 Forbidden
Retrying URL: https://www.tvguide.co.uk/channellisting.asp?ch=320&cTime=06%2F20%2F2025%2000%3A00%3A00 (attempt 5 of 5) 
HTTP error: 403 Forbidden
Could not parse the page
[Sat Jun 21 02:45:40 2025] Fetching listings:  30%
HTTP error: 403 Forbidden
Retrying URL: https://www.tvguide.co.uk/channellisting.asp?ch=320&cTime=06%2F21%2F2025%2000%3A00%3A00 (attempt 1 of 5) 
HTTP error: 403 Forbidden
Retrying URL: https://www.tvguide.co.uk/channellisting.asp?ch=320&cTime=06%2F21%2F2025%2000%3A00%3A00 (attempt 2 of 5) 
HTTP error: 403 Forbidden
Retrying URL: https://www.tvguide.co.uk/channellisting.asp?ch=320&cTime=06%2F21%2F2025%2000%3A00%3A00 (attempt 3 of 5) 
HTTP error: 403 Forbidden
Retrying URL: https://www.tvguide.co.uk/channellisting.asp?ch=320&cTime=06%2F21%2F2025%2000%3A00%3A00 (attempt 4 of 5) 
HTTP error: 403 Forbidden
Retrying URL: https://www.tvguide.co.uk/channellisting.asp?ch=320&cTime=06%2F21%2F2025%2000%3A00%3A00 (attempt 5 of 5) 
HTTP error: 403 Forbidden
Could not parse the page
[Sat Jun 21 02:45:49 2025] Fetching listings:  32%
HTTP error: 403 Forbidden
Retrying URL: https://www.tvguide.co.uk/channellisting.asp?ch=422&cTime=06%2F20%2F2025%2000%3A00%3A00 (attempt 1 of 5) 
HTTP error: 403 Forbidden
Retrying URL: https://www.tvguide.co.uk/channellisting.asp?ch=422&cTime=06%2F20%2F2025%2000%3A00%3A00 (attempt 2 of 5) 
HTTP error: 403 Forbidden
Retrying URL: https://www.tvguide.co.uk/channellisting.asp?ch=422&cTime=06%2F20%2F2025%2000%3A00%3A00 (attempt 3 of 5) 
HTTP error: 403 Forbidden
Retrying URL: https://www.tvguide.co.uk/channellisting.asp?ch=422&cTime=06%2F20%2F2025%2000%3A00%3A00 (attempt 4 of 5) 
HTTP error: 403 Forbidden
Retrying URL: https://www.tvguide.co.uk/channellisting.asp?ch=422&cTime=06%2F20%2F2025%2000%3A00%3A00 (attempt 5 of 5) 
HTTP error: 403 Forbidden
Could not parse the page
[Sat Jun 21 02:46:05 2025] Fetching listings:  34%
HTTP error: 403 Forbidden
Retrying URL: https://www.tvguide.co.uk/channellisting.asp?ch=422&cTime=06%2F21%2F2025%2000%3A00%3A00 (attempt 1 of 5) 
HTTP error: 403 Forbidden
Retrying URL: https://www.tvguide.co.uk/channellisting.asp?ch=422&cTime=06%2F21%2F2025%2000%3A00%3A00 (attempt 2 of 5) 
HTTP error: 403 Forbidden
Retrying URL: https://www.tvguide.co.uk/channellisting.asp?ch=422&cTime=06%2F21%2F2025%2000%3A00%3A00 (attempt 3 of 5) 
HTTP error: 403 Forbidden
Retrying URL: https://www.tvguide.co.uk/channellisting.asp?ch=422&cTime=06%2F21%2F2025%2000%3A00%3A00 (attempt 4 of 5) 
HTTP error: 403 Forbidden
Retrying URL: https://www.tvguide.co.uk/channellisting.asp?ch=422&cTime=06%2F21%2F2025%2000%3A00%3A00 (attempt 5 of 5) 
HTTP error: 403 Forbidden
Could not parse the page
[Sat Jun 21 02:46:15 2025] Fetching listings:  36%
HTTP error: 403 Forbidden
Retrying URL: https://www.tvguide.co.uk/channellisting.asp?ch=432&cTime=06%2F20%2F2025%2000%3A00%3A00 (attempt 1 of 5) 
HTTP error: 403 Forbidden
Retrying URL: https://www.tvguide.co.uk/channellisting.asp?ch=432&cTime=06%2F20%2F2025%2000%3A00%3A00 (attempt 2 of 5) 
HTTP error: 403 Forbidden
Retrying URL: https://www.tvguide.co.uk/channellisting.asp?ch=432&cTime=06%2F20%2F2025%2000%3A00%3A00 (attempt 3 of 5) 
HTTP error: 403 Forbidden
Retrying URL: https://www.tvguide.co.uk/channellisting.asp?ch=432&cTime=06%2F20%2F2025%2000%3A00%3A00 (attempt 4 of 5) 
HTTP error: 403 Forbidden
Retrying URL: https://www.tvguide.co.uk/channellisting.asp?ch=432&cTime=06%2F20%2F2025%2000%3A00%3A00 (attempt 5 of 5) 
HTTP error: 403 Forbidden
Could not parse the page
[Sat Jun 21 02:46:21 2025] Fetching listings:  38%
HTTP error: 403 Forbidden
Retrying URL: https://www.tvguide.co.uk/channellisting.asp?ch=432&cTime=06%2F21%2F2025%2000%3A00%3A00 (attempt 1 of 5) 
HTTP error: 403 Forbidden
Retrying URL: https://www.tvguide.co.uk/channellisting.asp?ch=432&cTime=06%2F21%2F2025%2000%3A00%3A00 (attempt 2 of 5) 
HTTP error: 403 Forbidden
Retrying URL: https://www.tvguide.co.uk/channellisting.asp?ch=432&cTime=06%2F21%2F2025%2000%3A00%3A00 (attempt 3 of 5) 
HTTP error: 403 Forbidden
Retrying URL: https://www.tvguide.co.uk/channellisting.asp?ch=432&cTime=06%2F21%2F2025%2000%3A00%3A00 (attempt 4 of 5) 
HTTP error: 403 Forbidden
Retrying URL: https://www.tvguide.co.uk/channellisting.asp?ch=432&cTime=06%2F21%2F2025%2000%3A00%3A00 (attempt 5 of 5) 
HTTP error: 403 Forbidden
Could not parse the page
[Sat Jun 21 02:46:36 2025] Fetching listings:  40%
HTTP error: 403 Forbidden
Retrying URL: https://www.tvguide.co.uk/channellisting.asp?ch=454&cTime=06%2F20%2F2025%2000%3A00%3A00 (attempt 1 of 5) 
HTTP error: 403 Forbidden
Retrying URL: https://www.tvguide.co.uk/channellisting.asp?ch=454&cTime=06%2F20%2F2025%2000%3A00%3A00 (attempt 2 of 5) 
HTTP error: 403 Forbidden
Retrying URL: https://www.tvguide.co.uk/channellisting.asp?ch=454&cTime=06%2F20%2F2025%2000%3A00%3A00 (attempt 3 of 5) 
HTTP error: 403 Forbidden
Retrying URL: https://www.tvguide.co.uk/channellisting.asp?ch=454&cTime=06%2F20%2F2025%2000%3A00%3A00 (attempt 4 of 5) 
HTTP error: 403 Forbidden
Retrying URL: https://www.tvguide.co.uk/channellisting.asp?ch=454&cTime=06%2F20%2F2025%2000%3A00%3A00 (attempt 5 of 5) 
HTTP error: 403 Forbidden
Could not parse the page
[Sat Jun 21 02:46:54 2025] Fetching listings:  42%
HTTP error: 403 Forbidden
Retrying URL: https://www.tvguide.co.uk/channellisting.asp?ch=454&cTime=06%2F21%2F2025%2000%3A00%3A00 (attempt 1 of 5) 
HTTP error: 403 Forbidden
Retrying URL: https://www.tvguide.co.uk/channellisting.asp?ch=454&cTime=06%2F21%2F2025%2000%3A00%3A00 (attempt 2 of 5) 
HTTP error: 403 Forbidden
Retrying URL: https://www.tvguide.co.uk/channellisting.asp?ch=454&cTime=06%2F21%2F2025%2000%3A00%3A00 (attempt 3 of 5) 
HTTP error: 403 Forbidden
Retrying URL: https://www.tvguide.co.uk/channellisting.asp?ch=454&cTime=06%2F21%2F2025%2000%3A00%3A00 (attempt 4 of 5) 
HTTP error: 403 Forbidden
Retrying URL: https://www.tvguide.co.uk/channellisting.asp?ch=454&cTime=06%2F21%2F2025%2000%3A00%3A00 (attempt 5 of 5) 
HTTP error: 403 Forbidden
Could not parse the page
[Sat Jun 21 02:47:02 2025] Fetching listings:  44%
HTTP error: 403 Forbidden
Retrying URL: https://www.tvguide.co.uk/channellisting.asp?ch=559&cTime=06%2F20%2F2025%2000%3A00%3A00 (attempt 1 of 5) 
HTTP error: 403 Forbidden
Retrying URL: https://www.tvguide.co.uk/channellisting.asp?ch=559&cTime=06%2F20%2F2025%2000%3A00%3A00 (attempt 2 of 5) 
HTTP error: 403 Forbidden
Retrying URL: https://www.tvguide.co.uk/channellisting.asp?ch=559&cTime=06%2F20%2F2025%2000%3A00%3A00 (attempt 3 of 5) 
HTTP error: 403 Forbidden
Retrying URL: https://www.tvguide.co.uk/channellisting.asp?ch=559&cTime=06%2F20%2F2025%2000%3A00%3A00 (attempt 4 of 5) 
HTTP error: 403 Forbidden
Retrying URL: https://www.tvguide.co.uk/channellisting.asp?ch=559&cTime=06%2F20%2F2025%2000%3A00%3A00 (attempt 5 of 5) 
HTTP error: 403 Forbidden
Could not parse the page
[Sat Jun 21 02:47:16 2025] Fetching listings:  46%
HTTP error: 403 Forbidden
Retrying URL: https://www.tvguide.co.uk/channellisting.asp?ch=559&cTime=06%2F21%2F2025%2000%3A00%3A00 (attempt 1 of 5) 
HTTP error: 403 Forbidden
Retrying URL: https://www.tvguide.co.uk/channellisting.asp?ch=559&cTime=06%2F21%2F2025%2000%3A00%3A00 (attempt 2 of 5) 
HTTP error: 403 Forbidden
Retrying URL: https://www.tvguide.co.uk/channellisting.asp?ch=559&cTime=06%2F21%2F2025%2000%3A00%3A00 (attempt 3 of 5) 
HTTP error: 403 Forbidden
Retrying URL: https://www.tvguide.co.uk/channellisting.asp?ch=559&cTime=06%2F21%2F2025%2000%3A00%3A00 (attempt 4 of 5) 
HTTP error: 403 Forbidden
Retrying URL: https://www.tvguide.co.uk/channellisting.asp?ch=559&cTime=06%2F21%2F2025%2000%3A00%3A00 (attempt 5 of 5) 
HTTP error: 403 Forbidden
Could not parse the page
[Sat Jun 21 02:47:30 2025] Fetching listings:  48%
HTTP error: 403 Forbidden
Retrying URL: https://www.tvguide.co.uk/channellisting.asp?ch=596&cTime=06%2F20%2F2025%2000%3A00%3A00 (attempt 1 of 5) 
HTTP error: 403 Forbidden
Retrying URL: https://www.tvguide.co.uk/channellisting.asp?ch=596&cTime=06%2F20%2F2025%2000%3A00%3A00 (attempt 2 of 5) 
HTTP error: 403 Forbidden
Retrying URL: https://www.tvguide.co.uk/channellisting.asp?ch=596&cTime=06%2F20%2F2025%2000%3A00%3A00 (attempt 3 of 5) 
HTTP error: 403 Forbidden
Retrying URL: https://www.tvguide.co.uk/channellisting.asp?ch=596&cTime=06%2F20%2F2025%2000%3A00%3A00 (attempt 4 of 5) 
HTTP error: 403 Forbidden
Retrying URL: https://www.tvguide.co.uk/channellisting.asp?ch=596&cTime=06%2F20%2F2025%2000%3A00%3A00 (attempt 5 of 5) 
HTTP error: 403 Forbidden
Could not parse the page
[Sat Jun 21 02:47:41 2025] Fetching listings:  50%
HTTP error: 403 Forbidden
Retrying URL: https://www.tvguide.co.uk/channellisting.asp?ch=596&cTime=06%2F21%2F2025%2000%3A00%3A00 (attempt 1 of 5) 
HTTP error: 403 Forbidden
Retrying URL: https://www.tvguide.co.uk/channellisting.asp?ch=596&cTime=06%2F21%2F2025%2000%3A00%3A00 (attempt 2 of 5) 
HTTP error: 403 Forbidden
Retrying URL: https://www.tvguide.co.uk/channellisting.asp?ch=596&cTime=06%2F21%2F2025%2000%3A00%3A00 (attempt 3 of 5) 
HTTP error: 403 Forbidden
Retrying URL: https://www.tvguide.co.uk/channellisting.asp?ch=596&cTime=06%2F21%2F2025%2000%3A00%3A00 (attempt 4 of 5) 
HTTP error: 403 Forbidden
Retrying URL: https://www.tvguide.co.uk/channellisting.asp?ch=596&cTime=06%2F21%2F2025%2000%3A00%3A00 (attempt 5 of 5) 
HTTP error: 403 Forbidden
Could not parse the page
[Sat Jun 21 02:47:59 2025] Fetching listings:  52%
HTTP error: 403 Forbidden
Retrying URL: https://www.tvguide.co.uk/channellisting.asp?ch=853&cTime=06%2F20%2F2025%2000%3A00%3A00 (attempt 1 of 5) 
HTTP error: 403 Forbidden
Retrying URL: https://www.tvguide.co.uk/channellisting.asp?ch=853&cTime=06%2F20%2F2025%2000%3A00%3A00 (attempt 2 of 5) 
HTTP error: 403 Forbidden
Retrying URL: https://www.tvguide.co.uk/channellisting.asp?ch=853&cTime=06%2F20%2F2025%2000%3A00%3A00 (attempt 3 of 5) 
HTTP error: 403 Forbidden
Retrying URL: https://www.tvguide.co.uk/channellisting.asp?ch=853&cTime=06%2F20%2F2025%2000%3A00%3A00 (attempt 4 of 5) 
HTTP error: 403 Forbidden
Retrying URL: https://www.tvguide.co.uk/channellisting.asp?ch=853&cTime=06%2F20%2F2025%2000%3A00%3A00 (attempt 5 of 5) 
HTTP error: 403 Forbidden
Could not parse the page
[Sat Jun 21 02:48:14 2025] Fetching listings:  54%
HTTP error: 403 Forbidden
Retrying URL: https://www.tvguide.co.uk/channellisting.asp?ch=853&cTime=06%2F21%2F2025%2000%3A00%3A00 (attempt 1 of 5) 
HTTP error: 403 Forbidden
Retrying URL: https://www.tvguide.co.uk/channellisting.asp?ch=853&cTime=06%2F21%2F2025%2000%3A00%3A00 (attempt 2 of 5) 
HTTP error: 403 Forbidden
Retrying URL: https://www.tvguide.co.uk/channellisting.asp?ch=853&cTime=06%2F21%2F2025%2000%3A00%3A00 (attempt 3 of 5) 
HTTP error: 403 Forbidden
Retrying URL: https://www.tvguide.co.uk/channellisting.asp?ch=853&cTime=06%2F21%2F2025%2000%3A00%3A00 (attempt 4 of 5) 
HTTP error: 403 Forbidden
Retrying URL: https://www.tvguide.co.uk/channellisting.asp?ch=853&cTime=06%2F21%2F2025%2000%3A00%3A00 (attempt 5 of 5) 
HTTP error: 403 Forbidden
Could not parse the page
[Sat Jun 21 02:48:29 2025] Fetching listings:  56%
HTTP error: 403 Forbidden
Retrying URL: https://www.tvguide.co.uk/channellisting.asp?ch=871&cTime=06%2F20%2F2025%2000%3A00%3A00 (attempt 1 of 5) 
HTTP error: 403 Forbidden
Retrying URL: https://www.tvguide.co.uk/channellisting.asp?ch=871&cTime=06%2F20%2F2025%2000%3A00%3A00 (attempt 2 of 5) 
HTTP error: 403 Forbidden
Retrying URL: https://www.tvguide.co.uk/channellisting.asp?ch=871&cTime=06%2F20%2F2025%2000%3A00%3A00 (attempt 3 of 5) 
HTTP error: 403 Forbidden
Retrying URL: https://www.tvguide.co.uk/channellisting.asp?ch=871&cTime=06%2F20%2F2025%2000%3A00%3A00 (attempt 4 of 5) 
HTTP error: 403 Forbidden
Retrying URL: https://www.tvguide.co.uk/channellisting.asp?ch=871&cTime=06%2F20%2F2025%2000%3A00%3A00 (attempt 5 of 5) 
HTTP error: 403 Forbidden
Could not parse the page
[Sat Jun 21 02:48:42 2025] Fetching listings:  58%
HTTP error: 403 Forbidden
Retrying URL: https://www.tvguide.co.uk/channellisting.asp?ch=871&cTime=06%2F21%2F2025%2000%3A00%3A00 (attempt 1 of 5) 
HTTP error: 403 Forbidden
Retrying URL: https://www.tvguide.co.uk/channellisting.asp?ch=871&cTime=06%2F21%2F2025%2000%3A00%3A00 (attempt 2 of 5) 
HTTP error: 403 Forbidden
Retrying URL: https://www.tvguide.co.uk/channellisting.asp?ch=871&cTime=06%2F21%2F2025%2000%3A00%3A00 (attempt 3 of 5) 
HTTP error: 403 Forbidden
Retrying URL: https://www.tvguide.co.uk/channellisting.asp?ch=871&cTime=06%2F21%2F2025%2000%3A00%3A00 (attempt 4 of 5) 
HTTP error: 403 Forbidden
Retrying URL: https://www.tvguide.co.uk/channellisting.asp?ch=871&cTime=06%2F21%2F2025%2000%3A00%3A00 (attempt 5 of 5) 
HTTP error: 403 Forbidden
Could not parse the page
[Sat Jun 21 02:48:53 2025] Fetching listings:  60%
HTTP error: 403 Forbidden
Retrying URL: https://www.tvguide.co.uk/channellisting.asp?ch=1013&cTime=06%2F20%2F2025%2000%3A00%3A00 (attempt 1 of 5) 
HTTP error: 403 Forbidden
Retrying URL: https://www.tvguide.co.uk/channellisting.asp?ch=1013&cTime=06%2F20%2F2025%2000%3A00%3A00 (attempt 2 of 5) 
HTTP error: 403 Forbidden
Retrying URL: https://www.tvguide.co.uk/channellisting.asp?ch=1013&cTime=06%2F20%2F2025%2000%3A00%3A00 (attempt 3 of 5) 
HTTP error: 403 Forbidden
Retrying URL: https://www.tvguide.co.uk/channellisting.asp?ch=1013&cTime=06%2F20%2F2025%2000%3A00%3A00 (attempt 4 of 5) 
HTTP error: 403 Forbidden
Retrying URL: https://www.tvguide.co.uk/channellisting.asp?ch=1013&cTime=06%2F20%2F2025%2000%3A00%3A00 (attempt 5 of 5) 
HTTP error: 403 Forbidden
Could not parse the page
[Sat Jun 21 02:49:03 2025] Fetching listings:  62%
HTTP error: 403 Forbidden
Retrying URL: https://www.tvguide.co.uk/channellisting.asp?ch=1013&cTime=06%2F21%2F2025%2000%3A00%3A00 (attempt 1 of 5) 
HTTP error: 403 Forbidden
Retrying URL: https://www.tvguide.co.uk/channellisting.asp?ch=1013&cTime=06%2F21%2F2025%2000%3A00%3A00 (attempt 2 of 5) 
HTTP error: 403 Forbidden
Retrying URL: https://www.tvguide.co.uk/channellisting.asp?ch=1013&cTime=06%2F21%2F2025%2000%3A00%3A00 (attempt 3 of 5) 
HTTP error: 403 Forbidden
Retrying URL: https://www.tvguide.co.uk/channellisting.asp?ch=1013&cTime=06%2F21%2F2025%2000%3A00%3A00 (attempt 4 of 5) 
HTTP error: 403 Forbidden
Retrying URL: https://www.tvguide.co.uk/channellisting.asp?ch=1013&cTime=06%2F21%2F2025%2000%3A00%3A00 (attempt 5 of 5) 
HTTP error: 403 Forbidden
Could not parse the page
[Sat Jun 21 02:49:19 2025] Fetching listings:  64%
HTTP error: 403 Forbidden
Retrying URL: https://www.tvguide.co.uk/channellisting.asp?ch=1014&cTime=06%2F20%2F2025%2000%3A00%3A00 (attempt 1 of 5) 
HTTP error: 403 Forbidden
Retrying URL: https://www.tvguide.co.uk/channellisting.asp?ch=1014&cTime=06%2F20%2F2025%2000%3A00%3A00 (attempt 2 of 5) 
HTTP error: 403 Forbidden
Retrying URL: https://www.tvguide.co.uk/channellisting.asp?ch=1014&cTime=06%2F20%2F2025%2000%3A00%3A00 (attempt 3 of 5) 
HTTP error: 403 Forbidden
Retrying URL: https://www.tvguide.co.uk/channellisting.asp?ch=1014&cTime=06%2F20%2F2025%2000%3A00%3A00 (attempt 4 of 5) 
HTTP error: 403 Forbidden
Retrying URL: https://www.tvguide.co.uk/channellisting.asp?ch=1014&cTime=06%2F20%2F2025%2000%3A00%3A00 (attempt 5 of 5) 
HTTP error: 403 Forbidden
Could not parse the page
[Sat Jun 21 02:49:33 2025] Fetching listings:  66%
HTTP error: 403 Forbidden
Retrying URL: https://www.tvguide.co.uk/channellisting.asp?ch=1014&cTime=06%2F21%2F2025%2000%3A00%3A00 (attempt 1 of 5) 
HTTP error: 403 Forbidden
Retrying URL: https://www.tvguide.co.uk/channellisting.asp?ch=1014&cTime=06%2F21%2F2025%2000%3A00%3A00 (attempt 2 of 5) 
HTTP error: 403 Forbidden
Retrying URL: https://www.tvguide.co.uk/channellisting.asp?ch=1014&cTime=06%2F21%2F2025%2000%3A00%3A00 (attempt 3 of 5) 
HTTP error: 403 Forbidden
Retrying URL: https://www.tvguide.co.uk/channellisting.asp?ch=1014&cTime=06%2F21%2F2025%2000%3A00%3A00 (attempt 4 of 5) 
HTTP error: 403 Forbidden
Retrying URL: https://www.tvguide.co.uk/channellisting.asp?ch=1014&cTime=06%2F21%2F2025%2000%3A00%3A00 (attempt 5 of 5) 
HTTP error: 403 Forbidden
Could not parse the page
[Sat Jun 21 02:49:50 2025] Fetching listings:  68%
HTTP error: 403 Forbidden
Retrying URL: https://www.tvguide.co.uk/channellisting.asp?ch=1154&cTime=06%2F20%2F2025%2000%3A00%3A00 (attempt 1 of 5) 
HTTP error: 403 Forbidden
Retrying URL: https://www.tvguide.co.uk/channellisting.asp?ch=1154&cTime=06%2F20%2F2025%2000%3A00%3A00 (attempt 2 of 5) 
HTTP error: 403 Forbidden
Retrying URL: https://www.tvguide.co.uk/channellisting.asp?ch=1154&cTime=06%2F20%2F2025%2000%3A00%3A00 (attempt 3 of 5) 
HTTP error: 403 Forbidden
Retrying URL: https://www.tvguide.co.uk/channellisting.asp?ch=1154&cTime=06%2F20%2F2025%2000%3A00%3A00 (attempt 4 of 5) 
HTTP error: 403 Forbidden
Retrying URL: https://www.tvguide.co.uk/channellisting.asp?ch=1154&cTime=06%2F20%2F2025%2000%3A00%3A00 (attempt 5 of 5) 
HTTP error: 403 Forbidden
Could not parse the page
[Sat Jun 21 02:50:04 2025] Fetching listings:  70%
HTTP error: 403 Forbidden
Retrying URL: https://www.tvguide.co.uk/channellisting.asp?ch=1154&cTime=06%2F21%2F2025%2000%3A00%3A00 (attempt 1 of 5) 
HTTP error: 403 Forbidden
Retrying URL: https://www.tvguide.co.uk/channellisting.asp?ch=1154&cTime=06%2F21%2F2025%2000%3A00%3A00 (attempt 2 of 5) 
HTTP error: 403 Forbidden
Retrying URL: https://www.tvguide.co.uk/channellisting.asp?ch=1154&cTime=06%2F21%2F2025%2000%3A00%3A00 (attempt 3 of 5) 
HTTP error: 403 Forbidden
Retrying URL: https://www.tvguide.co.uk/channellisting.asp?ch=1154&cTime=06%2F21%2F2025%2000%3A00%3A00 (attempt 4 of 5) 
HTTP error: 403 Forbidden
Retrying URL: https://www.tvguide.co.uk/channellisting.asp?ch=1154&cTime=06%2F21%2F2025%2000%3A00%3A00 (attempt 5 of 5) 
HTTP error: 403 Forbidden
Could not parse the page
[Sat Jun 21 02:50:21 2025] Fetching listings:  72%
HTTP error: 403 Forbidden
Retrying URL: https://www.tvguide.co.uk/channellisting.asp?ch=1157&cTime=06%2F20%2F2025%2000%3A00%3A00 (attempt 1 of 5) 
HTTP error: 403 Forbidden
Retrying URL: https://www.tvguide.co.uk/channellisting.asp?ch=1157&cTime=06%2F20%2F2025%2000%3A00%3A00 (attempt 2 of 5) 
HTTP error: 403 Forbidden
Retrying URL: https://www.tvguide.co.uk/channellisting.asp?ch=1157&cTime=06%2F20%2F2025%2000%3A00%3A00 (attempt 3 of 5) 
HTTP error: 403 Forbidden
Retrying URL: https://www.tvguide.co.uk/channellisting.asp?ch=1157&cTime=06%2F20%2F2025%2000%3A00%3A00 (attempt 4 of 5) 
HTTP error: 403 Forbidden
Retrying URL: https://www.tvguide.co.uk/channellisting.asp?ch=1157&cTime=06%2F20%2F2025%2000%3A00%3A00 (attempt 5 of 5) 
HTTP error: 403 Forbidden
Could not parse the page
[Sat Jun 21 02:50:37 2025] Fetching listings:  74%
HTTP error: 403 Forbidden
Retrying URL: https://www.tvguide.co.uk/channellisting.asp?ch=1157&cTime=06%2F21%2F2025%2000%3A00%3A00 (attempt 1 of 5) 
HTTP error: 403 Forbidden
Retrying URL: https://www.tvguide.co.uk/channellisting.asp?ch=1157&cTime=06%2F21%2F2025%2000%3A00%3A00 (attempt 2 of 5) 
HTTP error: 403 Forbidden
Retrying URL: https://www.tvguide.co.uk/channellisting.asp?ch=1157&cTime=06%2F21%2F2025%2000%3A00%3A00 (attempt 3 of 5) 
HTTP error: 403 Forbidden
Retrying URL: https://www.tvguide.co.uk/channellisting.asp?ch=1157&cTime=06%2F21%2F2025%2000%3A00%3A00 (attempt 4 of 5) 
HTTP error: 403 Forbidden
Retrying URL: https://www.tvguide.co.uk/channellisting.asp?ch=1157&cTime=06%2F21%2F2025%2000%3A00%3A00 (attempt 5 of 5) 
HTTP error: 403 Forbidden
Could not parse the page
[Sat Jun 21 02:50:43 2025] Fetching listings:  76%
HTTP error: 403 Forbidden
Retrying URL: https://www.tvguide.co.uk/channellisting.asp?ch=1171&cTime=06%2F20%2F2025%2000%3A00%3A00 (attempt 1 of 5) 
HTTP error: 403 Forbidden
Retrying URL: https://www.tvguide.co.uk/channellisting.asp?ch=1171&cTime=06%2F20%2F2025%2000%3A00%3A00 (attempt 2 of 5) 
HTTP error: 403 Forbidden
Retrying URL: https://www.tvguide.co.uk/channellisting.asp?ch=1171&cTime=06%2F20%2F2025%2000%3A00%3A00 (attempt 3 of 5) 
HTTP error: 403 Forbidden
Retrying URL: https://www.tvguide.co.uk/channellisting.asp?ch=1171&cTime=06%2F20%2F2025%2000%3A00%3A00 (attempt 4 of 5) 
HTTP error: 403 Forbidden
Retrying URL: https://www.tvguide.co.uk/channellisting.asp?ch=1171&cTime=06%2F20%2F2025%2000%3A00%3A00 (attempt 5 of 5) 
HTTP error: 403 Forbidden
Could not parse the page
[Sat Jun 21 02:50:51 2025] Fetching listings:  78%
HTTP error: 403 Forbidden
Retrying URL: https://www.tvguide.co.uk/channellisting.asp?ch=1171&cTime=06%2F21%2F2025%2000%3A00%3A00 (attempt 1 of 5) 
HTTP error: 403 Forbidden
Retrying URL: https://www.tvguide.co.uk/channellisting.asp?ch=1171&cTime=06%2F21%2F2025%2000%3A00%3A00 (attempt 2 of 5) 
HTTP error: 403 Forbidden
Retrying URL: https://www.tvguide.co.uk/channellisting.asp?ch=1171&cTime=06%2F21%2F2025%2000%3A00%3A00 (attempt 3 of 5) 
HTTP error: 403 Forbidden
Retrying URL: https://www.tvguide.co.uk/channellisting.asp?ch=1171&cTime=06%2F21%2F2025%2000%3A00%3A00 (attempt 4 of 5) 
HTTP error: 403 Forbidden
Retrying URL: https://www.tvguide.co.uk/channellisting.asp?ch=1171&cTime=06%2F21%2F2025%2000%3A00%3A00 (attempt 5 of 5) 
HTTP error: 403 Forbidden
Could not parse the page
[Sat Jun 21 02:51:05 2025] Fetching listings:  80%
HTTP error: 403 Forbidden
Retrying URL: https://www.tvguide.co.uk/channellisting.asp?ch=1183&cTime=06%2F20%2F2025%2000%3A00%3A00 (attempt 1 of 5) 
HTTP error: 403 Forbidden
Retrying URL: https://www.tvguide.co.uk/channellisting.asp?ch=1183&cTime=06%2F20%2F2025%2000%3A00%3A00 (attempt 2 of 5) 
HTTP error: 403 Forbidden
Retrying URL: https://www.tvguide.co.uk/channellisting.asp?ch=1183&cTime=06%2F20%2F2025%2000%3A00%3A00 (attempt 3 of 5) 
HTTP error: 403 Forbidden
Retrying URL: https://www.tvguide.co.uk/channellisting.asp?ch=1183&cTime=06%2F20%2F2025%2000%3A00%3A00 (attempt 4 of 5) 
HTTP error: 403 Forbidden
Retrying URL: https://www.tvguide.co.uk/channellisting.asp?ch=1183&cTime=06%2F20%2F2025%2000%3A00%3A00 (attempt 5 of 5) 
HTTP error: 403 Forbidden
Could not parse the page
[Sat Jun 21 02:51:14 2025] Fetching listings:  82%
HTTP error: 403 Forbidden
Retrying URL: https://www.tvguide.co.uk/channellisting.asp?ch=1183&cTime=06%2F21%2F2025%2000%3A00%3A00 (attempt 1 of 5) 
HTTP error: 403 Forbidden
Retrying URL: https://www.tvguide.co.uk/channellisting.asp?ch=1183&cTime=06%2F21%2F2025%2000%3A00%3A00 (attempt 2 of 5) 
HTTP error: 403 Forbidden
Retrying URL: https://www.tvguide.co.uk/channellisting.asp?ch=1183&cTime=06%2F21%2F2025%2000%3A00%3A00 (attempt 3 of 5) 
HTTP error: 403 Forbidden
Retrying URL: https://www.tvguide.co.uk/channellisting.asp?ch=1183&cTime=06%2F21%2F2025%2000%3A00%3A00 (attempt 4 of 5) 
HTTP error: 403 Forbidden
Retrying URL: https://www.tvguide.co.uk/channellisting.asp?ch=1183&cTime=06%2F21%2F2025%2000%3A00%3A00 (attempt 5 of 5) 
HTTP error: 403 Forbidden
Could not parse the page
[Sat Jun 21 02:51:22 2025] Fetching listings:  84%
HTTP error: 403 Forbidden
Retrying URL: https://www.tvguide.co.uk/channellisting.asp?ch=1207&cTime=06%2F20%2F2025%2000%3A00%3A00 (attempt 1 of 5) 
HTTP error: 403 Forbidden
Retrying URL: https://www.tvguide.co.uk/channellisting.asp?ch=1207&cTime=06%2F20%2F2025%2000%3A00%3A00 (attempt 2 of 5) 
HTTP error: 403 Forbidden
Retrying URL: https://www.tvguide.co.uk/channellisting.asp?ch=1207&cTime=06%2F20%2F2025%2000%3A00%3A00 (attempt 3 of 5) 
HTTP error: 403 Forbidden
Retrying URL: https://www.tvguide.co.uk/channellisting.asp?ch=1207&cTime=06%2F20%2F2025%2000%3A00%3A00 (attempt 4 of 5) 
HTTP error: 403 Forbidden
Retrying URL: https://www.tvguide.co.uk/channellisting.asp?ch=1207&cTime=06%2F20%2F2025%2000%3A00%3A00 (attempt 5 of 5) 
HTTP error: 403 Forbidden
Could not parse the page
[Sat Jun 21 02:51:34 2025] Fetching listings:  86%
HTTP error: 403 Forbidden
Retrying URL: https://www.tvguide.co.uk/channellisting.asp?ch=1207&cTime=06%2F21%2F2025%2000%3A00%3A00 (attempt 1 of 5) 
HTTP error: 403 Forbidden
Retrying URL: https://www.tvguide.co.uk/channellisting.asp?ch=1207&cTime=06%2F21%2F2025%2000%3A00%3A00 (attempt 2 of 5) 
HTTP error: 403 Forbidden
Retrying URL: https://www.tvguide.co.uk/channellisting.asp?ch=1207&cTime=06%2F21%2F2025%2000%3A00%3A00 (attempt 3 of 5) 
HTTP error: 403 Forbidden
Retrying URL: https://www.tvguide.co.uk/channellisting.asp?ch=1207&cTime=06%2F21%2F2025%2000%3A00%3A00 (attempt 4 of 5) 
HTTP error: 403 Forbidden
Retrying URL: https://www.tvguide.co.uk/channellisting.asp?ch=1207&cTime=06%2F21%2F2025%2000%3A00%3A00 (attempt 5 of 5) 
HTTP error: 403 Forbidden
Could not parse the page
[Sat Jun 21 02:51:48 2025] Fetching listings:  88%
HTTP error: 403 Forbidden
Retrying URL: https://www.tvguide.co.uk/channellisting.asp?ch=1210&cTime=06%2F20%2F2025%2000%3A00%3A00 (attempt 1 of 5) 
HTTP error: 403 Forbidden
Retrying URL: https://www.tvguide.co.uk/channellisting.asp?ch=1210&cTime=06%2F20%2F2025%2000%3A00%3A00 (attempt 2 of 5) 
HTTP error: 403 Forbidden
Retrying URL: https://www.tvguide.co.uk/channellisting.asp?ch=1210&cTime=06%2F20%2F2025%2000%3A00%3A00 (attempt 3 of 5) 
HTTP error: 403 Forbidden
Retrying URL: https://www.tvguide.co.uk/channellisting.asp?ch=1210&cTime=06%2F20%2F2025%2000%3A00%3A00 (attempt 4 of 5) 
HTTP error: 403 Forbidden
Retrying URL: https://www.tvguide.co.uk/channellisting.asp?ch=1210&cTime=06%2F20%2F2025%2000%3A00%3A00 (attempt 5 of 5) 
HTTP error: 403 Forbidden
Could not parse the page
[Sat Jun 21 02:52:00 2025] Fetching listings:  90%
HTTP error: 403 Forbidden
Retrying URL: https://www.tvguide.co.uk/channellisting.asp?ch=1210&cTime=06%2F21%2F2025%2000%3A00%3A00 (attempt 1 of 5) 
HTTP error: 403 Forbidden
Retrying URL: https://www.tvguide.co.uk/channellisting.asp?ch=1210&cTime=06%2F21%2F2025%2000%3A00%3A00 (attempt 2 of 5) 
HTTP error: 403 Forbidden
Retrying URL: https://www.tvguide.co.uk/channellisting.asp?ch=1210&cTime=06%2F21%2F2025%2000%3A00%3A00 (attempt 3 of 5) 
HTTP error: 403 Forbidden
Retrying URL: https://www.tvguide.co.uk/channellisting.asp?ch=1210&cTime=06%2F21%2F2025%2000%3A00%3A00 (attempt 4 of 5) 
HTTP error: 403 Forbidden
Retrying URL: https://www.tvguide.co.uk/channellisting.asp?ch=1210&cTime=06%2F21%2F2025%2000%3A00%3A00 (attempt 5 of 5) 
HTTP error: 403 Forbidden
Could not parse the page
[Sat Jun 21 02:52:15 2025] Fetching listings:  92%
HTTP error: 403 Forbidden
Retrying URL: https://www.tvguide.co.uk/channellisting.asp?ch=1212&cTime=06%2F20%2F2025%2000%3A00%3A00 (attempt 1 of 5) 
HTTP error: 403 Forbidden
Retrying URL: https://www.tvguide.co.uk/channellisting.asp?ch=1212&cTime=06%2F20%2F2025%2000%3A00%3A00 (attempt 2 of 5) 
HTTP error: 403 Forbidden
Retrying URL: https://www.tvguide.co.uk/channellisting.asp?ch=1212&cTime=06%2F20%2F2025%2000%3A00%3A00 (attempt 3 of 5) 
HTTP error: 403 Forbidden
Retrying URL: https://www.tvguide.co.uk/channellisting.asp?ch=1212&cTime=06%2F20%2F2025%2000%3A00%3A00 (attempt 4 of 5) 
HTTP error: 403 Forbidden
Retrying URL: https://www.tvguide.co.uk/channellisting.asp?ch=1212&cTime=06%2F20%2F2025%2000%3A00%3A00 (attempt 5 of 5) 
HTTP error: 403 Forbidden
Could not parse the page
[Sat Jun 21 02:52:29 2025] Fetching listings:  94%
HTTP error: 403 Forbidden
Retrying URL: https://www.tvguide.co.uk/channellisting.asp?ch=1212&cTime=06%2F21%2F2025%2000%3A00%3A00 (attempt 1 of 5) 
HTTP error: 403 Forbidden
Retrying URL: https://www.tvguide.co.uk/channellisting.asp?ch=1212&cTime=06%2F21%2F2025%2000%3A00%3A00 (attempt 2 of 5) 
HTTP error: 403 Forbidden
Retrying URL: https://www.tvguide.co.uk/channellisting.asp?ch=1212&cTime=06%2F21%2F2025%2000%3A00%3A00 (attempt 3 of 5) 
HTTP error: 403 Forbidden
Retrying URL: https://www.tvguide.co.uk/channellisting.asp?ch=1212&cTime=06%2F21%2F2025%2000%3A00%3A00 (attempt 4 of 5) 
HTTP error: 403 Forbidden
Retrying URL: https://www.tvguide.co.uk/channellisting.asp?ch=1212&cTime=06%2F21%2F2025%2000%3A00%3A00 (attempt 5 of 5) 
HTTP error: 403 Forbidden
Could not parse the page
[Sat Jun 21 02:52:40 2025] Fetching listings:  96%
HTTP error: 403 Forbidden
Retrying URL: https://www.tvguide.co.uk/channellisting.asp?ch=1255&cTime=06%2F20%2F2025%2000%3A00%3A00 (attempt 1 of 5) 
HTTP error: 403 Forbidden
Retrying URL: https://www.tvguide.co.uk/channellisting.asp?ch=1255&cTime=06%2F20%2F2025%2000%3A00%3A00 (attempt 2 of 5) 
HTTP error: 403 Forbidden
Retrying URL: https://www.tvguide.co.uk/channellisting.asp?ch=1255&cTime=06%2F20%2F2025%2000%3A00%3A00 (attempt 3 of 5) 
HTTP error: 403 Forbidden
Retrying URL: https://www.tvguide.co.uk/channellisting.asp?ch=1255&cTime=06%2F20%2F2025%2000%3A00%3A00 (attempt 4 of 5) 
HTTP error: 403 Forbidden
Retrying URL: https://www.tvguide.co.uk/channellisting.asp?ch=1255&cTime=06%2F20%2F2025%2000%3A00%3A00 (attempt 5 of 5) 
HTTP error: 403 Forbidden
Could not parse the page
[Sat Jun 21 02:52:52 2025] Fetching listings:  98%
HTTP error: 403 Forbidden
Retrying URL: https://www.tvguide.co.uk/channellisting.asp?ch=1255&cTime=06%2F21%2F2025%2000%3A00%3A00 (attempt 1 of 5) 
HTTP error: 403 Forbidden
Retrying URL: https://www.tvguide.co.uk/channellisting.asp?ch=1255&cTime=06%2F21%2F2025%2000%3A00%3A00 (attempt 2 of 5) 
HTTP error: 403 Forbidden
Retrying URL: https://www.tvguide.co.uk/channellisting.asp?ch=1255&cTime=06%2F21%2F2025%2000%3A00%3A00 (attempt 3 of 5) 
HTTP error: 403 Forbidden
Retrying URL: https://www.tvguide.co.uk/channellisting.asp?ch=1255&cTime=06%2F21%2F2025%2000%3A00%3A00 (attempt 4 of 5) 
HTTP error: 403 Forbidden
Retrying URL: https://www.tvguide.co.uk/channellisting.asp?ch=1255&cTime=06%2F21%2F2025%2000%3A00%3A00 (attempt 5 of 5) 
HTTP error: 403 Forbidden
Could not parse the page
[Sat Jun 21 02:53:02 2025] Fetching listings: 100%
expected hashref of channels at /usr/share/perl5/XMLTV.pm line 644.
