                                                  getting listings...Aucun programme pour la chaîne 4 France 2 le 2025-08-09
Aucun programme pour la chaîne 23 één le 2025-08-09
Aucun programme pour la chaîne 34 Canal+ le 2025-08-09
Aucun programme pour la chaîne 47 France 5 le 2025-08-09
Aucun programme pour la chaîne 50 Club RTL le 2025-08-09
Aucun programme pour la chaîne 59 SRF 1 le 2025-08-09
Aucun programme pour la chaîne 61 DW (English) le 2025-08-09
Aucun programme pour la chaîne 64 Equidia le 2025-08-09
Aucun programme pour la chaîne 78 France 4 le 2025-08-09
Aucun programme pour la chaîne 80 France 3 le 2025-08-09
Aucun programme pour la chaîne 110 KTO le 2025-08-09
Aucun programme pour la chaîne 111 Arte le 2025-08-09
Aucun programme pour la chaîne 112 LCI le 2025-08-09
Aucun programme pour la chaîne 118 M6 le 2025-08-09
Aucun programme pour la chaîne 119 W9 le 2025-08-09
Aucun programme pour la chaîne 140 Euronews le 2025-08-09
Aucun programme pour la chaîne 164 La Une le 2025-08-09
Aucun programme pour la chaîne 168 RTL TVI le 2025-08-09
Aucun programme pour la chaîne 182 SWR le 2025-08-09
Aucun programme pour la chaîne 183 RTS Deux le 2025-08-09
Aucun programme pour la chaîne 184 M6 Boutique le 2025-08-09
Aucun programme pour la chaîne 187 La Deux le 2025-08-09
Aucun programme pour la chaîne 192 TF1 le 2025-08-09
Aucun programme pour la chaîne 195 TMC le 2025-08-09
Aucun programme pour la chaîne 200 RSI LA 1 le 2025-08-09
Aucun programme pour la chaîne 201 RSI LA 2 le 2025-08-09
Aucun programme pour la chaîne 202 RTS Un le 2025-08-09
Aucun programme pour la chaîne 205 TV5MONDE le 2025-08-09
Aucun programme pour la chaîne 226 CNEWS le 2025-08-09
Aucun programme pour la chaîne 234 La Chaîne parlementaire le 2025-08-09
Aucun programme pour la chaîne 240 Nouvelle-Calédonie la 1ère le 2025-08-09
Aucun programme pour la chaîne 245 Réunion la 1ère le 2025-08-09
Aucun programme pour la chaîne 260 Guyane la 1ère le 2025-08-09
Aucun programme pour la chaîne 328 Martinique la 1ère le 2025-08-09
Aucun programme pour la chaîne 329 Guadeloupe la 1ère le 2025-08-09
Aucun programme pour la chaîne 377 Plug RTL le 2025-08-09
Aucun programme pour la chaîne 444 NRJ 12 le 2025-08-09
Aucun programme pour la chaîne 445 C8 le 2025-08-09
Aucun programme pour la chaîne 446 TFX le 2025-08-09
Aucun programme pour la chaîne 458 CSTAR le 2025-08-09
Aucun programme pour la chaîne 459 Polynésie la 1ère le 2025-08-09
Aucun programme pour la chaîne 481 BFMTV le 2025-08-09
Aucun programme pour la chaîne 482 Gulli le 2025-08-09
Aucun programme pour la chaîne 529 France 24 le 2025-08-09
Aucun programme pour la chaîne 892 La Trois le 2025-08-09
Aucun programme pour la chaîne 1045 Mirabelle TV le 2025-08-09
Aucun programme pour la chaîne 1073 BFM Business le 2025-08-09
Aucun programme pour la chaîne 1280 Ketnet le 2025-08-09
Aucun programme pour la chaîne 1399 Chérie 25 le 2025-08-09
Aucun programme pour la chaîne 1400 RMC Découverte le 2025-08-09
Aucun programme pour la chaîne 1401 L'Equipe le 2025-08-09
Aucun programme pour la chaîne 1402 RMC Story le 2025-08-09
Aucun programme pour la chaîne 1403 6ter le 2025-08-09
Aucun programme pour la chaîne 1404 TF1 Séries Films le 2025-08-09
Aucun programme pour la chaîne 1921 France 3 Alpes le 2025-08-09
Aucun programme pour la chaîne 1922 France 3 Alsace le 2025-08-09
Aucun programme pour la chaîne 1923 France 3 Aquitaine le 2025-08-09
Aucun programme pour la chaîne 1924 France 3 Auvergne le 2025-08-09
Aucun programme pour la chaîne 1925 France 3 Basse-Normandie le 2025-08-09
Aucun programme pour la chaîne 1926 France 3 Bourgogne le 2025-08-09
Aucun programme pour la chaîne 1927 France 3 Bretagne le 2025-08-09
Aucun programme pour la chaîne 1928 France 3 Centre-Val de Loire le 2025-08-09
Aucun programme pour la chaîne 1929 France 3 Champagne-Ardennes le 2025-08-09
Aucun programme pour la chaîne 1931 France 3 Côte d'Azur le 2025-08-09
Aucun programme pour la chaîne 1932 France 3 Franche-Comté le 2025-08-09
Aucun programme pour la chaîne 1933 France 3 Haute-Normandie le 2025-08-09
Aucun programme pour la chaîne 1934 France 3 Languedoc-Roussillon le 2025-08-09
Aucun programme pour la chaîne 1935 France 3 Limousin le 2025-08-09
Aucun programme pour la chaîne 1936 France 3 Lorraine le 2025-08-09
Aucun programme pour la chaîne 1937 France 3 Midi-Pyrénées le 2025-08-09
Aucun programme pour la chaîne 1938 France 3 Nord Pas-de-Calais le 2025-08-09
Aucun programme pour la chaîne 1939 France 3 Paris Ile-de-France le 2025-08-09
Aucun programme pour la chaîne 1940 France 3 Pays de la Loire le 2025-08-09
Aucun programme pour la chaîne 1941 France 3 Picardie le 2025-08-09
Aucun programme pour la chaîne 1942 France 3 Poitou-Charentes le 2025-08-09
Aucun programme pour la chaîne 1943 France 3 Provence-Alpes le 2025-08-09
Aucun programme pour la chaîne 1944 France 3 Rhône-Alpes le 2025-08-09
Aucun programme pour la chaîne 2111 Franceinfo le 2025-08-09
Aucun programme pour la chaîne 3163 Culturebox le 2025-08-09
Grabber process finished in 2 seconds for 79 chans, 4 api calls : 3 api_grille, 1 api_init, 0 cached api_casting
