[Sun Feb  8 04:29:10 2026] Fetching listings:   0%
HTTP error: 403 Forbidden
Retrying URL: https://www.tvguide.co.uk/channellisting.asp?ch=140&cTime=02%2F10%2F2026%2000%3A00%3A00 (attempt 1 of 5) 
HTTP error: 403 Forbidden
Retrying URL: https://www.tvguide.co.uk/channellisting.asp?ch=140&cTime=02%2F10%2F2026%2000%3A00%3A00 (attempt 2 of 5) 
HTTP error: 403 Forbidden
Retrying URL: https://www.tvguide.co.uk/channellisting.asp?ch=140&cTime=02%2F10%2F2026%2000%3A00%3A00 (attempt 3 of 5) 
HTTP error: 403 Forbidden
Retrying URL: https://www.tvguide.co.uk/channellisting.asp?ch=140&cTime=02%2F10%2F2026%2000%3A00%3A00 (attempt 4 of 5) 
HTTP error: 403 Forbidden
Retrying URL: https://www.tvguide.co.uk/channellisting.asp?ch=140&cTime=02%2F10%2F2026%2000%3A00%3A00 (attempt 5 of 5) 
HTTP error: 403 Forbidden
Could not parse the page
[Sun Feb  8 04:29:20 2026] Fetching listings:   2%
HTTP error: 403 Forbidden
Retrying URL: https://www.tvguide.co.uk/channellisting.asp?ch=140&cTime=02%2F11%2F2026%2000%3A00%3A00 (attempt 1 of 5) 
HTTP error: 403 Forbidden
Retrying URL: https://www.tvguide.co.uk/channellisting.asp?ch=140&cTime=02%2F11%2F2026%2000%3A00%3A00 (attempt 2 of 5) 
HTTP error: 403 Forbidden
Retrying URL: https://www.tvguide.co.uk/channellisting.asp?ch=140&cTime=02%2F11%2F2026%2000%3A00%3A00 (attempt 3 of 5) 
HTTP error: 403 Forbidden
Retrying URL: https://www.tvguide.co.uk/channellisting.asp?ch=140&cTime=02%2F11%2F2026%2000%3A00%3A00 (attempt 4 of 5) 
HTTP error: 403 Forbidden
Retrying URL: https://www.tvguide.co.uk/channellisting.asp?ch=140&cTime=02%2F11%2F2026%2000%3A00%3A00 (attempt 5 of 5) 
HTTP error: 403 Forbidden
Could not parse the page
[Sun Feb  8 04:29:32 2026] Fetching listings:   4%
HTTP error: 403 Forbidden
Retrying URL: https://www.tvguide.co.uk/channellisting.asp?ch=178&cTime=02%2F10%2F2026%2000%3A00%3A00 (attempt 1 of 5) 
HTTP error: 403 Forbidden
Retrying URL: https://www.tvguide.co.uk/channellisting.asp?ch=178&cTime=02%2F10%2F2026%2000%3A00%3A00 (attempt 2 of 5) 
HTTP error: 403 Forbidden
Retrying URL: https://www.tvguide.co.uk/channellisting.asp?ch=178&cTime=02%2F10%2F2026%2000%3A00%3A00 (attempt 3 of 5) 
HTTP error: 403 Forbidden
Retrying URL: https://www.tvguide.co.uk/channellisting.asp?ch=178&cTime=02%2F10%2F2026%2000%3A00%3A00 (attempt 4 of 5) 
HTTP error: 403 Forbidden
Retrying URL: https://www.tvguide.co.uk/channellisting.asp?ch=178&cTime=02%2F10%2F2026%2000%3A00%3A00 (attempt 5 of 5) 
HTTP error: 403 Forbidden
Could not parse the page
[Sun Feb  8 04:29:42 2026] Fetching listings:   6%
HTTP error: 403 Forbidden
Retrying URL: https://www.tvguide.co.uk/channellisting.asp?ch=178&cTime=02%2F11%2F2026%2000%3A00%3A00 (attempt 1 of 5) 
HTTP error: 403 Forbidden
Retrying URL: https://www.tvguide.co.uk/channellisting.asp?ch=178&cTime=02%2F11%2F2026%2000%3A00%3A00 (attempt 2 of 5) 
HTTP error: 403 Forbidden
Retrying URL: https://www.tvguide.co.uk/channellisting.asp?ch=178&cTime=02%2F11%2F2026%2000%3A00%3A00 (attempt 3 of 5) 
HTTP error: 403 Forbidden
Retrying URL: https://www.tvguide.co.uk/channellisting.asp?ch=178&cTime=02%2F11%2F2026%2000%3A00%3A00 (attempt 4 of 5) 
HTTP error: 403 Forbidden
Retrying URL: https://www.tvguide.co.uk/channellisting.asp?ch=178&cTime=02%2F11%2F2026%2000%3A00%3A00 (attempt 5 of 5) 
HTTP error: 403 Forbidden
Could not parse the page
[Sun Feb  8 04:29:47 2026] Fetching listings:   8%
HTTP error: 403 Forbidden
Retrying URL: https://www.tvguide.co.uk/channellisting.asp?ch=185&cTime=02%2F10%2F2026%2000%3A00%3A00 (attempt 1 of 5) 
HTTP error: 403 Forbidden
Retrying URL: https://www.tvguide.co.uk/channellisting.asp?ch=185&cTime=02%2F10%2F2026%2000%3A00%3A00 (attempt 2 of 5) 
HTTP error: 403 Forbidden
Retrying URL: https://www.tvguide.co.uk/channellisting.asp?ch=185&cTime=02%2F10%2F2026%2000%3A00%3A00 (attempt 3 of 5) 
HTTP error: 403 Forbidden
Retrying URL: https://www.tvguide.co.uk/channellisting.asp?ch=185&cTime=02%2F10%2F2026%2000%3A00%3A00 (attempt 4 of 5) 
HTTP error: 403 Forbidden
Retrying URL: https://www.tvguide.co.uk/channellisting.asp?ch=185&cTime=02%2F10%2F2026%2000%3A00%3A00 (attempt 5 of 5) 
HTTP error: 403 Forbidden
Could not parse the page
[Sun Feb  8 04:29:57 2026] Fetching listings:  10%
HTTP error: 403 Forbidden
Retrying URL: https://www.tvguide.co.uk/channellisting.asp?ch=185&cTime=02%2F11%2F2026%2000%3A00%3A00 (attempt 1 of 5) 
HTTP error: 403 Forbidden
Retrying URL: https://www.tvguide.co.uk/channellisting.asp?ch=185&cTime=02%2F11%2F2026%2000%3A00%3A00 (attempt 2 of 5) 
HTTP error: 403 Forbidden
Retrying URL: https://www.tvguide.co.uk/channellisting.asp?ch=185&cTime=02%2F11%2F2026%2000%3A00%3A00 (attempt 3 of 5) 
HTTP error: 403 Forbidden
Retrying URL: https://www.tvguide.co.uk/channellisting.asp?ch=185&cTime=02%2F11%2F2026%2000%3A00%3A00 (attempt 4 of 5) 
HTTP error: 403 Forbidden
Retrying URL: https://www.tvguide.co.uk/channellisting.asp?ch=185&cTime=02%2F11%2F2026%2000%3A00%3A00 (attempt 5 of 5) 
HTTP error: 403 Forbidden
Could not parse the page
[Sun Feb  8 04:30:12 2026] Fetching listings:  12%
HTTP error: 403 Forbidden
Retrying URL: https://www.tvguide.co.uk/channellisting.asp?ch=182&cTime=02%2F10%2F2026%2000%3A00%3A00 (attempt 1 of 5) 
HTTP error: 403 Forbidden
Retrying URL: https://www.tvguide.co.uk/channellisting.asp?ch=182&cTime=02%2F10%2F2026%2000%3A00%3A00 (attempt 2 of 5) 
HTTP error: 403 Forbidden
Retrying URL: https://www.tvguide.co.uk/channellisting.asp?ch=182&cTime=02%2F10%2F2026%2000%3A00%3A00 (attempt 3 of 5) 
HTTP error: 403 Forbidden
Retrying URL: https://www.tvguide.co.uk/channellisting.asp?ch=182&cTime=02%2F10%2F2026%2000%3A00%3A00 (attempt 4 of 5) 
HTTP error: 403 Forbidden
Retrying URL: https://www.tvguide.co.uk/channellisting.asp?ch=182&cTime=02%2F10%2F2026%2000%3A00%3A00 (attempt 5 of 5) 
HTTP error: 403 Forbidden
Could not parse the page
[Sun Feb  8 04:30:26 2026] Fetching listings:  14%
HTTP error: 403 Forbidden
Retrying URL: https://www.tvguide.co.uk/channellisting.asp?ch=182&cTime=02%2F11%2F2026%2000%3A00%3A00 (attempt 1 of 5) 
HTTP error: 403 Forbidden
Retrying URL: https://www.tvguide.co.uk/channellisting.asp?ch=182&cTime=02%2F11%2F2026%2000%3A00%3A00 (attempt 2 of 5) 
HTTP error: 403 Forbidden
Retrying URL: https://www.tvguide.co.uk/channellisting.asp?ch=182&cTime=02%2F11%2F2026%2000%3A00%3A00 (attempt 3 of 5) 
HTTP error: 403 Forbidden
Retrying URL: https://www.tvguide.co.uk/channellisting.asp?ch=182&cTime=02%2F11%2F2026%2000%3A00%3A00 (attempt 4 of 5) 
HTTP error: 403 Forbidden
Retrying URL: https://www.tvguide.co.uk/channellisting.asp?ch=182&cTime=02%2F11%2F2026%2000%3A00%3A00 (attempt 5 of 5) 
HTTP error: 403 Forbidden
Could not parse the page
[Sun Feb  8 04:30:40 2026] Fetching listings:  16%
HTTP error: 403 Forbidden
Retrying URL: https://www.tvguide.co.uk/channellisting.asp?ch=257&cTime=02%2F10%2F2026%2000%3A00%3A00 (attempt 1 of 5) 
HTTP error: 403 Forbidden
Retrying URL: https://www.tvguide.co.uk/channellisting.asp?ch=257&cTime=02%2F10%2F2026%2000%3A00%3A00 (attempt 2 of 5) 
HTTP error: 403 Forbidden
Retrying URL: https://www.tvguide.co.uk/channellisting.asp?ch=257&cTime=02%2F10%2F2026%2000%3A00%3A00 (attempt 3 of 5) 
HTTP error: 403 Forbidden
Retrying URL: https://www.tvguide.co.uk/channellisting.asp?ch=257&cTime=02%2F10%2F2026%2000%3A00%3A00 (attempt 4 of 5) 
HTTP error: 403 Forbidden
Retrying URL: https://www.tvguide.co.uk/channellisting.asp?ch=257&cTime=02%2F10%2F2026%2000%3A00%3A00 (attempt 5 of 5) 
HTTP error: 403 Forbidden
Could not parse the page
[Sun Feb  8 04:30:53 2026] Fetching listings:  18%
HTTP error: 403 Forbidden
Retrying URL: https://www.tvguide.co.uk/channellisting.asp?ch=257&cTime=02%2F11%2F2026%2000%3A00%3A00 (attempt 1 of 5) 
HTTP error: 403 Forbidden
Retrying URL: https://www.tvguide.co.uk/channellisting.asp?ch=257&cTime=02%2F11%2F2026%2000%3A00%3A00 (attempt 2 of 5) 
HTTP error: 403 Forbidden
Retrying URL: https://www.tvguide.co.uk/channellisting.asp?ch=257&cTime=02%2F11%2F2026%2000%3A00%3A00 (attempt 3 of 5) 
HTTP error: 403 Forbidden
Retrying URL: https://www.tvguide.co.uk/channellisting.asp?ch=257&cTime=02%2F11%2F2026%2000%3A00%3A00 (attempt 4 of 5) 
HTTP error: 403 Forbidden
Retrying URL: https://www.tvguide.co.uk/channellisting.asp?ch=257&cTime=02%2F11%2F2026%2000%3A00%3A00 (attempt 5 of 5) 
HTTP error: 403 Forbidden
Could not parse the page
[Sun Feb  8 04:31:00 2026] Fetching listings:  20%
HTTP error: 403 Forbidden
Retrying URL: https://www.tvguide.co.uk/channellisting.asp?ch=267&cTime=02%2F10%2F2026%2000%3A00%3A00 (attempt 1 of 5) 
HTTP error: 403 Forbidden
Retrying URL: https://www.tvguide.co.uk/channellisting.asp?ch=267&cTime=02%2F10%2F2026%2000%3A00%3A00 (attempt 2 of 5) 
HTTP error: 403 Forbidden
Retrying URL: https://www.tvguide.co.uk/channellisting.asp?ch=267&cTime=02%2F10%2F2026%2000%3A00%3A00 (attempt 3 of 5) 
HTTP error: 403 Forbidden
Retrying URL: https://www.tvguide.co.uk/channellisting.asp?ch=267&cTime=02%2F10%2F2026%2000%3A00%3A00 (attempt 4 of 5) 
HTTP error: 403 Forbidden
Retrying URL: https://www.tvguide.co.uk/channellisting.asp?ch=267&cTime=02%2F10%2F2026%2000%3A00%3A00 (attempt 5 of 5) 
HTTP error: 403 Forbidden
Could not parse the page
[Sun Feb  8 04:31:12 2026] Fetching listings:  22%
HTTP error: 403 Forbidden
Retrying URL: https://www.tvguide.co.uk/channellisting.asp?ch=267&cTime=02%2F11%2F2026%2000%3A00%3A00 (attempt 1 of 5) 
HTTP error: 403 Forbidden
Retrying URL: https://www.tvguide.co.uk/channellisting.asp?ch=267&cTime=02%2F11%2F2026%2000%3A00%3A00 (attempt 2 of 5) 
HTTP error: 403 Forbidden
Retrying URL: https://www.tvguide.co.uk/channellisting.asp?ch=267&cTime=02%2F11%2F2026%2000%3A00%3A00 (attempt 3 of 5) 
HTTP error: 403 Forbidden
Retrying URL: https://www.tvguide.co.uk/channellisting.asp?ch=267&cTime=02%2F11%2F2026%2000%3A00%3A00 (attempt 4 of 5) 
HTTP error: 403 Forbidden
Retrying URL: https://www.tvguide.co.uk/channellisting.asp?ch=267&cTime=02%2F11%2F2026%2000%3A00%3A00 (attempt 5 of 5) 
HTTP error: 403 Forbidden
Could not parse the page
[Sun Feb  8 04:31:25 2026] Fetching listings:  24%
HTTP error: 403 Forbidden
Retrying URL: https://www.tvguide.co.uk/channellisting.asp?ch=279&cTime=02%2F10%2F2026%2000%3A00%3A00 (attempt 1 of 5) 
HTTP error: 403 Forbidden
Retrying URL: https://www.tvguide.co.uk/channellisting.asp?ch=279&cTime=02%2F10%2F2026%2000%3A00%3A00 (attempt 2 of 5) 
HTTP error: 403 Forbidden
Retrying URL: https://www.tvguide.co.uk/channellisting.asp?ch=279&cTime=02%2F10%2F2026%2000%3A00%3A00 (attempt 3 of 5) 
HTTP error: 403 Forbidden
Retrying URL: https://www.tvguide.co.uk/channellisting.asp?ch=279&cTime=02%2F10%2F2026%2000%3A00%3A00 (attempt 4 of 5) 
HTTP error: 403 Forbidden
Retrying URL: https://www.tvguide.co.uk/channellisting.asp?ch=279&cTime=02%2F10%2F2026%2000%3A00%3A00 (attempt 5 of 5) 
HTTP error: 403 Forbidden
Could not parse the page
[Sun Feb  8 04:31:36 2026] Fetching listings:  26%
HTTP error: 403 Forbidden
Retrying URL: https://www.tvguide.co.uk/channellisting.asp?ch=279&cTime=02%2F11%2F2026%2000%3A00%3A00 (attempt 1 of 5) 
HTTP error: 403 Forbidden
Retrying URL: https://www.tvguide.co.uk/channellisting.asp?ch=279&cTime=02%2F11%2F2026%2000%3A00%3A00 (attempt 2 of 5) 
HTTP error: 403 Forbidden
Retrying URL: https://www.tvguide.co.uk/channellisting.asp?ch=279&cTime=02%2F11%2F2026%2000%3A00%3A00 (attempt 3 of 5) 
HTTP error: 403 Forbidden
Retrying URL: https://www.tvguide.co.uk/channellisting.asp?ch=279&cTime=02%2F11%2F2026%2000%3A00%3A00 (attempt 4 of 5) 
HTTP error: 403 Forbidden
Retrying URL: https://www.tvguide.co.uk/channellisting.asp?ch=279&cTime=02%2F11%2F2026%2000%3A00%3A00 (attempt 5 of 5) 
HTTP error: 403 Forbidden
Could not parse the page
[Sun Feb  8 04:31:48 2026] Fetching listings:  28%
HTTP error: 403 Forbidden
Retrying URL: https://www.tvguide.co.uk/channellisting.asp?ch=320&cTime=02%2F10%2F2026%2000%3A00%3A00 (attempt 1 of 5) 
HTTP error: 403 Forbidden
Retrying URL: https://www.tvguide.co.uk/channellisting.asp?ch=320&cTime=02%2F10%2F2026%2000%3A00%3A00 (attempt 2 of 5) 
HTTP error: 403 Forbidden
Retrying URL: https://www.tvguide.co.uk/channellisting.asp?ch=320&cTime=02%2F10%2F2026%2000%3A00%3A00 (attempt 3 of 5) 
HTTP error: 403 Forbidden
Retrying URL: https://www.tvguide.co.uk/channellisting.asp?ch=320&cTime=02%2F10%2F2026%2000%3A00%3A00 (attempt 4 of 5) 
HTTP error: 403 Forbidden
Retrying URL: https://www.tvguide.co.uk/channellisting.asp?ch=320&cTime=02%2F10%2F2026%2000%3A00%3A00 (attempt 5 of 5) 
HTTP error: 403 Forbidden
Could not parse the page
[Sun Feb  8 04:32:06 2026] Fetching listings:  30%
HTTP error: 403 Forbidden
Retrying URL: https://www.tvguide.co.uk/channellisting.asp?ch=320&cTime=02%2F11%2F2026%2000%3A00%3A00 (attempt 1 of 5) 
HTTP error: 403 Forbidden
Retrying URL: https://www.tvguide.co.uk/channellisting.asp?ch=320&cTime=02%2F11%2F2026%2000%3A00%3A00 (attempt 2 of 5) 
HTTP error: 403 Forbidden
Retrying URL: https://www.tvguide.co.uk/channellisting.asp?ch=320&cTime=02%2F11%2F2026%2000%3A00%3A00 (attempt 3 of 5) 
HTTP error: 403 Forbidden
Retrying URL: https://www.tvguide.co.uk/channellisting.asp?ch=320&cTime=02%2F11%2F2026%2000%3A00%3A00 (attempt 4 of 5) 
HTTP error: 403 Forbidden
Retrying URL: https://www.tvguide.co.uk/channellisting.asp?ch=320&cTime=02%2F11%2F2026%2000%3A00%3A00 (attempt 5 of 5) 
HTTP error: 403 Forbidden
Could not parse the page
[Sun Feb  8 04:32:19 2026] Fetching listings:  32%
HTTP error: 403 Forbidden
Retrying URL: https://www.tvguide.co.uk/channellisting.asp?ch=422&cTime=02%2F10%2F2026%2000%3A00%3A00 (attempt 1 of 5) 
HTTP error: 403 Forbidden
Retrying URL: https://www.tvguide.co.uk/channellisting.asp?ch=422&cTime=02%2F10%2F2026%2000%3A00%3A00 (attempt 2 of 5) 
HTTP error: 403 Forbidden
Retrying URL: https://www.tvguide.co.uk/channellisting.asp?ch=422&cTime=02%2F10%2F2026%2000%3A00%3A00 (attempt 3 of 5) 
HTTP error: 403 Forbidden
Retrying URL: https://www.tvguide.co.uk/channellisting.asp?ch=422&cTime=02%2F10%2F2026%2000%3A00%3A00 (attempt 4 of 5) 
HTTP error: 403 Forbidden
Retrying URL: https://www.tvguide.co.uk/channellisting.asp?ch=422&cTime=02%2F10%2F2026%2000%3A00%3A00 (attempt 5 of 5) 
HTTP error: 403 Forbidden
Could not parse the page
[Sun Feb  8 04:32:29 2026] Fetching listings:  34%
HTTP error: 403 Forbidden
Retrying URL: https://www.tvguide.co.uk/channellisting.asp?ch=422&cTime=02%2F11%2F2026%2000%3A00%3A00 (attempt 1 of 5) 
HTTP error: 403 Forbidden
Retrying URL: https://www.tvguide.co.uk/channellisting.asp?ch=422&cTime=02%2F11%2F2026%2000%3A00%3A00 (attempt 2 of 5) 
HTTP error: 403 Forbidden
Retrying URL: https://www.tvguide.co.uk/channellisting.asp?ch=422&cTime=02%2F11%2F2026%2000%3A00%3A00 (attempt 3 of 5) 
HTTP error: 403 Forbidden
Retrying URL: https://www.tvguide.co.uk/channellisting.asp?ch=422&cTime=02%2F11%2F2026%2000%3A00%3A00 (attempt 4 of 5) 
HTTP error: 403 Forbidden
Retrying URL: https://www.tvguide.co.uk/channellisting.asp?ch=422&cTime=02%2F11%2F2026%2000%3A00%3A00 (attempt 5 of 5) 
HTTP error: 403 Forbidden
Could not parse the page
[Sun Feb  8 04:32:38 2026] Fetching listings:  36%
HTTP error: 403 Forbidden
Retrying URL: https://www.tvguide.co.uk/channellisting.asp?ch=432&cTime=02%2F10%2F2026%2000%3A00%3A00 (attempt 1 of 5) 
HTTP error: 403 Forbidden
Retrying URL: https://www.tvguide.co.uk/channellisting.asp?ch=432&cTime=02%2F10%2F2026%2000%3A00%3A00 (attempt 2 of 5) 
HTTP error: 403 Forbidden
Retrying URL: https://www.tvguide.co.uk/channellisting.asp?ch=432&cTime=02%2F10%2F2026%2000%3A00%3A00 (attempt 3 of 5) 
HTTP error: 403 Forbidden
Retrying URL: https://www.tvguide.co.uk/channellisting.asp?ch=432&cTime=02%2F10%2F2026%2000%3A00%3A00 (attempt 4 of 5) 
HTTP error: 403 Forbidden
Retrying URL: https://www.tvguide.co.uk/channellisting.asp?ch=432&cTime=02%2F10%2F2026%2000%3A00%3A00 (attempt 5 of 5) 
HTTP error: 403 Forbidden
Could not parse the page
[Sun Feb  8 04:32:51 2026] Fetching listings:  38%
HTTP error: 403 Forbidden
Retrying URL: https://www.tvguide.co.uk/channellisting.asp?ch=432&cTime=02%2F11%2F2026%2000%3A00%3A00 (attempt 1 of 5) 
HTTP error: 403 Forbidden
Retrying URL: https://www.tvguide.co.uk/channellisting.asp?ch=432&cTime=02%2F11%2F2026%2000%3A00%3A00 (attempt 2 of 5) 
HTTP error: 403 Forbidden
Retrying URL: https://www.tvguide.co.uk/channellisting.asp?ch=432&cTime=02%2F11%2F2026%2000%3A00%3A00 (attempt 3 of 5) 
HTTP error: 403 Forbidden
Retrying URL: https://www.tvguide.co.uk/channellisting.asp?ch=432&cTime=02%2F11%2F2026%2000%3A00%3A00 (attempt 4 of 5) 
HTTP error: 403 Forbidden
Retrying URL: https://www.tvguide.co.uk/channellisting.asp?ch=432&cTime=02%2F11%2F2026%2000%3A00%3A00 (attempt 5 of 5) 
HTTP error: 403 Forbidden
Could not parse the page
[Sun Feb  8 04:33:10 2026] Fetching listings:  40%
HTTP error: 403 Forbidden
Retrying URL: https://www.tvguide.co.uk/channellisting.asp?ch=454&cTime=02%2F10%2F2026%2000%3A00%3A00 (attempt 1 of 5) 
HTTP error: 403 Forbidden
Retrying URL: https://www.tvguide.co.uk/channellisting.asp?ch=454&cTime=02%2F10%2F2026%2000%3A00%3A00 (attempt 2 of 5) 
HTTP error: 403 Forbidden
Retrying URL: https://www.tvguide.co.uk/channellisting.asp?ch=454&cTime=02%2F10%2F2026%2000%3A00%3A00 (attempt 3 of 5) 
HTTP error: 403 Forbidden
Retrying URL: https://www.tvguide.co.uk/channellisting.asp?ch=454&cTime=02%2F10%2F2026%2000%3A00%3A00 (attempt 4 of 5) 
HTTP error: 403 Forbidden
Retrying URL: https://www.tvguide.co.uk/channellisting.asp?ch=454&cTime=02%2F10%2F2026%2000%3A00%3A00 (attempt 5 of 5) 
HTTP error: 403 Forbidden
Could not parse the page
[Sun Feb  8 04:33:27 2026] Fetching listings:  42%
HTTP error: 403 Forbidden
Retrying URL: https://www.tvguide.co.uk/channellisting.asp?ch=454&cTime=02%2F11%2F2026%2000%3A00%3A00 (attempt 1 of 5) 
HTTP error: 403 Forbidden
Retrying URL: https://www.tvguide.co.uk/channellisting.asp?ch=454&cTime=02%2F11%2F2026%2000%3A00%3A00 (attempt 2 of 5) 
HTTP error: 403 Forbidden
Retrying URL: https://www.tvguide.co.uk/channellisting.asp?ch=454&cTime=02%2F11%2F2026%2000%3A00%3A00 (attempt 3 of 5) 
HTTP error: 403 Forbidden
Retrying URL: https://www.tvguide.co.uk/channellisting.asp?ch=454&cTime=02%2F11%2F2026%2000%3A00%3A00 (attempt 4 of 5) 
HTTP error: 403 Forbidden
Retrying URL: https://www.tvguide.co.uk/channellisting.asp?ch=454&cTime=02%2F11%2F2026%2000%3A00%3A00 (attempt 5 of 5) 
HTTP error: 403 Forbidden
Could not parse the page
[Sun Feb  8 04:33:30 2026] Fetching listings:  44%
HTTP error: 403 Forbidden
Retrying URL: https://www.tvguide.co.uk/channellisting.asp?ch=559&cTime=02%2F10%2F2026%2000%3A00%3A00 (attempt 1 of 5) 
HTTP error: 403 Forbidden
Retrying URL: https://www.tvguide.co.uk/channellisting.asp?ch=559&cTime=02%2F10%2F2026%2000%3A00%3A00 (attempt 2 of 5) 
HTTP error: 403 Forbidden
Retrying URL: https://www.tvguide.co.uk/channellisting.asp?ch=559&cTime=02%2F10%2F2026%2000%3A00%3A00 (attempt 3 of 5) 
HTTP error: 403 Forbidden
Retrying URL: https://www.tvguide.co.uk/channellisting.asp?ch=559&cTime=02%2F10%2F2026%2000%3A00%3A00 (attempt 4 of 5) 
HTTP error: 403 Forbidden
Retrying URL: https://www.tvguide.co.uk/channellisting.asp?ch=559&cTime=02%2F10%2F2026%2000%3A00%3A00 (attempt 5 of 5) 
HTTP error: 403 Forbidden
Could not parse the page
[Sun Feb  8 04:33:49 2026] Fetching listings:  46%
HTTP error: 403 Forbidden
Retrying URL: https://www.tvguide.co.uk/channellisting.asp?ch=559&cTime=02%2F11%2F2026%2000%3A00%3A00 (attempt 1 of 5) 
HTTP error: 403 Forbidden
Retrying URL: https://www.tvguide.co.uk/channellisting.asp?ch=559&cTime=02%2F11%2F2026%2000%3A00%3A00 (attempt 2 of 5) 
HTTP error: 403 Forbidden
Retrying URL: https://www.tvguide.co.uk/channellisting.asp?ch=559&cTime=02%2F11%2F2026%2000%3A00%3A00 (attempt 3 of 5) 
HTTP error: 403 Forbidden
Retrying URL: https://www.tvguide.co.uk/channellisting.asp?ch=559&cTime=02%2F11%2F2026%2000%3A00%3A00 (attempt 4 of 5) 
HTTP error: 403 Forbidden
Retrying URL: https://www.tvguide.co.uk/channellisting.asp?ch=559&cTime=02%2F11%2F2026%2000%3A00%3A00 (attempt 5 of 5) 
HTTP error: 403 Forbidden
Could not parse the page
[Sun Feb  8 04:33:58 2026] Fetching listings:  48%
HTTP error: 403 Forbidden
Retrying URL: https://www.tvguide.co.uk/channellisting.asp?ch=596&cTime=02%2F10%2F2026%2000%3A00%3A00 (attempt 1 of 5) 
HTTP error: 403 Forbidden
Retrying URL: https://www.tvguide.co.uk/channellisting.asp?ch=596&cTime=02%2F10%2F2026%2000%3A00%3A00 (attempt 2 of 5) 
HTTP error: 403 Forbidden
Retrying URL: https://www.tvguide.co.uk/channellisting.asp?ch=596&cTime=02%2F10%2F2026%2000%3A00%3A00 (attempt 3 of 5) 
HTTP error: 403 Forbidden
Retrying URL: https://www.tvguide.co.uk/channellisting.asp?ch=596&cTime=02%2F10%2F2026%2000%3A00%3A00 (attempt 4 of 5) 
HTTP error: 403 Forbidden
Retrying URL: https://www.tvguide.co.uk/channellisting.asp?ch=596&cTime=02%2F10%2F2026%2000%3A00%3A00 (attempt 5 of 5) 
HTTP error: 403 Forbidden
Could not parse the page
[Sun Feb  8 04:34:11 2026] Fetching listings:  50%
HTTP error: 403 Forbidden
Retrying URL: https://www.tvguide.co.uk/channellisting.asp?ch=596&cTime=02%2F11%2F2026%2000%3A00%3A00 (attempt 1 of 5) 
HTTP error: 403 Forbidden
Retrying URL: https://www.tvguide.co.uk/channellisting.asp?ch=596&cTime=02%2F11%2F2026%2000%3A00%3A00 (attempt 2 of 5) 
HTTP error: 403 Forbidden
Retrying URL: https://www.tvguide.co.uk/channellisting.asp?ch=596&cTime=02%2F11%2F2026%2000%3A00%3A00 (attempt 3 of 5) 
HTTP error: 403 Forbidden
Retrying URL: https://www.tvguide.co.uk/channellisting.asp?ch=596&cTime=02%2F11%2F2026%2000%3A00%3A00 (attempt 4 of 5) 
HTTP error: 403 Forbidden
Retrying URL: https://www.tvguide.co.uk/channellisting.asp?ch=596&cTime=02%2F11%2F2026%2000%3A00%3A00 (attempt 5 of 5) 
HTTP error: 403 Forbidden
Could not parse the page
[Sun Feb  8 04:34:25 2026] Fetching listings:  52%
HTTP error: 403 Forbidden
Retrying URL: https://www.tvguide.co.uk/channellisting.asp?ch=853&cTime=02%2F10%2F2026%2000%3A00%3A00 (attempt 1 of 5) 
HTTP error: 403 Forbidden
Retrying URL: https://www.tvguide.co.uk/channellisting.asp?ch=853&cTime=02%2F10%2F2026%2000%3A00%3A00 (attempt 2 of 5) 
HTTP error: 403 Forbidden
Retrying URL: https://www.tvguide.co.uk/channellisting.asp?ch=853&cTime=02%2F10%2F2026%2000%3A00%3A00 (attempt 3 of 5) 
HTTP error: 403 Forbidden
Retrying URL: https://www.tvguide.co.uk/channellisting.asp?ch=853&cTime=02%2F10%2F2026%2000%3A00%3A00 (attempt 4 of 5) 
HTTP error: 403 Forbidden
Retrying URL: https://www.tvguide.co.uk/channellisting.asp?ch=853&cTime=02%2F10%2F2026%2000%3A00%3A00 (attempt 5 of 5) 
HTTP error: 403 Forbidden
Could not parse the page
[Sun Feb  8 04:34:34 2026] Fetching listings:  54%
HTTP error: 403 Forbidden
Retrying URL: https://www.tvguide.co.uk/channellisting.asp?ch=853&cTime=02%2F11%2F2026%2000%3A00%3A00 (attempt 1 of 5) 
HTTP error: 403 Forbidden
Retrying URL: https://www.tvguide.co.uk/channellisting.asp?ch=853&cTime=02%2F11%2F2026%2000%3A00%3A00 (attempt 2 of 5) 
HTTP error: 403 Forbidden
Retrying URL: https://www.tvguide.co.uk/channellisting.asp?ch=853&cTime=02%2F11%2F2026%2000%3A00%3A00 (attempt 3 of 5) 
HTTP error: 403 Forbidden
Retrying URL: https://www.tvguide.co.uk/channellisting.asp?ch=853&cTime=02%2F11%2F2026%2000%3A00%3A00 (attempt 4 of 5) 
HTTP error: 403 Forbidden
Retrying URL: https://www.tvguide.co.uk/channellisting.asp?ch=853&cTime=02%2F11%2F2026%2000%3A00%3A00 (attempt 5 of 5) 
HTTP error: 403 Forbidden
Could not parse the page
[Sun Feb  8 04:34:47 2026] Fetching listings:  56%
HTTP error: 403 Forbidden
Retrying URL: https://www.tvguide.co.uk/channellisting.asp?ch=871&cTime=02%2F10%2F2026%2000%3A00%3A00 (attempt 1 of 5) 
HTTP error: 403 Forbidden
Retrying URL: https://www.tvguide.co.uk/channellisting.asp?ch=871&cTime=02%2F10%2F2026%2000%3A00%3A00 (attempt 2 of 5) 
HTTP error: 403 Forbidden
Retrying URL: https://www.tvguide.co.uk/channellisting.asp?ch=871&cTime=02%2F10%2F2026%2000%3A00%3A00 (attempt 3 of 5) 
HTTP error: 403 Forbidden
Retrying URL: https://www.tvguide.co.uk/channellisting.asp?ch=871&cTime=02%2F10%2F2026%2000%3A00%3A00 (attempt 4 of 5) 
HTTP error: 403 Forbidden
Retrying URL: https://www.tvguide.co.uk/channellisting.asp?ch=871&cTime=02%2F10%2F2026%2000%3A00%3A00 (attempt 5 of 5) 
HTTP error: 403 Forbidden
Could not parse the page
[Sun Feb  8 04:35:03 2026] Fetching listings:  58%
HTTP error: 403 Forbidden
Retrying URL: https://www.tvguide.co.uk/channellisting.asp?ch=871&cTime=02%2F11%2F2026%2000%3A00%3A00 (attempt 1 of 5) 
HTTP error: 403 Forbidden
Retrying URL: https://www.tvguide.co.uk/channellisting.asp?ch=871&cTime=02%2F11%2F2026%2000%3A00%3A00 (attempt 2 of 5) 
HTTP error: 403 Forbidden
Retrying URL: https://www.tvguide.co.uk/channellisting.asp?ch=871&cTime=02%2F11%2F2026%2000%3A00%3A00 (attempt 3 of 5) 
HTTP error: 403 Forbidden
Retrying URL: https://www.tvguide.co.uk/channellisting.asp?ch=871&cTime=02%2F11%2F2026%2000%3A00%3A00 (attempt 4 of 5) 
HTTP error: 403 Forbidden
Retrying URL: https://www.tvguide.co.uk/channellisting.asp?ch=871&cTime=02%2F11%2F2026%2000%3A00%3A00 (attempt 5 of 5) 
HTTP error: 403 Forbidden
Could not parse the page
[Sun Feb  8 04:35:17 2026] Fetching listings:  60%
HTTP error: 403 Forbidden
Retrying URL: https://www.tvguide.co.uk/channellisting.asp?ch=1013&cTime=02%2F10%2F2026%2000%3A00%3A00 (attempt 1 of 5) 
HTTP error: 403 Forbidden
Retrying URL: https://www.tvguide.co.uk/channellisting.asp?ch=1013&cTime=02%2F10%2F2026%2000%3A00%3A00 (attempt 2 of 5) 
HTTP error: 403 Forbidden
Retrying URL: https://www.tvguide.co.uk/channellisting.asp?ch=1013&cTime=02%2F10%2F2026%2000%3A00%3A00 (attempt 3 of 5) 
HTTP error: 403 Forbidden
Retrying URL: https://www.tvguide.co.uk/channellisting.asp?ch=1013&cTime=02%2F10%2F2026%2000%3A00%3A00 (attempt 4 of 5) 
HTTP error: 403 Forbidden
Retrying URL: https://www.tvguide.co.uk/channellisting.asp?ch=1013&cTime=02%2F10%2F2026%2000%3A00%3A00 (attempt 5 of 5) 
HTTP error: 403 Forbidden
Could not parse the page
[Sun Feb  8 04:35:31 2026] Fetching listings:  62%
HTTP error: 403 Forbidden
Retrying URL: https://www.tvguide.co.uk/channellisting.asp?ch=1013&cTime=02%2F11%2F2026%2000%3A00%3A00 (attempt 1 of 5) 
HTTP error: 403 Forbidden
Retrying URL: https://www.tvguide.co.uk/channellisting.asp?ch=1013&cTime=02%2F11%2F2026%2000%3A00%3A00 (attempt 2 of 5) 
HTTP error: 403 Forbidden
Retrying URL: https://www.tvguide.co.uk/channellisting.asp?ch=1013&cTime=02%2F11%2F2026%2000%3A00%3A00 (attempt 3 of 5) 
HTTP error: 403 Forbidden
Retrying URL: https://www.tvguide.co.uk/channellisting.asp?ch=1013&cTime=02%2F11%2F2026%2000%3A00%3A00 (attempt 4 of 5) 
HTTP error: 403 Forbidden
Retrying URL: https://www.tvguide.co.uk/channellisting.asp?ch=1013&cTime=02%2F11%2F2026%2000%3A00%3A00 (attempt 5 of 5) 
HTTP error: 403 Forbidden
Could not parse the page
[Sun Feb  8 04:35:48 2026] Fetching listings:  64%
HTTP error: 403 Forbidden
Retrying URL: https://www.tvguide.co.uk/channellisting.asp?ch=1014&cTime=02%2F10%2F2026%2000%3A00%3A00 (attempt 1 of 5) 
HTTP error: 403 Forbidden
Retrying URL: https://www.tvguide.co.uk/channellisting.asp?ch=1014&cTime=02%2F10%2F2026%2000%3A00%3A00 (attempt 2 of 5) 
HTTP error: 403 Forbidden
Retrying URL: https://www.tvguide.co.uk/channellisting.asp?ch=1014&cTime=02%2F10%2F2026%2000%3A00%3A00 (attempt 3 of 5) 
HTTP error: 403 Forbidden
Retrying URL: https://www.tvguide.co.uk/channellisting.asp?ch=1014&cTime=02%2F10%2F2026%2000%3A00%3A00 (attempt 4 of 5) 
HTTP error: 403 Forbidden
Retrying URL: https://www.tvguide.co.uk/channellisting.asp?ch=1014&cTime=02%2F10%2F2026%2000%3A00%3A00 (attempt 5 of 5) 
HTTP error: 403 Forbidden
Could not parse the page
[Sun Feb  8 04:36:04 2026] Fetching listings:  66%
HTTP error: 403 Forbidden
Retrying URL: https://www.tvguide.co.uk/channellisting.asp?ch=1014&cTime=02%2F11%2F2026%2000%3A00%3A00 (attempt 1 of 5) 
HTTP error: 403 Forbidden
Retrying URL: https://www.tvguide.co.uk/channellisting.asp?ch=1014&cTime=02%2F11%2F2026%2000%3A00%3A00 (attempt 2 of 5) 
HTTP error: 403 Forbidden
Retrying URL: https://www.tvguide.co.uk/channellisting.asp?ch=1014&cTime=02%2F11%2F2026%2000%3A00%3A00 (attempt 3 of 5) 
HTTP error: 403 Forbidden
Retrying URL: https://www.tvguide.co.uk/channellisting.asp?ch=1014&cTime=02%2F11%2F2026%2000%3A00%3A00 (attempt 4 of 5) 
HTTP error: 403 Forbidden
Retrying URL: https://www.tvguide.co.uk/channellisting.asp?ch=1014&cTime=02%2F11%2F2026%2000%3A00%3A00 (attempt 5 of 5) 
HTTP error: 403 Forbidden
Could not parse the page
[Sun Feb  8 04:36:17 2026] Fetching listings:  68%
HTTP error: 403 Forbidden
Retrying URL: https://www.tvguide.co.uk/channellisting.asp?ch=1154&cTime=02%2F10%2F2026%2000%3A00%3A00 (attempt 1 of 5) 
HTTP error: 403 Forbidden
Retrying URL: https://www.tvguide.co.uk/channellisting.asp?ch=1154&cTime=02%2F10%2F2026%2000%3A00%3A00 (attempt 2 of 5) 
HTTP error: 403 Forbidden
Retrying URL: https://www.tvguide.co.uk/channellisting.asp?ch=1154&cTime=02%2F10%2F2026%2000%3A00%3A00 (attempt 3 of 5) 
HTTP error: 403 Forbidden
Retrying URL: https://www.tvguide.co.uk/channellisting.asp?ch=1154&cTime=02%2F10%2F2026%2000%3A00%3A00 (attempt 4 of 5) 
HTTP error: 403 Forbidden
Retrying URL: https://www.tvguide.co.uk/channellisting.asp?ch=1154&cTime=02%2F10%2F2026%2000%3A00%3A00 (attempt 5 of 5) 
HTTP error: 403 Forbidden
Could not parse the page
[Sun Feb  8 04:36:28 2026] Fetching listings:  70%
HTTP error: 403 Forbidden
Retrying URL: https://www.tvguide.co.uk/channellisting.asp?ch=1154&cTime=02%2F11%2F2026%2000%3A00%3A00 (attempt 1 of 5) 
HTTP error: 403 Forbidden
Retrying URL: https://www.tvguide.co.uk/channellisting.asp?ch=1154&cTime=02%2F11%2F2026%2000%3A00%3A00 (attempt 2 of 5) 
HTTP error: 403 Forbidden
Retrying URL: https://www.tvguide.co.uk/channellisting.asp?ch=1154&cTime=02%2F11%2F2026%2000%3A00%3A00 (attempt 3 of 5) 
HTTP error: 403 Forbidden
Retrying URL: https://www.tvguide.co.uk/channellisting.asp?ch=1154&cTime=02%2F11%2F2026%2000%3A00%3A00 (attempt 4 of 5) 
HTTP error: 403 Forbidden
Retrying URL: https://www.tvguide.co.uk/channellisting.asp?ch=1154&cTime=02%2F11%2F2026%2000%3A00%3A00 (attempt 5 of 5) 
HTTP error: 403 Forbidden
Could not parse the page
[Sun Feb  8 04:36:36 2026] Fetching listings:  72%
HTTP error: 403 Forbidden
Retrying URL: https://www.tvguide.co.uk/channellisting.asp?ch=1157&cTime=02%2F10%2F2026%2000%3A00%3A00 (attempt 1 of 5) 
HTTP error: 403 Forbidden
Retrying URL: https://www.tvguide.co.uk/channellisting.asp?ch=1157&cTime=02%2F10%2F2026%2000%3A00%3A00 (attempt 2 of 5) 
HTTP error: 403 Forbidden
Retrying URL: https://www.tvguide.co.uk/channellisting.asp?ch=1157&cTime=02%2F10%2F2026%2000%3A00%3A00 (attempt 3 of 5) 
HTTP error: 403 Forbidden
Retrying URL: https://www.tvguide.co.uk/channellisting.asp?ch=1157&cTime=02%2F10%2F2026%2000%3A00%3A00 (attempt 4 of 5) 
HTTP error: 403 Forbidden
Retrying URL: https://www.tvguide.co.uk/channellisting.asp?ch=1157&cTime=02%2F10%2F2026%2000%3A00%3A00 (attempt 5 of 5) 
HTTP error: 403 Forbidden
Could not parse the page
[Sun Feb  8 04:36:49 2026] Fetching listings:  74%
HTTP error: 403 Forbidden
Retrying URL: https://www.tvguide.co.uk/channellisting.asp?ch=1157&cTime=02%2F11%2F2026%2000%3A00%3A00 (attempt 1 of 5) 
HTTP error: 403 Forbidden
Retrying URL: https://www.tvguide.co.uk/channellisting.asp?ch=1157&cTime=02%2F11%2F2026%2000%3A00%3A00 (attempt 2 of 5) 
HTTP error: 403 Forbidden
Retrying URL: https://www.tvguide.co.uk/channellisting.asp?ch=1157&cTime=02%2F11%2F2026%2000%3A00%3A00 (attempt 3 of 5) 
HTTP error: 403 Forbidden
Retrying URL: https://www.tvguide.co.uk/channellisting.asp?ch=1157&cTime=02%2F11%2F2026%2000%3A00%3A00 (attempt 4 of 5) 
HTTP error: 403 Forbidden
Retrying URL: https://www.tvguide.co.uk/channellisting.asp?ch=1157&cTime=02%2F11%2F2026%2000%3A00%3A00 (attempt 5 of 5) 
HTTP error: 403 Forbidden
Could not parse the page
[Sun Feb  8 04:37:03 2026] Fetching listings:  76%
HTTP error: 403 Forbidden
Retrying URL: https://www.tvguide.co.uk/channellisting.asp?ch=1171&cTime=02%2F10%2F2026%2000%3A00%3A00 (attempt 1 of 5) 
HTTP error: 403 Forbidden
Retrying URL: https://www.tvguide.co.uk/channellisting.asp?ch=1171&cTime=02%2F10%2F2026%2000%3A00%3A00 (attempt 2 of 5) 
HTTP error: 403 Forbidden
Retrying URL: https://www.tvguide.co.uk/channellisting.asp?ch=1171&cTime=02%2F10%2F2026%2000%3A00%3A00 (attempt 3 of 5) 
HTTP error: 403 Forbidden
Retrying URL: https://www.tvguide.co.uk/channellisting.asp?ch=1171&cTime=02%2F10%2F2026%2000%3A00%3A00 (attempt 4 of 5) 
HTTP error: 403 Forbidden
Retrying URL: https://www.tvguide.co.uk/channellisting.asp?ch=1171&cTime=02%2F10%2F2026%2000%3A00%3A00 (attempt 5 of 5) 
HTTP error: 403 Forbidden
Could not parse the page
[Sun Feb  8 04:37:16 2026] Fetching listings:  78%
HTTP error: 403 Forbidden
Retrying URL: https://www.tvguide.co.uk/channellisting.asp?ch=1171&cTime=02%2F11%2F2026%2000%3A00%3A00 (attempt 1 of 5) 
HTTP error: 403 Forbidden
Retrying URL: https://www.tvguide.co.uk/channellisting.asp?ch=1171&cTime=02%2F11%2F2026%2000%3A00%3A00 (attempt 2 of 5) 
HTTP error: 403 Forbidden
Retrying URL: https://www.tvguide.co.uk/channellisting.asp?ch=1171&cTime=02%2F11%2F2026%2000%3A00%3A00 (attempt 3 of 5) 
HTTP error: 403 Forbidden
Retrying URL: https://www.tvguide.co.uk/channellisting.asp?ch=1171&cTime=02%2F11%2F2026%2000%3A00%3A00 (attempt 4 of 5) 
HTTP error: 403 Forbidden
Retrying URL: https://www.tvguide.co.uk/channellisting.asp?ch=1171&cTime=02%2F11%2F2026%2000%3A00%3A00 (attempt 5 of 5) 
HTTP error: 403 Forbidden
Could not parse the page
[Sun Feb  8 04:37:28 2026] Fetching listings:  80%
HTTP error: 403 Forbidden
Retrying URL: https://www.tvguide.co.uk/channellisting.asp?ch=1183&cTime=02%2F10%2F2026%2000%3A00%3A00 (attempt 1 of 5) 
HTTP error: 403 Forbidden
Retrying URL: https://www.tvguide.co.uk/channellisting.asp?ch=1183&cTime=02%2F10%2F2026%2000%3A00%3A00 (attempt 2 of 5) 
HTTP error: 403 Forbidden
Retrying URL: https://www.tvguide.co.uk/channellisting.asp?ch=1183&cTime=02%2F10%2F2026%2000%3A00%3A00 (attempt 3 of 5) 
HTTP error: 403 Forbidden
Retrying URL: https://www.tvguide.co.uk/channellisting.asp?ch=1183&cTime=02%2F10%2F2026%2000%3A00%3A00 (attempt 4 of 5) 
HTTP error: 403 Forbidden
Retrying URL: https://www.tvguide.co.uk/channellisting.asp?ch=1183&cTime=02%2F10%2F2026%2000%3A00%3A00 (attempt 5 of 5) 
HTTP error: 403 Forbidden
Could not parse the page
[Sun Feb  8 04:37:43 2026] Fetching listings:  82%
HTTP error: 403 Forbidden
Retrying URL: https://www.tvguide.co.uk/channellisting.asp?ch=1183&cTime=02%2F11%2F2026%2000%3A00%3A00 (attempt 1 of 5) 
HTTP error: 403 Forbidden
Retrying URL: https://www.tvguide.co.uk/channellisting.asp?ch=1183&cTime=02%2F11%2F2026%2000%3A00%3A00 (attempt 2 of 5) 
HTTP error: 403 Forbidden
Retrying URL: https://www.tvguide.co.uk/channellisting.asp?ch=1183&cTime=02%2F11%2F2026%2000%3A00%3A00 (attempt 3 of 5) 
HTTP error: 403 Forbidden
Retrying URL: https://www.tvguide.co.uk/channellisting.asp?ch=1183&cTime=02%2F11%2F2026%2000%3A00%3A00 (attempt 4 of 5) 
HTTP error: 403 Forbidden
Retrying URL: https://www.tvguide.co.uk/channellisting.asp?ch=1183&cTime=02%2F11%2F2026%2000%3A00%3A00 (attempt 5 of 5) 
HTTP error: 403 Forbidden
Could not parse the page
[Sun Feb  8 04:37:50 2026] Fetching listings:  84%
HTTP error: 403 Forbidden
Retrying URL: https://www.tvguide.co.uk/channellisting.asp?ch=1207&cTime=02%2F10%2F2026%2000%3A00%3A00 (attempt 1 of 5) 
HTTP error: 403 Forbidden
Retrying URL: https://www.tvguide.co.uk/channellisting.asp?ch=1207&cTime=02%2F10%2F2026%2000%3A00%3A00 (attempt 2 of 5) 
HTTP error: 403 Forbidden
Retrying URL: https://www.tvguide.co.uk/channellisting.asp?ch=1207&cTime=02%2F10%2F2026%2000%3A00%3A00 (attempt 3 of 5) 
HTTP error: 403 Forbidden
Retrying URL: https://www.tvguide.co.uk/channellisting.asp?ch=1207&cTime=02%2F10%2F2026%2000%3A00%3A00 (attempt 4 of 5) 
HTTP error: 403 Forbidden
Retrying URL: https://www.tvguide.co.uk/channellisting.asp?ch=1207&cTime=02%2F10%2F2026%2000%3A00%3A00 (attempt 5 of 5) 
HTTP error: 403 Forbidden
Could not parse the page
[Sun Feb  8 04:38:00 2026] Fetching listings:  86%
HTTP error: 403 Forbidden
Retrying URL: https://www.tvguide.co.uk/channellisting.asp?ch=1207&cTime=02%2F11%2F2026%2000%3A00%3A00 (attempt 1 of 5) 
HTTP error: 403 Forbidden
Retrying URL: https://www.tvguide.co.uk/channellisting.asp?ch=1207&cTime=02%2F11%2F2026%2000%3A00%3A00 (attempt 2 of 5) 
HTTP error: 403 Forbidden
Retrying URL: https://www.tvguide.co.uk/channellisting.asp?ch=1207&cTime=02%2F11%2F2026%2000%3A00%3A00 (attempt 3 of 5) 
HTTP error: 403 Forbidden
Retrying URL: https://www.tvguide.co.uk/channellisting.asp?ch=1207&cTime=02%2F11%2F2026%2000%3A00%3A00 (attempt 4 of 5) 
HTTP error: 403 Forbidden
Retrying URL: https://www.tvguide.co.uk/channellisting.asp?ch=1207&cTime=02%2F11%2F2026%2000%3A00%3A00 (attempt 5 of 5) 
HTTP error: 403 Forbidden
Could not parse the page
[Sun Feb  8 04:38:11 2026] Fetching listings:  88%
HTTP error: 403 Forbidden
Retrying URL: https://www.tvguide.co.uk/channellisting.asp?ch=1210&cTime=02%2F10%2F2026%2000%3A00%3A00 (attempt 1 of 5) 
HTTP error: 403 Forbidden
Retrying URL: https://www.tvguide.co.uk/channellisting.asp?ch=1210&cTime=02%2F10%2F2026%2000%3A00%3A00 (attempt 2 of 5) 
HTTP error: 403 Forbidden
Retrying URL: https://www.tvguide.co.uk/channellisting.asp?ch=1210&cTime=02%2F10%2F2026%2000%3A00%3A00 (attempt 3 of 5) 
HTTP error: 403 Forbidden
Retrying URL: https://www.tvguide.co.uk/channellisting.asp?ch=1210&cTime=02%2F10%2F2026%2000%3A00%3A00 (attempt 4 of 5) 
HTTP error: 403 Forbidden
Retrying URL: https://www.tvguide.co.uk/channellisting.asp?ch=1210&cTime=02%2F10%2F2026%2000%3A00%3A00 (attempt 5 of 5) 
HTTP error: 403 Forbidden
Could not parse the page
[Sun Feb  8 04:38:26 2026] Fetching listings:  90%
HTTP error: 403 Forbidden
Retrying URL: https://www.tvguide.co.uk/channellisting.asp?ch=1210&cTime=02%2F11%2F2026%2000%3A00%3A00 (attempt 1 of 5) 
HTTP error: 403 Forbidden
Retrying URL: https://www.tvguide.co.uk/channellisting.asp?ch=1210&cTime=02%2F11%2F2026%2000%3A00%3A00 (attempt 2 of 5) 
HTTP error: 403 Forbidden
Retrying URL: https://www.tvguide.co.uk/channellisting.asp?ch=1210&cTime=02%2F11%2F2026%2000%3A00%3A00 (attempt 3 of 5) 
HTTP error: 403 Forbidden
Retrying URL: https://www.tvguide.co.uk/channellisting.asp?ch=1210&cTime=02%2F11%2F2026%2000%3A00%3A00 (attempt 4 of 5) 
HTTP error: 403 Forbidden
Retrying URL: https://www.tvguide.co.uk/channellisting.asp?ch=1210&cTime=02%2F11%2F2026%2000%3A00%3A00 (attempt 5 of 5) 
HTTP error: 403 Forbidden
Could not parse the page
[Sun Feb  8 04:38:35 2026] Fetching listings:  92%
HTTP error: 403 Forbidden
Retrying URL: https://www.tvguide.co.uk/channellisting.asp?ch=1212&cTime=02%2F10%2F2026%2000%3A00%3A00 (attempt 1 of 5) 
HTTP error: 403 Forbidden
Retrying URL: https://www.tvguide.co.uk/channellisting.asp?ch=1212&cTime=02%2F10%2F2026%2000%3A00%3A00 (attempt 2 of 5) 
HTTP error: 403 Forbidden
Retrying URL: https://www.tvguide.co.uk/channellisting.asp?ch=1212&cTime=02%2F10%2F2026%2000%3A00%3A00 (attempt 3 of 5) 
HTTP error: 403 Forbidden
Retrying URL: https://www.tvguide.co.uk/channellisting.asp?ch=1212&cTime=02%2F10%2F2026%2000%3A00%3A00 (attempt 4 of 5) 
HTTP error: 403 Forbidden
Retrying URL: https://www.tvguide.co.uk/channellisting.asp?ch=1212&cTime=02%2F10%2F2026%2000%3A00%3A00 (attempt 5 of 5) 
HTTP error: 403 Forbidden
Could not parse the page
[Sun Feb  8 04:38:51 2026] Fetching listings:  94%
HTTP error: 403 Forbidden
Retrying URL: https://www.tvguide.co.uk/channellisting.asp?ch=1212&cTime=02%2F11%2F2026%2000%3A00%3A00 (attempt 1 of 5) 
HTTP error: 403 Forbidden
Retrying URL: https://www.tvguide.co.uk/channellisting.asp?ch=1212&cTime=02%2F11%2F2026%2000%3A00%3A00 (attempt 2 of 5) 
HTTP error: 403 Forbidden
Retrying URL: https://www.tvguide.co.uk/channellisting.asp?ch=1212&cTime=02%2F11%2F2026%2000%3A00%3A00 (attempt 3 of 5) 
HTTP error: 403 Forbidden
Retrying URL: https://www.tvguide.co.uk/channellisting.asp?ch=1212&cTime=02%2F11%2F2026%2000%3A00%3A00 (attempt 4 of 5) 
HTTP error: 403 Forbidden
Retrying URL: https://www.tvguide.co.uk/channellisting.asp?ch=1212&cTime=02%2F11%2F2026%2000%3A00%3A00 (attempt 5 of 5) 
HTTP error: 403 Forbidden
Could not parse the page
[Sun Feb  8 04:39:04 2026] Fetching listings:  96%
HTTP error: 403 Forbidden
Retrying URL: https://www.tvguide.co.uk/channellisting.asp?ch=1255&cTime=02%2F10%2F2026%2000%3A00%3A00 (attempt 1 of 5) 
HTTP error: 403 Forbidden
Retrying URL: https://www.tvguide.co.uk/channellisting.asp?ch=1255&cTime=02%2F10%2F2026%2000%3A00%3A00 (attempt 2 of 5) 
HTTP error: 403 Forbidden
Retrying URL: https://www.tvguide.co.uk/channellisting.asp?ch=1255&cTime=02%2F10%2F2026%2000%3A00%3A00 (attempt 3 of 5) 
HTTP error: 403 Forbidden
Retrying URL: https://www.tvguide.co.uk/channellisting.asp?ch=1255&cTime=02%2F10%2F2026%2000%3A00%3A00 (attempt 4 of 5) 
HTTP error: 403 Forbidden
Retrying URL: https://www.tvguide.co.uk/channellisting.asp?ch=1255&cTime=02%2F10%2F2026%2000%3A00%3A00 (attempt 5 of 5) 
HTTP error: 403 Forbidden
Could not parse the page
[Sun Feb  8 04:39:23 2026] Fetching listings:  98%
HTTP error: 403 Forbidden
Retrying URL: https://www.tvguide.co.uk/channellisting.asp?ch=1255&cTime=02%2F11%2F2026%2000%3A00%3A00 (attempt 1 of 5) 
HTTP error: 403 Forbidden
Retrying URL: https://www.tvguide.co.uk/channellisting.asp?ch=1255&cTime=02%2F11%2F2026%2000%3A00%3A00 (attempt 2 of 5) 
HTTP error: 403 Forbidden
Retrying URL: https://www.tvguide.co.uk/channellisting.asp?ch=1255&cTime=02%2F11%2F2026%2000%3A00%3A00 (attempt 3 of 5) 
HTTP error: 403 Forbidden
Retrying URL: https://www.tvguide.co.uk/channellisting.asp?ch=1255&cTime=02%2F11%2F2026%2000%3A00%3A00 (attempt 4 of 5) 
HTTP error: 403 Forbidden
Retrying URL: https://www.tvguide.co.uk/channellisting.asp?ch=1255&cTime=02%2F11%2F2026%2000%3A00%3A00 (attempt 5 of 5) 
HTTP error: 403 Forbidden
Could not parse the page
[Sun Feb  8 04:39:32 2026] Fetching listings: 100%
expected hashref of channels at /usr/share/perl5/XMLTV.pm line 644.
