[Sat Nov  2 03:44:12 2024] Fetching listings:   0%
HTTP error: 403 Forbidden
Retrying URL: https://www.tvguide.co.uk/channellisting.asp?ch=140&cTime=11%2F07%2F2024%2000%3A00%3A00 (attempt 1 of 5) 
HTTP error: 403 Forbidden
Retrying URL: https://www.tvguide.co.uk/channellisting.asp?ch=140&cTime=11%2F07%2F2024%2000%3A00%3A00 (attempt 2 of 5) 
HTTP error: 403 Forbidden
Retrying URL: https://www.tvguide.co.uk/channellisting.asp?ch=140&cTime=11%2F07%2F2024%2000%3A00%3A00 (attempt 3 of 5) 
HTTP error: 403 Forbidden
Retrying URL: https://www.tvguide.co.uk/channellisting.asp?ch=140&cTime=11%2F07%2F2024%2000%3A00%3A00 (attempt 4 of 5) 
HTTP error: 403 Forbidden
Retrying URL: https://www.tvguide.co.uk/channellisting.asp?ch=140&cTime=11%2F07%2F2024%2000%3A00%3A00 (attempt 5 of 5) 
HTTP error: 403 Forbidden
Could not parse the page
[Sat Nov  2 03:44:19 2024] Fetching listings:   2%
HTTP error: 403 Forbidden
Retrying URL: https://www.tvguide.co.uk/channellisting.asp?ch=140&cTime=11%2F08%2F2024%2000%3A00%3A00 (attempt 1 of 5) 
HTTP error: 403 Forbidden
Retrying URL: https://www.tvguide.co.uk/channellisting.asp?ch=140&cTime=11%2F08%2F2024%2000%3A00%3A00 (attempt 2 of 5) 
HTTP error: 403 Forbidden
Retrying URL: https://www.tvguide.co.uk/channellisting.asp?ch=140&cTime=11%2F08%2F2024%2000%3A00%3A00 (attempt 3 of 5) 
HTTP error: 403 Forbidden
Retrying URL: https://www.tvguide.co.uk/channellisting.asp?ch=140&cTime=11%2F08%2F2024%2000%3A00%3A00 (attempt 4 of 5) 
HTTP error: 403 Forbidden
Retrying URL: https://www.tvguide.co.uk/channellisting.asp?ch=140&cTime=11%2F08%2F2024%2000%3A00%3A00 (attempt 5 of 5) 
HTTP error: 403 Forbidden
Could not parse the page
[Sat Nov  2 03:44:27 2024] Fetching listings:   4%
HTTP error: 403 Forbidden
Retrying URL: https://www.tvguide.co.uk/channellisting.asp?ch=178&cTime=11%2F07%2F2024%2000%3A00%3A00 (attempt 1 of 5) 
HTTP error: 403 Forbidden
Retrying URL: https://www.tvguide.co.uk/channellisting.asp?ch=178&cTime=11%2F07%2F2024%2000%3A00%3A00 (attempt 2 of 5) 
HTTP error: 403 Forbidden
Retrying URL: https://www.tvguide.co.uk/channellisting.asp?ch=178&cTime=11%2F07%2F2024%2000%3A00%3A00 (attempt 3 of 5) 
HTTP error: 403 Forbidden
Retrying URL: https://www.tvguide.co.uk/channellisting.asp?ch=178&cTime=11%2F07%2F2024%2000%3A00%3A00 (attempt 4 of 5) 
HTTP error: 403 Forbidden
Retrying URL: https://www.tvguide.co.uk/channellisting.asp?ch=178&cTime=11%2F07%2F2024%2000%3A00%3A00 (attempt 5 of 5) 
HTTP error: 403 Forbidden
Could not parse the page
[Sat Nov  2 03:44:45 2024] Fetching listings:   6%
HTTP error: 403 Forbidden
Retrying URL: https://www.tvguide.co.uk/channellisting.asp?ch=178&cTime=11%2F08%2F2024%2000%3A00%3A00 (attempt 1 of 5) 
HTTP error: 403 Forbidden
Retrying URL: https://www.tvguide.co.uk/channellisting.asp?ch=178&cTime=11%2F08%2F2024%2000%3A00%3A00 (attempt 2 of 5) 
HTTP error: 403 Forbidden
Retrying URL: https://www.tvguide.co.uk/channellisting.asp?ch=178&cTime=11%2F08%2F2024%2000%3A00%3A00 (attempt 3 of 5) 
HTTP error: 403 Forbidden
Retrying URL: https://www.tvguide.co.uk/channellisting.asp?ch=178&cTime=11%2F08%2F2024%2000%3A00%3A00 (attempt 4 of 5) 
HTTP error: 403 Forbidden
Retrying URL: https://www.tvguide.co.uk/channellisting.asp?ch=178&cTime=11%2F08%2F2024%2000%3A00%3A00 (attempt 5 of 5) 
HTTP error: 403 Forbidden
Could not parse the page
[Sat Nov  2 03:44:58 2024] Fetching listings:   8%
HTTP error: 403 Forbidden
Retrying URL: https://www.tvguide.co.uk/channellisting.asp?ch=185&cTime=11%2F07%2F2024%2000%3A00%3A00 (attempt 1 of 5) 
HTTP error: 403 Forbidden
Retrying URL: https://www.tvguide.co.uk/channellisting.asp?ch=185&cTime=11%2F07%2F2024%2000%3A00%3A00 (attempt 2 of 5) 
HTTP error: 403 Forbidden
Retrying URL: https://www.tvguide.co.uk/channellisting.asp?ch=185&cTime=11%2F07%2F2024%2000%3A00%3A00 (attempt 3 of 5) 
HTTP error: 403 Forbidden
Retrying URL: https://www.tvguide.co.uk/channellisting.asp?ch=185&cTime=11%2F07%2F2024%2000%3A00%3A00 (attempt 4 of 5) 
HTTP error: 403 Forbidden
Retrying URL: https://www.tvguide.co.uk/channellisting.asp?ch=185&cTime=11%2F07%2F2024%2000%3A00%3A00 (attempt 5 of 5) 
HTTP error: 403 Forbidden
Could not parse the page
[Sat Nov  2 03:45:10 2024] Fetching listings:  10%
HTTP error: 403 Forbidden
Retrying URL: https://www.tvguide.co.uk/channellisting.asp?ch=185&cTime=11%2F08%2F2024%2000%3A00%3A00 (attempt 1 of 5) 
HTTP error: 403 Forbidden
Retrying URL: https://www.tvguide.co.uk/channellisting.asp?ch=185&cTime=11%2F08%2F2024%2000%3A00%3A00 (attempt 2 of 5) 
HTTP error: 403 Forbidden
Retrying URL: https://www.tvguide.co.uk/channellisting.asp?ch=185&cTime=11%2F08%2F2024%2000%3A00%3A00 (attempt 3 of 5) 
HTTP error: 403 Forbidden
Retrying URL: https://www.tvguide.co.uk/channellisting.asp?ch=185&cTime=11%2F08%2F2024%2000%3A00%3A00 (attempt 4 of 5) 
HTTP error: 403 Forbidden
Retrying URL: https://www.tvguide.co.uk/channellisting.asp?ch=185&cTime=11%2F08%2F2024%2000%3A00%3A00 (attempt 5 of 5) 
HTTP error: 403 Forbidden
Could not parse the page
[Sat Nov  2 03:45:23 2024] Fetching listings:  12%
HTTP error: 403 Forbidden
Retrying URL: https://www.tvguide.co.uk/channellisting.asp?ch=182&cTime=11%2F07%2F2024%2000%3A00%3A00 (attempt 1 of 5) 
HTTP error: 403 Forbidden
Retrying URL: https://www.tvguide.co.uk/channellisting.asp?ch=182&cTime=11%2F07%2F2024%2000%3A00%3A00 (attempt 2 of 5) 
HTTP error: 403 Forbidden
Retrying URL: https://www.tvguide.co.uk/channellisting.asp?ch=182&cTime=11%2F07%2F2024%2000%3A00%3A00 (attempt 3 of 5) 
HTTP error: 403 Forbidden
Retrying URL: https://www.tvguide.co.uk/channellisting.asp?ch=182&cTime=11%2F07%2F2024%2000%3A00%3A00 (attempt 4 of 5) 
HTTP error: 403 Forbidden
Retrying URL: https://www.tvguide.co.uk/channellisting.asp?ch=182&cTime=11%2F07%2F2024%2000%3A00%3A00 (attempt 5 of 5) 
HTTP error: 403 Forbidden
Could not parse the page
[Sat Nov  2 03:45:37 2024] Fetching listings:  14%
HTTP error: 403 Forbidden
Retrying URL: https://www.tvguide.co.uk/channellisting.asp?ch=182&cTime=11%2F08%2F2024%2000%3A00%3A00 (attempt 1 of 5) 
HTTP error: 403 Forbidden
Retrying URL: https://www.tvguide.co.uk/channellisting.asp?ch=182&cTime=11%2F08%2F2024%2000%3A00%3A00 (attempt 2 of 5) 
HTTP error: 403 Forbidden
Retrying URL: https://www.tvguide.co.uk/channellisting.asp?ch=182&cTime=11%2F08%2F2024%2000%3A00%3A00 (attempt 3 of 5) 
HTTP error: 403 Forbidden
Retrying URL: https://www.tvguide.co.uk/channellisting.asp?ch=182&cTime=11%2F08%2F2024%2000%3A00%3A00 (attempt 4 of 5) 
HTTP error: 403 Forbidden
Retrying URL: https://www.tvguide.co.uk/channellisting.asp?ch=182&cTime=11%2F08%2F2024%2000%3A00%3A00 (attempt 5 of 5) 
HTTP error: 403 Forbidden
Could not parse the page
[Sat Nov  2 03:45:46 2024] Fetching listings:  16%
HTTP error: 403 Forbidden
Retrying URL: https://www.tvguide.co.uk/channellisting.asp?ch=257&cTime=11%2F07%2F2024%2000%3A00%3A00 (attempt 1 of 5) 
HTTP error: 403 Forbidden
Retrying URL: https://www.tvguide.co.uk/channellisting.asp?ch=257&cTime=11%2F07%2F2024%2000%3A00%3A00 (attempt 2 of 5) 
HTTP error: 403 Forbidden
Retrying URL: https://www.tvguide.co.uk/channellisting.asp?ch=257&cTime=11%2F07%2F2024%2000%3A00%3A00 (attempt 3 of 5) 
HTTP error: 403 Forbidden
Retrying URL: https://www.tvguide.co.uk/channellisting.asp?ch=257&cTime=11%2F07%2F2024%2000%3A00%3A00 (attempt 4 of 5) 
HTTP error: 403 Forbidden
Retrying URL: https://www.tvguide.co.uk/channellisting.asp?ch=257&cTime=11%2F07%2F2024%2000%3A00%3A00 (attempt 5 of 5) 
HTTP error: 403 Forbidden
Could not parse the page
[Sat Nov  2 03:45:58 2024] Fetching listings:  18%
HTTP error: 403 Forbidden
Retrying URL: https://www.tvguide.co.uk/channellisting.asp?ch=257&cTime=11%2F08%2F2024%2000%3A00%3A00 (attempt 1 of 5) 
HTTP error: 403 Forbidden
Retrying URL: https://www.tvguide.co.uk/channellisting.asp?ch=257&cTime=11%2F08%2F2024%2000%3A00%3A00 (attempt 2 of 5) 
HTTP error: 403 Forbidden
Retrying URL: https://www.tvguide.co.uk/channellisting.asp?ch=257&cTime=11%2F08%2F2024%2000%3A00%3A00 (attempt 3 of 5) 
HTTP error: 403 Forbidden
Retrying URL: https://www.tvguide.co.uk/channellisting.asp?ch=257&cTime=11%2F08%2F2024%2000%3A00%3A00 (attempt 4 of 5) 
HTTP error: 403 Forbidden
Retrying URL: https://www.tvguide.co.uk/channellisting.asp?ch=257&cTime=11%2F08%2F2024%2000%3A00%3A00 (attempt 5 of 5) 
HTTP error: 403 Forbidden
Could not parse the page
[Sat Nov  2 03:46:12 2024] Fetching listings:  20%
HTTP error: 403 Forbidden
Retrying URL: https://www.tvguide.co.uk/channellisting.asp?ch=267&cTime=11%2F07%2F2024%2000%3A00%3A00 (attempt 1 of 5) 
HTTP error: 403 Forbidden
Retrying URL: https://www.tvguide.co.uk/channellisting.asp?ch=267&cTime=11%2F07%2F2024%2000%3A00%3A00 (attempt 2 of 5) 
HTTP error: 403 Forbidden
Retrying URL: https://www.tvguide.co.uk/channellisting.asp?ch=267&cTime=11%2F07%2F2024%2000%3A00%3A00 (attempt 3 of 5) 
HTTP error: 403 Forbidden
Retrying URL: https://www.tvguide.co.uk/channellisting.asp?ch=267&cTime=11%2F07%2F2024%2000%3A00%3A00 (attempt 4 of 5) 
HTTP error: 403 Forbidden
Retrying URL: https://www.tvguide.co.uk/channellisting.asp?ch=267&cTime=11%2F07%2F2024%2000%3A00%3A00 (attempt 5 of 5) 
HTTP error: 403 Forbidden
Could not parse the page
[Sat Nov  2 03:46:20 2024] Fetching listings:  22%
HTTP error: 403 Forbidden
Retrying URL: https://www.tvguide.co.uk/channellisting.asp?ch=267&cTime=11%2F08%2F2024%2000%3A00%3A00 (attempt 1 of 5) 
HTTP error: 403 Forbidden
Retrying URL: https://www.tvguide.co.uk/channellisting.asp?ch=267&cTime=11%2F08%2F2024%2000%3A00%3A00 (attempt 2 of 5) 
HTTP error: 403 Forbidden
Retrying URL: https://www.tvguide.co.uk/channellisting.asp?ch=267&cTime=11%2F08%2F2024%2000%3A00%3A00 (attempt 3 of 5) 
HTTP error: 403 Forbidden
Retrying URL: https://www.tvguide.co.uk/channellisting.asp?ch=267&cTime=11%2F08%2F2024%2000%3A00%3A00 (attempt 4 of 5) 
HTTP error: 403 Forbidden
Retrying URL: https://www.tvguide.co.uk/channellisting.asp?ch=267&cTime=11%2F08%2F2024%2000%3A00%3A00 (attempt 5 of 5) 
HTTP error: 403 Forbidden
Could not parse the page
[Sat Nov  2 03:46:31 2024] Fetching listings:  24%
HTTP error: 403 Forbidden
Retrying URL: https://www.tvguide.co.uk/channellisting.asp?ch=279&cTime=11%2F07%2F2024%2000%3A00%3A00 (attempt 1 of 5) 
HTTP error: 403 Forbidden
Retrying URL: https://www.tvguide.co.uk/channellisting.asp?ch=279&cTime=11%2F07%2F2024%2000%3A00%3A00 (attempt 2 of 5) 
HTTP error: 403 Forbidden
Retrying URL: https://www.tvguide.co.uk/channellisting.asp?ch=279&cTime=11%2F07%2F2024%2000%3A00%3A00 (attempt 3 of 5) 
HTTP error: 403 Forbidden
Retrying URL: https://www.tvguide.co.uk/channellisting.asp?ch=279&cTime=11%2F07%2F2024%2000%3A00%3A00 (attempt 4 of 5) 
HTTP error: 403 Forbidden
Retrying URL: https://www.tvguide.co.uk/channellisting.asp?ch=279&cTime=11%2F07%2F2024%2000%3A00%3A00 (attempt 5 of 5) 
HTTP error: 403 Forbidden
Could not parse the page
[Sat Nov  2 03:46:37 2024] Fetching listings:  26%
HTTP error: 403 Forbidden
Retrying URL: https://www.tvguide.co.uk/channellisting.asp?ch=279&cTime=11%2F08%2F2024%2000%3A00%3A00 (attempt 1 of 5) 
HTTP error: 403 Forbidden
Retrying URL: https://www.tvguide.co.uk/channellisting.asp?ch=279&cTime=11%2F08%2F2024%2000%3A00%3A00 (attempt 2 of 5) 
HTTP error: 403 Forbidden
Retrying URL: https://www.tvguide.co.uk/channellisting.asp?ch=279&cTime=11%2F08%2F2024%2000%3A00%3A00 (attempt 3 of 5) 
HTTP error: 403 Forbidden
Retrying URL: https://www.tvguide.co.uk/channellisting.asp?ch=279&cTime=11%2F08%2F2024%2000%3A00%3A00 (attempt 4 of 5) 
HTTP error: 403 Forbidden
Retrying URL: https://www.tvguide.co.uk/channellisting.asp?ch=279&cTime=11%2F08%2F2024%2000%3A00%3A00 (attempt 5 of 5) 
HTTP error: 403 Forbidden
Could not parse the page
[Sat Nov  2 03:46:45 2024] Fetching listings:  28%
HTTP error: 403 Forbidden
Retrying URL: https://www.tvguide.co.uk/channellisting.asp?ch=320&cTime=11%2F07%2F2024%2000%3A00%3A00 (attempt 1 of 5) 
HTTP error: 403 Forbidden
Retrying URL: https://www.tvguide.co.uk/channellisting.asp?ch=320&cTime=11%2F07%2F2024%2000%3A00%3A00 (attempt 2 of 5) 
HTTP error: 403 Forbidden
Retrying URL: https://www.tvguide.co.uk/channellisting.asp?ch=320&cTime=11%2F07%2F2024%2000%3A00%3A00 (attempt 3 of 5) 
HTTP error: 403 Forbidden
Retrying URL: https://www.tvguide.co.uk/channellisting.asp?ch=320&cTime=11%2F07%2F2024%2000%3A00%3A00 (attempt 4 of 5) 
HTTP error: 403 Forbidden
Retrying URL: https://www.tvguide.co.uk/channellisting.asp?ch=320&cTime=11%2F07%2F2024%2000%3A00%3A00 (attempt 5 of 5) 
HTTP error: 403 Forbidden
Could not parse the page
[Sat Nov  2 03:47:02 2024] Fetching listings:  30%
HTTP error: 403 Forbidden
Retrying URL: https://www.tvguide.co.uk/channellisting.asp?ch=320&cTime=11%2F08%2F2024%2000%3A00%3A00 (attempt 1 of 5) 
HTTP error: 403 Forbidden
Retrying URL: https://www.tvguide.co.uk/channellisting.asp?ch=320&cTime=11%2F08%2F2024%2000%3A00%3A00 (attempt 2 of 5) 
HTTP error: 403 Forbidden
Retrying URL: https://www.tvguide.co.uk/channellisting.asp?ch=320&cTime=11%2F08%2F2024%2000%3A00%3A00 (attempt 3 of 5) 
HTTP error: 403 Forbidden
Retrying URL: https://www.tvguide.co.uk/channellisting.asp?ch=320&cTime=11%2F08%2F2024%2000%3A00%3A00 (attempt 4 of 5) 
HTTP error: 403 Forbidden
Retrying URL: https://www.tvguide.co.uk/channellisting.asp?ch=320&cTime=11%2F08%2F2024%2000%3A00%3A00 (attempt 5 of 5) 
HTTP error: 403 Forbidden
Could not parse the page
[Sat Nov  2 03:47:14 2024] Fetching listings:  32%
HTTP error: 403 Forbidden
Retrying URL: https://www.tvguide.co.uk/channellisting.asp?ch=422&cTime=11%2F07%2F2024%2000%3A00%3A00 (attempt 1 of 5) 
HTTP error: 403 Forbidden
Retrying URL: https://www.tvguide.co.uk/channellisting.asp?ch=422&cTime=11%2F07%2F2024%2000%3A00%3A00 (attempt 2 of 5) 
HTTP error: 403 Forbidden
Retrying URL: https://www.tvguide.co.uk/channellisting.asp?ch=422&cTime=11%2F07%2F2024%2000%3A00%3A00 (attempt 3 of 5) 
HTTP error: 403 Forbidden
Retrying URL: https://www.tvguide.co.uk/channellisting.asp?ch=422&cTime=11%2F07%2F2024%2000%3A00%3A00 (attempt 4 of 5) 
HTTP error: 403 Forbidden
Retrying URL: https://www.tvguide.co.uk/channellisting.asp?ch=422&cTime=11%2F07%2F2024%2000%3A00%3A00 (attempt 5 of 5) 
HTTP error: 403 Forbidden
Could not parse the page
[Sat Nov  2 03:47:24 2024] Fetching listings:  34%
HTTP error: 403 Forbidden
Retrying URL: https://www.tvguide.co.uk/channellisting.asp?ch=422&cTime=11%2F08%2F2024%2000%3A00%3A00 (attempt 1 of 5) 
HTTP error: 403 Forbidden
Retrying URL: https://www.tvguide.co.uk/channellisting.asp?ch=422&cTime=11%2F08%2F2024%2000%3A00%3A00 (attempt 2 of 5) 
HTTP error: 403 Forbidden
Retrying URL: https://www.tvguide.co.uk/channellisting.asp?ch=422&cTime=11%2F08%2F2024%2000%3A00%3A00 (attempt 3 of 5) 
HTTP error: 403 Forbidden
Retrying URL: https://www.tvguide.co.uk/channellisting.asp?ch=422&cTime=11%2F08%2F2024%2000%3A00%3A00 (attempt 4 of 5) 
HTTP error: 403 Forbidden
Retrying URL: https://www.tvguide.co.uk/channellisting.asp?ch=422&cTime=11%2F08%2F2024%2000%3A00%3A00 (attempt 5 of 5) 
HTTP error: 403 Forbidden
Could not parse the page
[Sat Nov  2 03:47:31 2024] Fetching listings:  36%
HTTP error: 403 Forbidden
Retrying URL: https://www.tvguide.co.uk/channellisting.asp?ch=432&cTime=11%2F07%2F2024%2000%3A00%3A00 (attempt 1 of 5) 
HTTP error: 403 Forbidden
Retrying URL: https://www.tvguide.co.uk/channellisting.asp?ch=432&cTime=11%2F07%2F2024%2000%3A00%3A00 (attempt 2 of 5) 
HTTP error: 403 Forbidden
Retrying URL: https://www.tvguide.co.uk/channellisting.asp?ch=432&cTime=11%2F07%2F2024%2000%3A00%3A00 (attempt 3 of 5) 
HTTP error: 403 Forbidden
Retrying URL: https://www.tvguide.co.uk/channellisting.asp?ch=432&cTime=11%2F07%2F2024%2000%3A00%3A00 (attempt 4 of 5) 
HTTP error: 403 Forbidden
Retrying URL: https://www.tvguide.co.uk/channellisting.asp?ch=432&cTime=11%2F07%2F2024%2000%3A00%3A00 (attempt 5 of 5) 
HTTP error: 403 Forbidden
Could not parse the page
[Sat Nov  2 03:47:41 2024] Fetching listings:  38%
HTTP error: 403 Forbidden
Retrying URL: https://www.tvguide.co.uk/channellisting.asp?ch=432&cTime=11%2F08%2F2024%2000%3A00%3A00 (attempt 1 of 5) 
HTTP error: 403 Forbidden
Retrying URL: https://www.tvguide.co.uk/channellisting.asp?ch=432&cTime=11%2F08%2F2024%2000%3A00%3A00 (attempt 2 of 5) 
HTTP error: 403 Forbidden
Retrying URL: https://www.tvguide.co.uk/channellisting.asp?ch=432&cTime=11%2F08%2F2024%2000%3A00%3A00 (attempt 3 of 5) 
HTTP error: 403 Forbidden
Retrying URL: https://www.tvguide.co.uk/channellisting.asp?ch=432&cTime=11%2F08%2F2024%2000%3A00%3A00 (attempt 4 of 5) 
HTTP error: 403 Forbidden
Retrying URL: https://www.tvguide.co.uk/channellisting.asp?ch=432&cTime=11%2F08%2F2024%2000%3A00%3A00 (attempt 5 of 5) 
HTTP error: 403 Forbidden
Could not parse the page
[Sat Nov  2 03:47:57 2024] Fetching listings:  40%
HTTP error: 403 Forbidden
Retrying URL: https://www.tvguide.co.uk/channellisting.asp?ch=454&cTime=11%2F07%2F2024%2000%3A00%3A00 (attempt 1 of 5) 
HTTP error: 403 Forbidden
Retrying URL: https://www.tvguide.co.uk/channellisting.asp?ch=454&cTime=11%2F07%2F2024%2000%3A00%3A00 (attempt 2 of 5) 
HTTP error: 403 Forbidden
Retrying URL: https://www.tvguide.co.uk/channellisting.asp?ch=454&cTime=11%2F07%2F2024%2000%3A00%3A00 (attempt 3 of 5) 
HTTP error: 403 Forbidden
Retrying URL: https://www.tvguide.co.uk/channellisting.asp?ch=454&cTime=11%2F07%2F2024%2000%3A00%3A00 (attempt 4 of 5) 
HTTP error: 403 Forbidden
Retrying URL: https://www.tvguide.co.uk/channellisting.asp?ch=454&cTime=11%2F07%2F2024%2000%3A00%3A00 (attempt 5 of 5) 
HTTP error: 403 Forbidden
Could not parse the page
[Sat Nov  2 03:48:11 2024] Fetching listings:  42%
HTTP error: 403 Forbidden
Retrying URL: https://www.tvguide.co.uk/channellisting.asp?ch=454&cTime=11%2F08%2F2024%2000%3A00%3A00 (attempt 1 of 5) 
HTTP error: 403 Forbidden
Retrying URL: https://www.tvguide.co.uk/channellisting.asp?ch=454&cTime=11%2F08%2F2024%2000%3A00%3A00 (attempt 2 of 5) 
HTTP error: 403 Forbidden
Retrying URL: https://www.tvguide.co.uk/channellisting.asp?ch=454&cTime=11%2F08%2F2024%2000%3A00%3A00 (attempt 3 of 5) 
HTTP error: 403 Forbidden
Retrying URL: https://www.tvguide.co.uk/channellisting.asp?ch=454&cTime=11%2F08%2F2024%2000%3A00%3A00 (attempt 4 of 5) 
HTTP error: 403 Forbidden
Retrying URL: https://www.tvguide.co.uk/channellisting.asp?ch=454&cTime=11%2F08%2F2024%2000%3A00%3A00 (attempt 5 of 5) 
HTTP error: 403 Forbidden
Could not parse the page
[Sat Nov  2 03:48:25 2024] Fetching listings:  44%
HTTP error: 403 Forbidden
Retrying URL: https://www.tvguide.co.uk/channellisting.asp?ch=559&cTime=11%2F07%2F2024%2000%3A00%3A00 (attempt 1 of 5) 
HTTP error: 403 Forbidden
Retrying URL: https://www.tvguide.co.uk/channellisting.asp?ch=559&cTime=11%2F07%2F2024%2000%3A00%3A00 (attempt 2 of 5) 
HTTP error: 403 Forbidden
Retrying URL: https://www.tvguide.co.uk/channellisting.asp?ch=559&cTime=11%2F07%2F2024%2000%3A00%3A00 (attempt 3 of 5) 
HTTP error: 403 Forbidden
Retrying URL: https://www.tvguide.co.uk/channellisting.asp?ch=559&cTime=11%2F07%2F2024%2000%3A00%3A00 (attempt 4 of 5) 
HTTP error: 403 Forbidden
Retrying URL: https://www.tvguide.co.uk/channellisting.asp?ch=559&cTime=11%2F07%2F2024%2000%3A00%3A00 (attempt 5 of 5) 
HTTP error: 403 Forbidden
Could not parse the page
[Sat Nov  2 03:48:40 2024] Fetching listings:  46%
HTTP error: 403 Forbidden
Retrying URL: https://www.tvguide.co.uk/channellisting.asp?ch=559&cTime=11%2F08%2F2024%2000%3A00%3A00 (attempt 1 of 5) 
HTTP error: 403 Forbidden
Retrying URL: https://www.tvguide.co.uk/channellisting.asp?ch=559&cTime=11%2F08%2F2024%2000%3A00%3A00 (attempt 2 of 5) 
HTTP error: 403 Forbidden
Retrying URL: https://www.tvguide.co.uk/channellisting.asp?ch=559&cTime=11%2F08%2F2024%2000%3A00%3A00 (attempt 3 of 5) 
HTTP error: 403 Forbidden
Retrying URL: https://www.tvguide.co.uk/channellisting.asp?ch=559&cTime=11%2F08%2F2024%2000%3A00%3A00 (attempt 4 of 5) 
HTTP error: 403 Forbidden
Retrying URL: https://www.tvguide.co.uk/channellisting.asp?ch=559&cTime=11%2F08%2F2024%2000%3A00%3A00 (attempt 5 of 5) 
HTTP error: 403 Forbidden
Could not parse the page
[Sat Nov  2 03:48:49 2024] Fetching listings:  48%
HTTP error: 403 Forbidden
Retrying URL: https://www.tvguide.co.uk/channellisting.asp?ch=596&cTime=11%2F07%2F2024%2000%3A00%3A00 (attempt 1 of 5) 
HTTP error: 403 Forbidden
Retrying URL: https://www.tvguide.co.uk/channellisting.asp?ch=596&cTime=11%2F07%2F2024%2000%3A00%3A00 (attempt 2 of 5) 
HTTP error: 403 Forbidden
Retrying URL: https://www.tvguide.co.uk/channellisting.asp?ch=596&cTime=11%2F07%2F2024%2000%3A00%3A00 (attempt 3 of 5) 
HTTP error: 403 Forbidden
Retrying URL: https://www.tvguide.co.uk/channellisting.asp?ch=596&cTime=11%2F07%2F2024%2000%3A00%3A00 (attempt 4 of 5) 
HTTP error: 403 Forbidden
Retrying URL: https://www.tvguide.co.uk/channellisting.asp?ch=596&cTime=11%2F07%2F2024%2000%3A00%3A00 (attempt 5 of 5) 
HTTP error: 403 Forbidden
Could not parse the page
[Sat Nov  2 03:49:01 2024] Fetching listings:  50%
HTTP error: 403 Forbidden
Retrying URL: https://www.tvguide.co.uk/channellisting.asp?ch=596&cTime=11%2F08%2F2024%2000%3A00%3A00 (attempt 1 of 5) 
HTTP error: 403 Forbidden
Retrying URL: https://www.tvguide.co.uk/channellisting.asp?ch=596&cTime=11%2F08%2F2024%2000%3A00%3A00 (attempt 2 of 5) 
HTTP error: 403 Forbidden
Retrying URL: https://www.tvguide.co.uk/channellisting.asp?ch=596&cTime=11%2F08%2F2024%2000%3A00%3A00 (attempt 3 of 5) 
HTTP error: 403 Forbidden
Retrying URL: https://www.tvguide.co.uk/channellisting.asp?ch=596&cTime=11%2F08%2F2024%2000%3A00%3A00 (attempt 4 of 5) 
HTTP error: 403 Forbidden
Retrying URL: https://www.tvguide.co.uk/channellisting.asp?ch=596&cTime=11%2F08%2F2024%2000%3A00%3A00 (attempt 5 of 5) 
HTTP error: 403 Forbidden
Could not parse the page
[Sat Nov  2 03:49:07 2024] Fetching listings:  52%
HTTP error: 403 Forbidden
Retrying URL: https://www.tvguide.co.uk/channellisting.asp?ch=853&cTime=11%2F07%2F2024%2000%3A00%3A00 (attempt 1 of 5) 
HTTP error: 403 Forbidden
Retrying URL: https://www.tvguide.co.uk/channellisting.asp?ch=853&cTime=11%2F07%2F2024%2000%3A00%3A00 (attempt 2 of 5) 
HTTP error: 403 Forbidden
Retrying URL: https://www.tvguide.co.uk/channellisting.asp?ch=853&cTime=11%2F07%2F2024%2000%3A00%3A00 (attempt 3 of 5) 
HTTP error: 403 Forbidden
Retrying URL: https://www.tvguide.co.uk/channellisting.asp?ch=853&cTime=11%2F07%2F2024%2000%3A00%3A00 (attempt 4 of 5) 
HTTP error: 403 Forbidden
Retrying URL: https://www.tvguide.co.uk/channellisting.asp?ch=853&cTime=11%2F07%2F2024%2000%3A00%3A00 (attempt 5 of 5) 
HTTP error: 403 Forbidden
Could not parse the page
[Sat Nov  2 03:49:27 2024] Fetching listings:  54%
HTTP error: 403 Forbidden
Retrying URL: https://www.tvguide.co.uk/channellisting.asp?ch=853&cTime=11%2F08%2F2024%2000%3A00%3A00 (attempt 1 of 5) 
HTTP error: 403 Forbidden
Retrying URL: https://www.tvguide.co.uk/channellisting.asp?ch=853&cTime=11%2F08%2F2024%2000%3A00%3A00 (attempt 2 of 5) 
HTTP error: 403 Forbidden
Retrying URL: https://www.tvguide.co.uk/channellisting.asp?ch=853&cTime=11%2F08%2F2024%2000%3A00%3A00 (attempt 3 of 5) 
HTTP error: 403 Forbidden
Retrying URL: https://www.tvguide.co.uk/channellisting.asp?ch=853&cTime=11%2F08%2F2024%2000%3A00%3A00 (attempt 4 of 5) 
HTTP error: 403 Forbidden
Retrying URL: https://www.tvguide.co.uk/channellisting.asp?ch=853&cTime=11%2F08%2F2024%2000%3A00%3A00 (attempt 5 of 5) 
HTTP error: 403 Forbidden
Could not parse the page
[Sat Nov  2 03:49:42 2024] Fetching listings:  56%
HTTP error: 403 Forbidden
Retrying URL: https://www.tvguide.co.uk/channellisting.asp?ch=871&cTime=11%2F07%2F2024%2000%3A00%3A00 (attempt 1 of 5) 
HTTP error: 403 Forbidden
Retrying URL: https://www.tvguide.co.uk/channellisting.asp?ch=871&cTime=11%2F07%2F2024%2000%3A00%3A00 (attempt 2 of 5) 
HTTP error: 403 Forbidden
Retrying URL: https://www.tvguide.co.uk/channellisting.asp?ch=871&cTime=11%2F07%2F2024%2000%3A00%3A00 (attempt 3 of 5) 
HTTP error: 403 Forbidden
Retrying URL: https://www.tvguide.co.uk/channellisting.asp?ch=871&cTime=11%2F07%2F2024%2000%3A00%3A00 (attempt 4 of 5) 
HTTP error: 403 Forbidden
Retrying URL: https://www.tvguide.co.uk/channellisting.asp?ch=871&cTime=11%2F07%2F2024%2000%3A00%3A00 (attempt 5 of 5) 
HTTP error: 403 Forbidden
Could not parse the page
[Sat Nov  2 03:49:55 2024] Fetching listings:  58%
HTTP error: 403 Forbidden
Retrying URL: https://www.tvguide.co.uk/channellisting.asp?ch=871&cTime=11%2F08%2F2024%2000%3A00%3A00 (attempt 1 of 5) 
HTTP error: 403 Forbidden
Retrying URL: https://www.tvguide.co.uk/channellisting.asp?ch=871&cTime=11%2F08%2F2024%2000%3A00%3A00 (attempt 2 of 5) 
HTTP error: 403 Forbidden
Retrying URL: https://www.tvguide.co.uk/channellisting.asp?ch=871&cTime=11%2F08%2F2024%2000%3A00%3A00 (attempt 3 of 5) 
HTTP error: 403 Forbidden
Retrying URL: https://www.tvguide.co.uk/channellisting.asp?ch=871&cTime=11%2F08%2F2024%2000%3A00%3A00 (attempt 4 of 5) 
HTTP error: 403 Forbidden
Retrying URL: https://www.tvguide.co.uk/channellisting.asp?ch=871&cTime=11%2F08%2F2024%2000%3A00%3A00 (attempt 5 of 5) 
HTTP error: 403 Forbidden
Could not parse the page
[Sat Nov  2 03:50:03 2024] Fetching listings:  60%
HTTP error: 403 Forbidden
Retrying URL: https://www.tvguide.co.uk/channellisting.asp?ch=1013&cTime=11%2F07%2F2024%2000%3A00%3A00 (attempt 1 of 5) 
HTTP error: 403 Forbidden
Retrying URL: https://www.tvguide.co.uk/channellisting.asp?ch=1013&cTime=11%2F07%2F2024%2000%3A00%3A00 (attempt 2 of 5) 
HTTP error: 403 Forbidden
Retrying URL: https://www.tvguide.co.uk/channellisting.asp?ch=1013&cTime=11%2F07%2F2024%2000%3A00%3A00 (attempt 3 of 5) 
HTTP error: 403 Forbidden
Retrying URL: https://www.tvguide.co.uk/channellisting.asp?ch=1013&cTime=11%2F07%2F2024%2000%3A00%3A00 (attempt 4 of 5) 
HTTP error: 403 Forbidden
Retrying URL: https://www.tvguide.co.uk/channellisting.asp?ch=1013&cTime=11%2F07%2F2024%2000%3A00%3A00 (attempt 5 of 5) 
HTTP error: 403 Forbidden
Could not parse the page
[Sat Nov  2 03:50:19 2024] Fetching listings:  62%
HTTP error: 403 Forbidden
Retrying URL: https://www.tvguide.co.uk/channellisting.asp?ch=1013&cTime=11%2F08%2F2024%2000%3A00%3A00 (attempt 1 of 5) 
HTTP error: 403 Forbidden
Retrying URL: https://www.tvguide.co.uk/channellisting.asp?ch=1013&cTime=11%2F08%2F2024%2000%3A00%3A00 (attempt 2 of 5) 
HTTP error: 403 Forbidden
Retrying URL: https://www.tvguide.co.uk/channellisting.asp?ch=1013&cTime=11%2F08%2F2024%2000%3A00%3A00 (attempt 3 of 5) 
HTTP error: 403 Forbidden
Retrying URL: https://www.tvguide.co.uk/channellisting.asp?ch=1013&cTime=11%2F08%2F2024%2000%3A00%3A00 (attempt 4 of 5) 
HTTP error: 403 Forbidden
Retrying URL: https://www.tvguide.co.uk/channellisting.asp?ch=1013&cTime=11%2F08%2F2024%2000%3A00%3A00 (attempt 5 of 5) 
HTTP error: 403 Forbidden
Could not parse the page
[Sat Nov  2 03:50:33 2024] Fetching listings:  64%
HTTP error: 403 Forbidden
Retrying URL: https://www.tvguide.co.uk/channellisting.asp?ch=1014&cTime=11%2F07%2F2024%2000%3A00%3A00 (attempt 1 of 5) 
HTTP error: 403 Forbidden
Retrying URL: https://www.tvguide.co.uk/channellisting.asp?ch=1014&cTime=11%2F07%2F2024%2000%3A00%3A00 (attempt 2 of 5) 
HTTP error: 403 Forbidden
Retrying URL: https://www.tvguide.co.uk/channellisting.asp?ch=1014&cTime=11%2F07%2F2024%2000%3A00%3A00 (attempt 3 of 5) 
HTTP error: 403 Forbidden
Retrying URL: https://www.tvguide.co.uk/channellisting.asp?ch=1014&cTime=11%2F07%2F2024%2000%3A00%3A00 (attempt 4 of 5) 
HTTP error: 403 Forbidden
Retrying URL: https://www.tvguide.co.uk/channellisting.asp?ch=1014&cTime=11%2F07%2F2024%2000%3A00%3A00 (attempt 5 of 5) 
HTTP error: 403 Forbidden
Could not parse the page
[Sat Nov  2 03:50:45 2024] Fetching listings:  66%
HTTP error: 403 Forbidden
Retrying URL: https://www.tvguide.co.uk/channellisting.asp?ch=1014&cTime=11%2F08%2F2024%2000%3A00%3A00 (attempt 1 of 5) 
HTTP error: 403 Forbidden
Retrying URL: https://www.tvguide.co.uk/channellisting.asp?ch=1014&cTime=11%2F08%2F2024%2000%3A00%3A00 (attempt 2 of 5) 
HTTP error: 403 Forbidden
Retrying URL: https://www.tvguide.co.uk/channellisting.asp?ch=1014&cTime=11%2F08%2F2024%2000%3A00%3A00 (attempt 3 of 5) 
HTTP error: 403 Forbidden
Retrying URL: https://www.tvguide.co.uk/channellisting.asp?ch=1014&cTime=11%2F08%2F2024%2000%3A00%3A00 (attempt 4 of 5) 
HTTP error: 403 Forbidden
Retrying URL: https://www.tvguide.co.uk/channellisting.asp?ch=1014&cTime=11%2F08%2F2024%2000%3A00%3A00 (attempt 5 of 5) 
HTTP error: 403 Forbidden
Could not parse the page
[Sat Nov  2 03:51:00 2024] Fetching listings:  68%
HTTP error: 403 Forbidden
Retrying URL: https://www.tvguide.co.uk/channellisting.asp?ch=1154&cTime=11%2F07%2F2024%2000%3A00%3A00 (attempt 1 of 5) 
HTTP error: 403 Forbidden
Retrying URL: https://www.tvguide.co.uk/channellisting.asp?ch=1154&cTime=11%2F07%2F2024%2000%3A00%3A00 (attempt 2 of 5) 
HTTP error: 403 Forbidden
Retrying URL: https://www.tvguide.co.uk/channellisting.asp?ch=1154&cTime=11%2F07%2F2024%2000%3A00%3A00 (attempt 3 of 5) 
HTTP error: 403 Forbidden
Retrying URL: https://www.tvguide.co.uk/channellisting.asp?ch=1154&cTime=11%2F07%2F2024%2000%3A00%3A00 (attempt 4 of 5) 
HTTP error: 403 Forbidden
Retrying URL: https://www.tvguide.co.uk/channellisting.asp?ch=1154&cTime=11%2F07%2F2024%2000%3A00%3A00 (attempt 5 of 5) 
HTTP error: 403 Forbidden
Could not parse the page
[Sat Nov  2 03:51:13 2024] Fetching listings:  70%
HTTP error: 403 Forbidden
Retrying URL: https://www.tvguide.co.uk/channellisting.asp?ch=1154&cTime=11%2F08%2F2024%2000%3A00%3A00 (attempt 1 of 5) 
HTTP error: 403 Forbidden
Retrying URL: https://www.tvguide.co.uk/channellisting.asp?ch=1154&cTime=11%2F08%2F2024%2000%3A00%3A00 (attempt 2 of 5) 
HTTP error: 403 Forbidden
Retrying URL: https://www.tvguide.co.uk/channellisting.asp?ch=1154&cTime=11%2F08%2F2024%2000%3A00%3A00 (attempt 3 of 5) 
HTTP error: 403 Forbidden
Retrying URL: https://www.tvguide.co.uk/channellisting.asp?ch=1154&cTime=11%2F08%2F2024%2000%3A00%3A00 (attempt 4 of 5) 
HTTP error: 403 Forbidden
Retrying URL: https://www.tvguide.co.uk/channellisting.asp?ch=1154&cTime=11%2F08%2F2024%2000%3A00%3A00 (attempt 5 of 5) 
HTTP error: 403 Forbidden
Could not parse the page
[Sat Nov  2 03:51:26 2024] Fetching listings:  72%
HTTP error: 403 Forbidden
Retrying URL: https://www.tvguide.co.uk/channellisting.asp?ch=1157&cTime=11%2F07%2F2024%2000%3A00%3A00 (attempt 1 of 5) 
HTTP error: 403 Forbidden
Retrying URL: https://www.tvguide.co.uk/channellisting.asp?ch=1157&cTime=11%2F07%2F2024%2000%3A00%3A00 (attempt 2 of 5) 
HTTP error: 403 Forbidden
Retrying URL: https://www.tvguide.co.uk/channellisting.asp?ch=1157&cTime=11%2F07%2F2024%2000%3A00%3A00 (attempt 3 of 5) 
HTTP error: 403 Forbidden
Retrying URL: https://www.tvguide.co.uk/channellisting.asp?ch=1157&cTime=11%2F07%2F2024%2000%3A00%3A00 (attempt 4 of 5) 
HTTP error: 403 Forbidden
Retrying URL: https://www.tvguide.co.uk/channellisting.asp?ch=1157&cTime=11%2F07%2F2024%2000%3A00%3A00 (attempt 5 of 5) 
HTTP error: 403 Forbidden
Could not parse the page
[Sat Nov  2 03:51:37 2024] Fetching listings:  74%
HTTP error: 403 Forbidden
Retrying URL: https://www.tvguide.co.uk/channellisting.asp?ch=1157&cTime=11%2F08%2F2024%2000%3A00%3A00 (attempt 1 of 5) 
HTTP error: 403 Forbidden
Retrying URL: https://www.tvguide.co.uk/channellisting.asp?ch=1157&cTime=11%2F08%2F2024%2000%3A00%3A00 (attempt 2 of 5) 
HTTP error: 403 Forbidden
Retrying URL: https://www.tvguide.co.uk/channellisting.asp?ch=1157&cTime=11%2F08%2F2024%2000%3A00%3A00 (attempt 3 of 5) 
HTTP error: 403 Forbidden
Retrying URL: https://www.tvguide.co.uk/channellisting.asp?ch=1157&cTime=11%2F08%2F2024%2000%3A00%3A00 (attempt 4 of 5) 
HTTP error: 403 Forbidden
Retrying URL: https://www.tvguide.co.uk/channellisting.asp?ch=1157&cTime=11%2F08%2F2024%2000%3A00%3A00 (attempt 5 of 5) 
HTTP error: 403 Forbidden
Could not parse the page
[Sat Nov  2 03:51:53 2024] Fetching listings:  76%
HTTP error: 403 Forbidden
Retrying URL: https://www.tvguide.co.uk/channellisting.asp?ch=1171&cTime=11%2F07%2F2024%2000%3A00%3A00 (attempt 1 of 5) 
HTTP error: 403 Forbidden
Retrying URL: https://www.tvguide.co.uk/channellisting.asp?ch=1171&cTime=11%2F07%2F2024%2000%3A00%3A00 (attempt 2 of 5) 
HTTP error: 403 Forbidden
Retrying URL: https://www.tvguide.co.uk/channellisting.asp?ch=1171&cTime=11%2F07%2F2024%2000%3A00%3A00 (attempt 3 of 5) 
HTTP error: 403 Forbidden
Retrying URL: https://www.tvguide.co.uk/channellisting.asp?ch=1171&cTime=11%2F07%2F2024%2000%3A00%3A00 (attempt 4 of 5) 
HTTP error: 403 Forbidden
Retrying URL: https://www.tvguide.co.uk/channellisting.asp?ch=1171&cTime=11%2F07%2F2024%2000%3A00%3A00 (attempt 5 of 5) 
HTTP error: 403 Forbidden
Could not parse the page
[Sat Nov  2 03:52:07 2024] Fetching listings:  78%
HTTP error: 403 Forbidden
Retrying URL: https://www.tvguide.co.uk/channellisting.asp?ch=1171&cTime=11%2F08%2F2024%2000%3A00%3A00 (attempt 1 of 5) 
HTTP error: 403 Forbidden
Retrying URL: https://www.tvguide.co.uk/channellisting.asp?ch=1171&cTime=11%2F08%2F2024%2000%3A00%3A00 (attempt 2 of 5) 
HTTP error: 403 Forbidden
Retrying URL: https://www.tvguide.co.uk/channellisting.asp?ch=1171&cTime=11%2F08%2F2024%2000%3A00%3A00 (attempt 3 of 5) 
HTTP error: 403 Forbidden
Retrying URL: https://www.tvguide.co.uk/channellisting.asp?ch=1171&cTime=11%2F08%2F2024%2000%3A00%3A00 (attempt 4 of 5) 
HTTP error: 403 Forbidden
Retrying URL: https://www.tvguide.co.uk/channellisting.asp?ch=1171&cTime=11%2F08%2F2024%2000%3A00%3A00 (attempt 5 of 5) 
HTTP error: 403 Forbidden
Could not parse the page
[Sat Nov  2 03:52:13 2024] Fetching listings:  80%
HTTP error: 403 Forbidden
Retrying URL: https://www.tvguide.co.uk/channellisting.asp?ch=1183&cTime=11%2F07%2F2024%2000%3A00%3A00 (attempt 1 of 5) 
HTTP error: 403 Forbidden
Retrying URL: https://www.tvguide.co.uk/channellisting.asp?ch=1183&cTime=11%2F07%2F2024%2000%3A00%3A00 (attempt 2 of 5) 
HTTP error: 403 Forbidden
Retrying URL: https://www.tvguide.co.uk/channellisting.asp?ch=1183&cTime=11%2F07%2F2024%2000%3A00%3A00 (attempt 3 of 5) 
HTTP error: 403 Forbidden
Retrying URL: https://www.tvguide.co.uk/channellisting.asp?ch=1183&cTime=11%2F07%2F2024%2000%3A00%3A00 (attempt 4 of 5) 
HTTP error: 403 Forbidden
Retrying URL: https://www.tvguide.co.uk/channellisting.asp?ch=1183&cTime=11%2F07%2F2024%2000%3A00%3A00 (attempt 5 of 5) 
HTTP error: 403 Forbidden
Could not parse the page
[Sat Nov  2 03:52:21 2024] Fetching listings:  82%
HTTP error: 403 Forbidden
Retrying URL: https://www.tvguide.co.uk/channellisting.asp?ch=1183&cTime=11%2F08%2F2024%2000%3A00%3A00 (attempt 1 of 5) 
HTTP error: 403 Forbidden
Retrying URL: https://www.tvguide.co.uk/channellisting.asp?ch=1183&cTime=11%2F08%2F2024%2000%3A00%3A00 (attempt 2 of 5) 
HTTP error: 403 Forbidden
Retrying URL: https://www.tvguide.co.uk/channellisting.asp?ch=1183&cTime=11%2F08%2F2024%2000%3A00%3A00 (attempt 3 of 5) 
HTTP error: 403 Forbidden
Retrying URL: https://www.tvguide.co.uk/channellisting.asp?ch=1183&cTime=11%2F08%2F2024%2000%3A00%3A00 (attempt 4 of 5) 
HTTP error: 403 Forbidden
Retrying URL: https://www.tvguide.co.uk/channellisting.asp?ch=1183&cTime=11%2F08%2F2024%2000%3A00%3A00 (attempt 5 of 5) 
HTTP error: 403 Forbidden
Could not parse the page
[Sat Nov  2 03:52:32 2024] Fetching listings:  84%
HTTP error: 403 Forbidden
Retrying URL: https://www.tvguide.co.uk/channellisting.asp?ch=1207&cTime=11%2F07%2F2024%2000%3A00%3A00 (attempt 1 of 5) 
HTTP error: 403 Forbidden
Retrying URL: https://www.tvguide.co.uk/channellisting.asp?ch=1207&cTime=11%2F07%2F2024%2000%3A00%3A00 (attempt 2 of 5) 
HTTP error: 403 Forbidden
Retrying URL: https://www.tvguide.co.uk/channellisting.asp?ch=1207&cTime=11%2F07%2F2024%2000%3A00%3A00 (attempt 3 of 5) 
HTTP error: 403 Forbidden
Retrying URL: https://www.tvguide.co.uk/channellisting.asp?ch=1207&cTime=11%2F07%2F2024%2000%3A00%3A00 (attempt 4 of 5) 
HTTP error: 403 Forbidden
Retrying URL: https://www.tvguide.co.uk/channellisting.asp?ch=1207&cTime=11%2F07%2F2024%2000%3A00%3A00 (attempt 5 of 5) 
HTTP error: 403 Forbidden
Could not parse the page
[Sat Nov  2 03:52:46 2024] Fetching listings:  86%
HTTP error: 403 Forbidden
Retrying URL: https://www.tvguide.co.uk/channellisting.asp?ch=1207&cTime=11%2F08%2F2024%2000%3A00%3A00 (attempt 1 of 5) 
HTTP error: 403 Forbidden
Retrying URL: https://www.tvguide.co.uk/channellisting.asp?ch=1207&cTime=11%2F08%2F2024%2000%3A00%3A00 (attempt 2 of 5) 
HTTP error: 403 Forbidden
Retrying URL: https://www.tvguide.co.uk/channellisting.asp?ch=1207&cTime=11%2F08%2F2024%2000%3A00%3A00 (attempt 3 of 5) 
HTTP error: 403 Forbidden
Retrying URL: https://www.tvguide.co.uk/channellisting.asp?ch=1207&cTime=11%2F08%2F2024%2000%3A00%3A00 (attempt 4 of 5) 
HTTP error: 403 Forbidden
Retrying URL: https://www.tvguide.co.uk/channellisting.asp?ch=1207&cTime=11%2F08%2F2024%2000%3A00%3A00 (attempt 5 of 5) 
HTTP error: 403 Forbidden
Could not parse the page
[Sat Nov  2 03:52:56 2024] Fetching listings:  88%
HTTP error: 403 Forbidden
Retrying URL: https://www.tvguide.co.uk/channellisting.asp?ch=1210&cTime=11%2F07%2F2024%2000%3A00%3A00 (attempt 1 of 5) 
HTTP error: 403 Forbidden
Retrying URL: https://www.tvguide.co.uk/channellisting.asp?ch=1210&cTime=11%2F07%2F2024%2000%3A00%3A00 (attempt 2 of 5) 
HTTP error: 403 Forbidden
Retrying URL: https://www.tvguide.co.uk/channellisting.asp?ch=1210&cTime=11%2F07%2F2024%2000%3A00%3A00 (attempt 3 of 5) 
HTTP error: 403 Forbidden
Retrying URL: https://www.tvguide.co.uk/channellisting.asp?ch=1210&cTime=11%2F07%2F2024%2000%3A00%3A00 (attempt 4 of 5) 
HTTP error: 403 Forbidden
Retrying URL: https://www.tvguide.co.uk/channellisting.asp?ch=1210&cTime=11%2F07%2F2024%2000%3A00%3A00 (attempt 5 of 5) 
HTTP error: 403 Forbidden
Could not parse the page
[Sat Nov  2 03:53:07 2024] Fetching listings:  90%
HTTP error: 403 Forbidden
Retrying URL: https://www.tvguide.co.uk/channellisting.asp?ch=1210&cTime=11%2F08%2F2024%2000%3A00%3A00 (attempt 1 of 5) 
HTTP error: 403 Forbidden
Retrying URL: https://www.tvguide.co.uk/channellisting.asp?ch=1210&cTime=11%2F08%2F2024%2000%3A00%3A00 (attempt 2 of 5) 
HTTP error: 403 Forbidden
Retrying URL: https://www.tvguide.co.uk/channellisting.asp?ch=1210&cTime=11%2F08%2F2024%2000%3A00%3A00 (attempt 3 of 5) 
HTTP error: 403 Forbidden
Retrying URL: https://www.tvguide.co.uk/channellisting.asp?ch=1210&cTime=11%2F08%2F2024%2000%3A00%3A00 (attempt 4 of 5) 
HTTP error: 403 Forbidden
Retrying URL: https://www.tvguide.co.uk/channellisting.asp?ch=1210&cTime=11%2F08%2F2024%2000%3A00%3A00 (attempt 5 of 5) 
HTTP error: 403 Forbidden
Could not parse the page
[Sat Nov  2 03:53:22 2024] Fetching listings:  92%
HTTP error: 403 Forbidden
Retrying URL: https://www.tvguide.co.uk/channellisting.asp?ch=1212&cTime=11%2F07%2F2024%2000%3A00%3A00 (attempt 1 of 5) 
HTTP error: 403 Forbidden
Retrying URL: https://www.tvguide.co.uk/channellisting.asp?ch=1212&cTime=11%2F07%2F2024%2000%3A00%3A00 (attempt 2 of 5) 
HTTP error: 403 Forbidden
Retrying URL: https://www.tvguide.co.uk/channellisting.asp?ch=1212&cTime=11%2F07%2F2024%2000%3A00%3A00 (attempt 3 of 5) 
HTTP error: 403 Forbidden
Retrying URL: https://www.tvguide.co.uk/channellisting.asp?ch=1212&cTime=11%2F07%2F2024%2000%3A00%3A00 (attempt 4 of 5) 
HTTP error: 403 Forbidden
Retrying URL: https://www.tvguide.co.uk/channellisting.asp?ch=1212&cTime=11%2F07%2F2024%2000%3A00%3A00 (attempt 5 of 5) 
HTTP error: 403 Forbidden
Could not parse the page
[Sat Nov  2 03:53:37 2024] Fetching listings:  94%
HTTP error: 403 Forbidden
Retrying URL: https://www.tvguide.co.uk/channellisting.asp?ch=1212&cTime=11%2F08%2F2024%2000%3A00%3A00 (attempt 1 of 5) 
HTTP error: 403 Forbidden
Retrying URL: https://www.tvguide.co.uk/channellisting.asp?ch=1212&cTime=11%2F08%2F2024%2000%3A00%3A00 (attempt 2 of 5) 
HTTP error: 403 Forbidden
Retrying URL: https://www.tvguide.co.uk/channellisting.asp?ch=1212&cTime=11%2F08%2F2024%2000%3A00%3A00 (attempt 3 of 5) 
HTTP error: 403 Forbidden
Retrying URL: https://www.tvguide.co.uk/channellisting.asp?ch=1212&cTime=11%2F08%2F2024%2000%3A00%3A00 (attempt 4 of 5) 
HTTP error: 403 Forbidden
Retrying URL: https://www.tvguide.co.uk/channellisting.asp?ch=1212&cTime=11%2F08%2F2024%2000%3A00%3A00 (attempt 5 of 5) 
HTTP error: 403 Forbidden
Could not parse the page
[Sat Nov  2 03:53:44 2024] Fetching listings:  96%
HTTP error: 403 Forbidden
Retrying URL: https://www.tvguide.co.uk/channellisting.asp?ch=1255&cTime=11%2F07%2F2024%2000%3A00%3A00 (attempt 1 of 5) 
HTTP error: 403 Forbidden
Retrying URL: https://www.tvguide.co.uk/channellisting.asp?ch=1255&cTime=11%2F07%2F2024%2000%3A00%3A00 (attempt 2 of 5) 
HTTP error: 403 Forbidden
Retrying URL: https://www.tvguide.co.uk/channellisting.asp?ch=1255&cTime=11%2F07%2F2024%2000%3A00%3A00 (attempt 3 of 5) 
HTTP error: 403 Forbidden
Retrying URL: https://www.tvguide.co.uk/channellisting.asp?ch=1255&cTime=11%2F07%2F2024%2000%3A00%3A00 (attempt 4 of 5) 
HTTP error: 403 Forbidden
Retrying URL: https://www.tvguide.co.uk/channellisting.asp?ch=1255&cTime=11%2F07%2F2024%2000%3A00%3A00 (attempt 5 of 5) 
HTTP error: 403 Forbidden
Could not parse the page
[Sat Nov  2 03:53:59 2024] Fetching listings:  98%
HTTP error: 403 Forbidden
Retrying URL: https://www.tvguide.co.uk/channellisting.asp?ch=1255&cTime=11%2F08%2F2024%2000%3A00%3A00 (attempt 1 of 5) 
HTTP error: 403 Forbidden
Retrying URL: https://www.tvguide.co.uk/channellisting.asp?ch=1255&cTime=11%2F08%2F2024%2000%3A00%3A00 (attempt 2 of 5) 
HTTP error: 403 Forbidden
Retrying URL: https://www.tvguide.co.uk/channellisting.asp?ch=1255&cTime=11%2F08%2F2024%2000%3A00%3A00 (attempt 3 of 5) 
HTTP error: 403 Forbidden
Retrying URL: https://www.tvguide.co.uk/channellisting.asp?ch=1255&cTime=11%2F08%2F2024%2000%3A00%3A00 (attempt 4 of 5) 
HTTP error: 403 Forbidden
Retrying URL: https://www.tvguide.co.uk/channellisting.asp?ch=1255&cTime=11%2F08%2F2024%2000%3A00%3A00 (attempt 5 of 5) 
HTTP error: 403 Forbidden
Could not parse the page
[Sat Nov  2 03:54:17 2024] Fetching listings: 100%
expected hashref of channels at /usr/share/perl5/XMLTV.pm line 644.
