[Mon Dec 13 23:22:01 2021] Fetching listings:   0%
[Mon Dec 13 23:22:40 2021] Fetching listings:   2%
[Mon Dec 13 23:25:36 2021] Fetching listings:   4%
[Mon Dec 13 23:25:53 2021] Fetching listings:   6%
[Mon Dec 13 23:27:07 2021] Fetching listings:   8%
[Mon Dec 13 23:27:12 2021] Fetching listings:  10%
[Mon Dec 13 23:27:39 2021] Fetching listings:  12%
[Mon Dec 13 23:27:44 2021] Fetching listings:  14%
[Mon Dec 13 23:28:34 2021] Fetching listings:  16%
[Mon Dec 13 23:29:04 2021] Fetching listings:  18%
[Mon Dec 13 23:31:25 2021] Fetching listings:  20%
[Mon Dec 13 23:31:27 2021] Fetching listings:  22%
[Mon Dec 13 23:32:15 2021] Fetching listings:  24%
[Mon Dec 13 23:32:15 2021] Fetching listings:  26%
[Mon Dec 13 23:32:30 2021] Fetching listings:  28%
[Mon Dec 13 23:32:41 2021] Fetching listings:  30%
[Mon Dec 13 23:34:00 2021] Fetching listings:  32%
[Mon Dec 13 23:34:18 2021] Fetching listings:  34%
[Mon Dec 13 23:35:18 2021] Fetching listings:  36%
[Mon Dec 13 23:35:38 2021] Fetching listings:  38%
[Mon Dec 13 23:36:52 2021] Fetching listings:  40%
[Mon Dec 13 23:37:12 2021] Fetching listings:  42%
[Mon Dec 13 23:38:17 2021] Fetching listings:  44%
[Mon Dec 13 23:38:38 2021] Fetching listings:  46%
[Mon Dec 13 23:39:42 2021] Fetching listings:  48%
[Mon Dec 13 23:40:09 2021] Fetching listings:  50%
[Mon Dec 13 23:41:51 2021] Fetching listings:  52%
[Mon Dec 13 23:42:29 2021] Fetching listings:  54%
[Mon Dec 13 23:44:41 2021] Fetching listings:  56%
[Mon Dec 13 23:44:52 2021] Fetching listings:  58%
[Mon Dec 13 23:45:42 2021] Fetching listings:  60%
[Mon Dec 13 23:46:21 2021] Fetching listings:  62%
[Mon Dec 13 23:48:10 2021] Fetching listings:  64%
[Mon Dec 13 23:48:35 2021] Fetching listings:  66%
[Mon Dec 13 23:49:46 2021] Fetching listings:  68%
[Mon Dec 13 23:50:06 2021] Fetching listings:  70%
Unable to retrieve web page for 1154
[Mon Dec 13 23:50:30 2021] Fetching listings:  72%
[Mon Dec 13 23:52:02 2021] Fetching listings:  74%
[Mon Dec 13 23:52:34 2021] Fetching listings:  76%
[Mon Dec 13 23:54:38 2021] Fetching listings:  78%
[Mon Dec 13 23:55:22 2021] Fetching listings:  80%
[Mon Dec 13 23:57:55 2021] Fetching listings:  82%
No schedule found
[Mon Dec 13 23:57:59 2021] Fetching listings:  84%
No schedule found
[Mon Dec 13 23:58:03 2021] Fetching listings:  86%
[Mon Dec 13 23:58:22 2021] Fetching listings:  88%
[Tue Dec 14 00:00:02 2021] Fetching listings:  90%
[Tue Dec 14 00:00:20 2021] Fetching listings:  92%
[Tue Dec 14 00:01:47 2021] Fetching listings:  94%
[Tue Dec 14 00:02:04 2021] Fetching listings:  96%
[Tue Dec 14 00:03:58 2021] Fetching listings:  98%
